#
# A fatal error has been detected by the Java Runtime Environment:
#
#  SIGSEGV (0xb) at pc=0x00007f9174053a06, pid=14298, tid=14299
#
# JRE version: OpenJDK Runtime Environment (19.0+36) (build 19+36-2238)
# Java VM: OpenJDK 64-Bit Server VM (19+36-2238, mixed mode, sharing, tiered, compressed oops, compressed class ptrs, g1 gc, linux-amd64)
# Problematic frame:
# C  [liburing14389103477465127558.so+0x2a06]  io_uring_prep_rw+0x6
#
# No core dump will be written. Core dumps have been disabled. To enable core dumping, try "ulimit -c unlimited" before starting Java again
#
# If you would like to submit a bug report, please visit:
#   https://bugreport.java.com/bugreport/crash.jsp
# The crash happened outside the Java Virtual Machine in native code.
# See problematic frame for where to report the bug.
#

---------------  S U M M A R Y ------------

Command Line: -agentlib:jdwp=transport=dt_socket,address=0.0.0.0:12345,suspend=y,server=y --enable-preview -Dfile.encoding=UTF-8 -Dsun.stdout.encoding=UTF-8 -Dsun.stderr.encoding=UTF-8 iouring.FileOp

Host: Intel(R) Core(TM) i7-8750H CPU @ 2.20GHz, 12 cores, 12G, Ubuntu 20.04.3 LTS
Time: Sun Jan  1 03:04:24 2023 CST elapsed time: 1.113576 seconds (0d 0h 0m 1s)

---------------  T H R E A D  ---------------

Current thread (0x00007f9194028320):  JavaThread "main" [_thread_in_native, id=14299, stack(0x00007f91989d0000,0x00007f9198ad1000)]

Stack: [0x00007f91989d0000,0x00007f9198ad1000],  sp=0x00007f9198acf118,  free space=1020k
Native frames: (J=compiled Java code, j=interpreted, Vv=VM code, C=native code)
C  [liburing14389103477465127558.so+0x2a06]  io_uring_prep_rw+0x6
j  java.lang.invoke.LambdaForm$MH+0x000000080102dc00.invoke(Ljava/lang/Object;JIJIJIJJ)V+22 java.base@19
j  java.lang.invoke.LambdaForm$MH+0x0000000801031400.invokeExact_MT(Ljava/lang/Object;JIJIJIJJLjava/lang/Object;)V+33 java.base@19
j  jdk.internal.foreign.abi.DowncallStub+0x000000080102e000.invoke(Ljava/lang/foreign/SegmentAllocator;Ljava/lang/foreign/Addressable;ILjava/lang/foreign/Addressable;ILjava/lang/foreign/Addressable;IJJ)V+165 java.base@19
j  java.lang.invoke.LambdaForm$DMH+0x000000080102e400.invokeStatic(Ljava/lang/Object;Ljava/lang/Object;Ljava/lang/Object;ILjava/lang/Object;ILjava/lang/Object;IJJ)V+26 java.base@19
j  java.lang.invoke.LambdaForm$MH+0x0000000801030400.invoke(Ljava/lang/Object;ILjava/lang/Object;ILjava/lang/Object;IJ)V+65 java.base@19
j  java.lang.invoke.LambdaForm$MH+0x0000000801030c00.invokeExact_MT(Ljava/lang/Object;ILjava/lang/Object;ILjava/lang/Object;IJLjava/lang/Object;)V+28 java.base@19
j  top.dreamlike.nativeLib.liburing.liburing_h.io_uring_prep_rw(ILjava/lang/foreign/Addressable;ILjava/lang/foreign/Addressable;IJ)V+15
j  top.dreamlike.nativeLib.liburing.liburing_h_1.io_uring_prep_provide_buffers(Ljava/lang/foreign/Addressable;Ljava/lang/foreign/Addressable;IIII)V+10
j  top.dreamlike.async.uring.IOUring.provideBuffer(Ljava/lang/foreign/MemorySegment;IZ)Z+29
j  top.dreamlike.async.uring.IOUring.<init>(II)V+171
j  top.dreamlike.async.uring.IOUring.<init>(I)V+4
j  iouring.FileOp.main([Ljava/lang/String;)V+5
v  ~StubRoutines::call_stub 0x00007f918452fcc6
V  [libjvm.so+0x882925]  JavaCalls::call_helper(JavaValue*, methodHandle const&, JavaCallArguments*, JavaThread*)+0x315
V  [libjvm.so+0x9225ba]  jni_invoke_static(JNIEnv_*, JavaValue*, _jobject*, JNICallType, _jmethodID*, JNI_ArgumentPusher*, JavaThread*) [clone .constprop.1]+0x3ba
V  [libjvm.so+0x9252d2]  jni_CallStaticVoidMethod+0x152
C  [libjli.so+0x468b]  JavaMain+0xd2b
C  [libjli.so+0x7c49]  ThreadJavaMain+0x9

Java frames: (J=compiled Java code, j=interpreted, Vv=VM code)
v  ~RuntimeStub::nep_invoker_blob 0x00007f918469c788
j  java.lang.invoke.LambdaForm$MH+0x000000080102dc00.invoke(Ljava/lang/Object;JIJIJIJJ)V+22 java.base@19
j  java.lang.invoke.LambdaForm$MH+0x0000000801031400.invokeExact_MT(Ljava/lang/Object;JIJIJIJJLjava/lang/Object;)V+33 java.base@19
j  jdk.internal.foreign.abi.DowncallStub+0x000000080102e000.invoke(Ljava/lang/foreign/SegmentAllocator;Ljava/lang/foreign/Addressable;ILjava/lang/foreign/Addressable;ILjava/lang/foreign/Addressable;IJJ)V+165 java.base@19
j  java.lang.invoke.LambdaForm$DMH+0x000000080102e400.invokeStatic(Ljava/lang/Object;Ljava/lang/Object;Ljava/lang/Object;ILjava/lang/Object;ILjava/lang/Object;IJJ)V+26 java.base@19
j  java.lang.invoke.LambdaForm$MH+0x0000000801030400.invoke(Ljava/lang/Object;ILjava/lang/Object;ILjava/lang/Object;IJ)V+65 java.base@19
j  java.lang.invoke.LambdaForm$MH+0x0000000801030c00.invokeExact_MT(Ljava/lang/Object;ILjava/lang/Object;ILjava/lang/Object;IJLjava/lang/Object;)V+28 java.base@19
j  top.dreamlike.nativeLib.liburing.liburing_h.io_uring_prep_rw(ILjava/lang/foreign/Addressable;ILjava/lang/foreign/Addressable;IJ)V+15
j  top.dreamlike.nativeLib.liburing.liburing_h_1.io_uring_prep_provide_buffers(Ljava/lang/foreign/Addressable;Ljava/lang/foreign/Addressable;IIII)V+10
j  top.dreamlike.async.uring.IOUring.provideBuffer(Ljava/lang/foreign/MemorySegment;IZ)Z+29
j  top.dreamlike.async.uring.IOUring.<init>(II)V+171
j  top.dreamlike.async.uring.IOUring.<init>(I)V+4
j  iouring.FileOp.main([Ljava/lang/String;)V+5
v  ~StubRoutines::call_stub 0x00007f918452fcc6

siginfo: si_signo: 11 (SIGSEGV), si_code: 1 (SEGV_MAPERR), si_addr: 0x0000000000000000

Registers:
RAX=0x0000000000000000, RBX=0x000000000000001f, RCX=0x00007f91942ab980, RDX=0x0000000000000001
RSP=0x00007f9198acf118, RBP=0x00007f9198acf120, RSI=0x0000000000000000, RDI=0x000000000000001f
R8 =0x0000000000000400, R9 =0x0000000000000001, R10=0x00007f9174053a00, R11=0x00007f9184af1700
R12=0x0000000000000000, R13=0x000000074600f8b8, R14=0x00007f9198acf290, R15=0x00007f9194028320
RIP=0x00007f9174053a06, EFLAGS=0x0000000000010246, CSGSFS=0x002b000000000033, ERR=0x0000000000000006
  TRAPNO=0x000000000000000e


Register to memory mapping:

RAX=0x0 is NULL
RBX=0x000000000000001f is an unknown value
RCX=0x00007f91942ab980 points into unknown readable memory: 0x0000000000000000 | 00 00 00 00 00 00 00 00
RDX=0x0000000000000001 is an unknown value
RSP=0x00007f9198acf118 is pointing into the stack for thread: 0x00007f9194028320
RBP=0x00007f9198acf120 is pointing into the stack for thread: 0x00007f9194028320
RSI=0x0 is NULL
RDI=0x000000000000001f is an unknown value
R8 =0x0000000000000400 is an unknown value
R9 =0x0000000000000001 is an unknown value
R10=0x00007f9174053a00: io_uring_prep_rw+0x0000000000000000 in /tmp/liburing14389103477465127558.so at 0x00007f9174051000
R11=0x00007f9184af1700 is at entry_point+0 in (nmethod*)0x00007f9184af1590
Compiled method (n/a)    1117  559     n 0       java.lang.invoke.MethodHandle::linkToNative(JIJIJIJJL)V (native)
 total in heap  [0x00007f9184af1590,0x00007f9184af1710] = 384
 main code      [0x00007f9184af1700,0x00007f9184af170c] = 12
 stub code      [0x00007f9184af170c,0x00007f9184af1710] = 4
R12=0x0 is NULL
R13=0x000000074600f8b8 is an oop: jdk.internal.foreign.abi.NativeEntryPoint 
{0x000000074600f8b8} - klass: 'jdk/internal/foreign/abi/NativeEntryPoint'
 - ---- fields (total size 3 words):
 - private final 'methodType' 'Ljava/lang/invoke/MethodType;' @12  a 'java/lang/invoke/MethodType'{0x000000074600ed68} = (JIJIJIJJ)V (e8c01dad)
 - private final 'downcallStubAddress' 'J' @16  140262968510336 (8469c780 7f91)
R14=0x00007f9198acf290 is pointing into the stack for thread: 0x00007f9194028320
R15=0x00007f9194028320 is a thread


Top of Stack: (sp=0x00007f9198acf118)
0x00007f9198acf118:   00007f918469c7d5 00007f9198acf210
0x00007f9198acf128:   00007f918454a6d2 0000000000000001
0x00007f9198acf138:   0000000000000000 000000074600f8b8
0x00007f9198acf148:   00007f9194028320 00007f918454a6d2 

Instructions: (pc=0x00007f9174053a06)
0x00007f9174053906:   48 33 04 25 28 00 00 00 75 0e 48 81 c4 e8 00 00
0x00007f9174053916:   00 4c 89 e0 5d 41 5c c3 e8 ed f8 ff ff 66 66 2e
0x00007f9174053926:   0f 1f 84 00 00 00 00 00 66 90 f3 0f 1e fa e9 77
0x00007f9174053936:   f8 ff ff 0f 1f 80 00 00 00 00 f3 0f 1e fa 41 54
0x00007f9174053946:   53 48 63 de 48 83 ec 08 e8 7d f9 ff ff 44 0f b7
0x00007f9174053956:   64 d8 12 48 89 c7 e8 bf f8 ff ff 48 83 c4 08 41
0x00007f9174053966:   83 e4 01 5b 44 89 e0 41 5c c3 8b 8f c0 00 00 00
0x00007f9174053976:   83 e1 02 75 3d 85 d2 75 31 89 c8 83 c8 01 f6 87
0x00007f9174053986:   c0 00 00 00 01 0f 45 c8 48 83 ec 08 8b bf c4 00
0x00007f9174053996:   00 00 45 31 c0 e8 d0 06 00 00 85 c0 78 2c 48 83
0x00007f91740539a6:   c4 08 c3 0f 1f 80 00 00 00 00 83 c9 01 eb d9 0f
0x00007f91740539b6:   1f 00 48 8b 47 20 8b 00 a8 01 75 2e 85 d2 75 1a
0x00007f91740539c6:   89 f0 c3 0f 1f 80 00 00 00 00 e8 eb f7 ff ff 8b
0x00007f91740539d6:   00 48 83 c4 08 f7 d8 c3 66 90 b9 01 00 00 00 eb
0x00007f91740539e6:   a7 66 0f 1f 84 00 00 00 00 00 b9 02 00 00 00 eb
0x00007f91740539f6:   84 66 0f 1f 84 00 00 00 00 00 f3 0f 1e fa 31 c0
0x00007f9174053a06:   40 88 3e c6 46 01 00 66 89 46 02 89 56 04 4c 89
0x00007f9174053a16:   4e 08 48 89 4e 10 44 89 46 18 c7 46 1c 00 00 00
0x00007f9174053a26:   00 48 c7 46 20 00 00 00 00 48 c7 46 38 00 00 00
0x00007f9174053a36:   00 48 c7 46 30 00 00 00 00 48 c7 46 28 00 00 00
0x00007f9174053a46:   00 c3 0f 1f 84 00 00 00 00 00 f3 0f 1e fa 85 f6
0x00007f9174053a56:   75 08 c3 0f 1f 80 00 00 00 00 48 8b 47 68 03 30
0x00007f9174053a66:   89 30 c3 0f 1f 80 00 00 00 00 41 57 41 56 41 55
0x00007f9174053a76:   49 89 d5 41 54 49 89 f4 55 48 89 fd 53 48 83 ec
0x00007f9174053a86:   08 66 0f 1f 84 00 00 00 00 00 48 8b 45 78 44 8b
0x00007f9174053a96:   38 48 8b 45 70 8b 00 48 8b 55 68 8b 1a 29 d8 74
0x00007f9174053aa6:   59 44 21 fb 48 c1 e3 04 48 03 9d 98 00 00 00 f6
0x00007f9174053ab6:   85 c9 00 00 00 01 0f 85 c6 00 00 00 48 83 3b ff
0x00007f9174053ac6:   0f 85 c5 00 00 00 44 8b 73 08 be 01 00 00 00 48
0x00007f9174053ad6:   89 ef 45 85 f6 0f 88 cf 00 00 00 e8 ea f6 ff ff
0x00007f9174053ae6:   48 8b 45 70 8b 00 48 8b 55 68 8b 1a 29 d8 75 b1
0x00007f9174053af6:   66 2e 0f 1f 84 00 00 00 00 00 49 83 7d 00 00 0f 


Stack slot to memory mapping:
stack at sp + 0 slots: 0x00007f918469c7d5 is at code_begin+85 in 
[CodeBlob (0x00007f918469c710)]
Framesize: 2
Runtime Stub (0x00007f918469c710): nep_invoker_blob
--------------------------------------------------------------------------------
Decoding CodeBlob, name: nep_invoker_blob, at  [0x00007f918469c780, 0x00007f918469c888]  264 bytes
[MachCode]
  0x00007f918469c780: 5548 8bec | 4883 ec00 | c5f8 7749 | 89af d002 | 0000 49ba | 88c7 6984 | 917f 0000 | 4d89 97c8 
  0x00007f918469c7a0: 0200 0049 | 89a7 c002 | 0000 41c7 | 8774 0300 | 0004 0000 | 0048 8b45 | 184c 8bd6 | 488b f149 
  0x00007f918469c7c0: 8bc9 4c8b | 4d10 488b | da49 8bd0 | 4c8b c748 | 8bfb 41ff | d2c5 f877 | 41c7 8774 | 0300 0005 
  0x00007f918469c7e0: 0000 00f0 | 8344 24c0 | 0049 3baf | 7803 0000 | 0f87 5300 | 0000 4181 | bf70 0300 | 0000 0000 
  0x00007f918469c800: 000f 8542 | 0000 0041 | c787 7403 | 0000 0800 | 0000 4181 | bfe8 0300 | 0002 0000 | 000f 8444 
  0x00007f918469c820: 0000 0049 | c787 c002 | 0000 0000 | 0000 49c7 | 87d0 0200 | 0000 0000 | 0049 c787 | c802 0000 
  0x00007f918469c840: 0000 0000 | c5f8 77c9 | c3c5 f877 | 498b ff4c | 8be4 4883 | ec00 4883 | e4f0 e871 | d53c 1549 
  0x00007f918469c860: 8be4 4d33 | e4eb a0c5 | f877 4c8b | e448 83ec | 0048 83e4 | f0e8 f663 | 2d15 498b | e44d 33e4 
  0x00007f918469c880: eba1 f4f4 | f4f4 f4f4 
[/MachCode]
--------------------------------------------------------------------------------
stack at sp + 1 slots: 0x00007f9198acf210 is pointing into the stack for thread: 0x00007f9194028320
stack at sp + 2 slots: 0x00007f918454a6d2 is at code_begin+2802 in an Interpreter codelet
return entry points  [0x00007f9184549be0, 0x00007f918454b748]  7016 bytes
stack at sp + 3 slots: 0x0000000000000001 is an unknown value
stack at sp + 4 slots: 0x0 is NULL
stack at sp + 5 slots: 0x000000074600f8b8 is an oop: jdk.internal.foreign.abi.NativeEntryPoint 
{0x000000074600f8b8} - klass: 'jdk/internal/foreign/abi/NativeEntryPoint'
 - ---- fields (total size 3 words):
 - private final 'methodType' 'Ljava/lang/invoke/MethodType;' @12  a 'java/lang/invoke/MethodType'{0x000000074600ed68} = (JIJIJIJJ)V (e8c01dad)
 - private final 'downcallStubAddress' 'J' @16  140262968510336 (8469c780 7f91)
stack at sp + 6 slots: 0x00007f9194028320 is a thread
stack at sp + 7 slots: 0x00007f918454a6d2 is at code_begin+2802 in an Interpreter codelet
return entry points  [0x00007f9184549be0, 0x00007f918454b748]  7016 bytes

--------------------------------------------------------------------------------
Decoding CodeBlob, name: nep_invoker_blob, at  [0x00007f918469c780, 0x00007f918469c888]  264 bytes
[MachCode]
  0x00007f918469c780: 5548 8bec | 4883 ec00 | c5f8 7749 | 89af d002 | 0000 49ba | 88c7 6984 | 917f 0000 | 4d89 97c8 
  0x00007f918469c7a0: 0200 0049 | 89a7 c002 | 0000 41c7 | 8774 0300 | 0004 0000 | 0048 8b45 | 184c 8bd6 | 488b f149 
  0x00007f918469c7c0: 8bc9 4c8b | 4d10 488b | da49 8bd0 | 4c8b c748 | 8bfb 41ff | d2c5 f877 | 41c7 8774 | 0300 0005 
  0x00007f918469c7e0: 0000 00f0 | 8344 24c0 | 0049 3baf | 7803 0000 | 0f87 5300 | 0000 4181 | bf70 0300 | 0000 0000 
  0x00007f918469c800: 000f 8542 | 0000 0041 | c787 7403 | 0000 0800 | 0000 4181 | bfe8 0300 | 0002 0000 | 000f 8444 
  0x00007f918469c820: 0000 0049 | c787 c002 | 0000 0000 | 0000 49c7 | 87d0 0200 | 0000 0000 | 0049 c787 | c802 0000 
  0x00007f918469c840: 0000 0000 | c5f8 77c9 | c3c5 f877 | 498b ff4c | 8be4 4883 | ec00 4883 | e4f0 e871 | d53c 1549 
  0x00007f918469c860: 8be4 4d33 | e4eb a0c5 | f877 4c8b | e448 83ec | 0048 83e4 | f0e8 f663 | 2d15 498b | e44d 33e4 
  0x00007f918469c880: eba1 f4f4 | f4f4 f4f4 
[/MachCode]
--------------------------------------------------------------------------------


---------------  P R O C E S S  ---------------

Threads class SMR info:
_java_thread_list=0x00007f9194180ed0, length=14, elements={
0x00007f9194028320, 0x00007f919414d300, 0x00007f919414e6c0, 0x00007f919414fe20,
0x00007f91941512a0, 0x00007f9194152710, 0x00007f9194154120, 0x00007f91941556b0,
0x00007f919415eb70, 0x00007f9194176ac0, 0x00007f919417ac80, 0x00007f912c000ff0,
0x00007f919417be00, 0x00007f9194180010
}

Java Threads: ( => current thread )
=>0x00007f9194028320 JavaThread "main" [_thread_in_native, id=14299, stack(0x00007f91989d0000,0x00007f9198ad1000)]
  0x00007f919414d300 JavaThread "Reference Handler" daemon [_thread_blocked, id=14306, stack(0x00007f9165eff000,0x00007f9166000000)]
  0x00007f919414e6c0 JavaThread "Finalizer" daemon [_thread_blocked, id=14307, stack(0x00007f9165dfe000,0x00007f9165eff000)]
  0x00007f919414fe20 JavaThread "Signal Dispatcher" daemon [_thread_blocked, id=14308, stack(0x00007f9165cfd000,0x00007f9165dfe000)]
  0x00007f91941512a0 JavaThread "Service Thread" daemon [_thread_blocked, id=14309, stack(0x00007f9165bfc000,0x00007f9165cfd000)]
  0x00007f9194152710 JavaThread "Monitor Deflation Thread" daemon [_thread_blocked, id=14310, stack(0x00007f9165afb000,0x00007f9165bfc000)]
  0x00007f9194154120 JavaThread "C2 CompilerThread0" daemon [_thread_blocked, id=14311, stack(0x00007f91659fa000,0x00007f9165afb000)]
  0x00007f91941556b0 JavaThread "C1 CompilerThread0" daemon [_thread_blocked, id=14312, stack(0x00007f91658f9000,0x00007f91659fa000)]
  0x00007f919415eb70 JavaThread "Sweeper thread" daemon [_thread_blocked, id=14313, stack(0x00007f91657f8000,0x00007f91658f9000)]
  0x00007f9194176ac0 JavaThread "JDWP Transport Listener: dt_socket" daemon [_thread_blocked, id=14314, stack(0x00007f91656f7000,0x00007f91657f8000)]
  0x00007f919417ac80 JavaThread "JDWP Event Helper Thread" daemon [_thread_blocked, id=14315, stack(0x00007f91655f6000,0x00007f91656f7000)]
  0x00007f912c000ff0 JavaThread "JDWP Command Reader" daemon [_thread_in_native, id=14339, stack(0x00007f91654f5000,0x00007f91655f6000)]
  0x00007f919417be00 JavaThread "Notification Thread" daemon [_thread_blocked, id=14340, stack(0x00007f91653f4000,0x00007f91654f5000)]
  0x00007f9194180010 JavaThread "Common-Cleaner" daemon [_thread_blocked, id=14342, stack(0x00007f91651f1000,0x00007f91652f2000)]

Other Threads:
  0x00007f9194142bb0 VMThread "VM Thread" [stack: 0x00007f9174510000,0x00007f9174610000] [id=14305]
  0x00007f919417d6b0 WatcherThread "VM Periodic Task Thread" [stack: 0x00007f91652f4000,0x00007f91653f4000] [id=14341]
  0x00007f9194087900 WorkerThread "GC Thread#0" [stack: 0x00007f9175611000,0x00007f9175711000] [id=14300]
  0x00007f9194095510 ConcurrentGCThread "G1 Main Marker" [stack: 0x00007f917550f000,0x00007f917560f000] [id=14301]
  0x00007f9194096430 WorkerThread "G1 Conc#0" [stack: 0x00007f917540d000,0x00007f917550d000] [id=14302]
  0x00007f9194027310 ConcurrentGCThread "G1 Refine#0" [stack: 0x00007f9174901000,0x00007f9174a01000] [id=14303]
  0x00007f9194116560 ConcurrentGCThread "G1 Service" [stack: 0x00007f91747ff000,0x00007f91748ff000] [id=14304]

Threads with active compile tasks:

VM state: not at safepoint (normal execution)

VM Mutex/Monitor currently owned by a thread: None

Heap address: 0x000000073a200000, size: 3166 MB, Compressed Oops mode: Zero based, Oop shift amount: 3

CDS archive(s) mapped at: [0x0000000800000000-0x0000000800c4e000-0x0000000800c4e000), size 12902400, SharedBaseAddress: 0x0000000800000000, ArchiveRelocationMode: 0.
Compressed class space mapped at: 0x0000000801000000-0x0000000841000000, reserved size: 1073741824
Narrow klass base: 0x0000000800000000, Narrow klass shift: 0, Narrow klass range: 0x100000000

GC Precious Log:
 CardTable entry size: 512
 Card Set container configuration: InlinePtr #cards 4 size 8 Array Of Cards #cards 8 size 32 Howl #buckets 8 coarsen threshold 3686 Howl Bitmap #cards 512 size 80 coarsen threshold 460 Card regions per heap region 1 cards per card region 4096
 CPUs: 12 total, 12 available
 Memory: 12658M
 Large Page Support: Disabled
 NUMA Support: Disabled
 Compressed Oops: Enabled (Zero based)
 Heap Region Size: 2M
 Heap Min Capacity: 8M
 Heap Initial Capacity: 198M
 Heap Max Capacity: 3166M
 Pre-touch: Disabled
 Parallel Workers: 10
 Concurrent Workers: 3
 Concurrent Refinement Workers: 10
 Periodic GC: Disabled

Heap:
 garbage-first heap   total 206848K, used 8160K [0x000000073a200000, 0x0000000800000000)
  region size 2048K, 4 young (8192K), 0 survivors (0K)
 Metaspace       used 2981K, committed 3328K, reserved 1114112K
  class space    used 301K, committed 512K, reserved 1048576K

Heap Regions: E=young(eden), S=young(survivor), O=old, HS=humongous(starts), HC=humongous(continues), CS=collection set, F=free, OA=open archive, CA=closed archive, TAMS=top-at-mark-start (previous, next)
|   0|0x000000073a200000, 0x000000073a200000, 0x000000073a400000|  0%| F|  |TAMS 0x000000073a200000, 0x000000073a200000| Untracked 
|   1|0x000000073a400000, 0x000000073a400000, 0x000000073a600000|  0%| F|  |TAMS 0x000000073a400000, 0x000000073a400000| Untracked 
|   2|0x000000073a600000, 0x000000073a600000, 0x000000073a800000|  0%| F|  |TAMS 0x000000073a600000, 0x000000073a600000| Untracked 
|   3|0x000000073a800000, 0x000000073a800000, 0x000000073aa00000|  0%| F|  |TAMS 0x000000073a800000, 0x000000073a800000| Untracked 
|   4|0x000000073aa00000, 0x000000073aa00000, 0x000000073ac00000|  0%| F|  |TAMS 0x000000073aa00000, 0x000000073aa00000| Untracked 
|   5|0x000000073ac00000, 0x000000073ac00000, 0x000000073ae00000|  0%| F|  |TAMS 0x000000073ac00000, 0x000000073ac00000| Untracked 
|   6|0x000000073ae00000, 0x000000073ae00000, 0x000000073b000000|  0%| F|  |TAMS 0x000000073ae00000, 0x000000073ae00000| Untracked 
|   7|0x000000073b000000, 0x000000073b000000, 0x000000073b200000|  0%| F|  |TAMS 0x000000073b000000, 0x000000073b000000| Untracked 
|   8|0x000000073b200000, 0x000000073b200000, 0x000000073b400000|  0%| F|  |TAMS 0x000000073b200000, 0x000000073b200000| Untracked 
|   9|0x000000073b400000, 0x000000073b400000, 0x000000073b600000|  0%| F|  |TAMS 0x000000073b400000, 0x000000073b400000| Untracked 
|  10|0x000000073b600000, 0x000000073b600000, 0x000000073b800000|  0%| F|  |TAMS 0x000000073b600000, 0x000000073b600000| Untracked 
|  11|0x000000073b800000, 0x000000073b800000, 0x000000073ba00000|  0%| F|  |TAMS 0x000000073b800000, 0x000000073b800000| Untracked 
|  12|0x000000073ba00000, 0x000000073ba00000, 0x000000073bc00000|  0%| F|  |TAMS 0x000000073ba00000, 0x000000073ba00000| Untracked 
|  13|0x000000073bc00000, 0x000000073bc00000, 0x000000073be00000|  0%| F|  |TAMS 0x000000073bc00000, 0x000000073bc00000| Untracked 
|  14|0x000000073be00000, 0x000000073be00000, 0x000000073c000000|  0%| F|  |TAMS 0x000000073be00000, 0x000000073be00000| Untracked 
|  15|0x000000073c000000, 0x000000073c000000, 0x000000073c200000|  0%| F|  |TAMS 0x000000073c000000, 0x000000073c000000| Untracked 
|  16|0x000000073c200000, 0x000000073c200000, 0x000000073c400000|  0%| F|  |TAMS 0x000000073c200000, 0x000000073c200000| Untracked 
|  17|0x000000073c400000, 0x000000073c400000, 0x000000073c600000|  0%| F|  |TAMS 0x000000073c400000, 0x000000073c400000| Untracked 
|  18|0x000000073c600000, 0x000000073c600000, 0x000000073c800000|  0%| F|  |TAMS 0x000000073c600000, 0x000000073c600000| Untracked 
|  19|0x000000073c800000, 0x000000073c800000, 0x000000073ca00000|  0%| F|  |TAMS 0x000000073c800000, 0x000000073c800000| Untracked 
|  20|0x000000073ca00000, 0x000000073ca00000, 0x000000073cc00000|  0%| F|  |TAMS 0x000000073ca00000, 0x000000073ca00000| Untracked 
|  21|0x000000073cc00000, 0x000000073cc00000, 0x000000073ce00000|  0%| F|  |TAMS 0x000000073cc00000, 0x000000073cc00000| Untracked 
|  22|0x000000073ce00000, 0x000000073ce00000, 0x000000073d000000|  0%| F|  |TAMS 0x000000073ce00000, 0x000000073ce00000| Untracked 
|  23|0x000000073d000000, 0x000000073d000000, 0x000000073d200000|  0%| F|  |TAMS 0x000000073d000000, 0x000000073d000000| Untracked 
|  24|0x000000073d200000, 0x000000073d200000, 0x000000073d400000|  0%| F|  |TAMS 0x000000073d200000, 0x000000073d200000| Untracked 
|  25|0x000000073d400000, 0x000000073d400000, 0x000000073d600000|  0%| F|  |TAMS 0x000000073d400000, 0x000000073d400000| Untracked 
|  26|0x000000073d600000, 0x000000073d600000, 0x000000073d800000|  0%| F|  |TAMS 0x000000073d600000, 0x000000073d600000| Untracked 
|  27|0x000000073d800000, 0x000000073d800000, 0x000000073da00000|  0%| F|  |TAMS 0x000000073d800000, 0x000000073d800000| Untracked 
|  28|0x000000073da00000, 0x000000073da00000, 0x000000073dc00000|  0%| F|  |TAMS 0x000000073da00000, 0x000000073da00000| Untracked 
|  29|0x000000073dc00000, 0x000000073dc00000, 0x000000073de00000|  0%| F|  |TAMS 0x000000073dc00000, 0x000000073dc00000| Untracked 
|  30|0x000000073de00000, 0x000000073de00000, 0x000000073e000000|  0%| F|  |TAMS 0x000000073de00000, 0x000000073de00000| Untracked 
|  31|0x000000073e000000, 0x000000073e000000, 0x000000073e200000|  0%| F|  |TAMS 0x000000073e000000, 0x000000073e000000| Untracked 
|  32|0x000000073e200000, 0x000000073e200000, 0x000000073e400000|  0%| F|  |TAMS 0x000000073e200000, 0x000000073e200000| Untracked 
|  33|0x000000073e400000, 0x000000073e400000, 0x000000073e600000|  0%| F|  |TAMS 0x000000073e400000, 0x000000073e400000| Untracked 
|  34|0x000000073e600000, 0x000000073e600000, 0x000000073e800000|  0%| F|  |TAMS 0x000000073e600000, 0x000000073e600000| Untracked 
|  35|0x000000073e800000, 0x000000073e800000, 0x000000073ea00000|  0%| F|  |TAMS 0x000000073e800000, 0x000000073e800000| Untracked 
|  36|0x000000073ea00000, 0x000000073ea00000, 0x000000073ec00000|  0%| F|  |TAMS 0x000000073ea00000, 0x000000073ea00000| Untracked 
|  37|0x000000073ec00000, 0x000000073ec00000, 0x000000073ee00000|  0%| F|  |TAMS 0x000000073ec00000, 0x000000073ec00000| Untracked 
|  38|0x000000073ee00000, 0x000000073ee00000, 0x000000073f000000|  0%| F|  |TAMS 0x000000073ee00000, 0x000000073ee00000| Untracked 
|  39|0x000000073f000000, 0x000000073f000000, 0x000000073f200000|  0%| F|  |TAMS 0x000000073f000000, 0x000000073f000000| Untracked 
|  40|0x000000073f200000, 0x000000073f200000, 0x000000073f400000|  0%| F|  |TAMS 0x000000073f200000, 0x000000073f200000| Untracked 
|  41|0x000000073f400000, 0x000000073f400000, 0x000000073f600000|  0%| F|  |TAMS 0x000000073f400000, 0x000000073f400000| Untracked 
|  42|0x000000073f600000, 0x000000073f600000, 0x000000073f800000|  0%| F|  |TAMS 0x000000073f600000, 0x000000073f600000| Untracked 
|  43|0x000000073f800000, 0x000000073f800000, 0x000000073fa00000|  0%| F|  |TAMS 0x000000073f800000, 0x000000073f800000| Untracked 
|  44|0x000000073fa00000, 0x000000073fa00000, 0x000000073fc00000|  0%| F|  |TAMS 0x000000073fa00000, 0x000000073fa00000| Untracked 
|  45|0x000000073fc00000, 0x000000073fc00000, 0x000000073fe00000|  0%| F|  |TAMS 0x000000073fc00000, 0x000000073fc00000| Untracked 
|  46|0x000000073fe00000, 0x000000073fe00000, 0x0000000740000000|  0%| F|  |TAMS 0x000000073fe00000, 0x000000073fe00000| Untracked 
|  47|0x0000000740000000, 0x0000000740000000, 0x0000000740200000|  0%| F|  |TAMS 0x0000000740000000, 0x0000000740000000| Untracked 
|  48|0x0000000740200000, 0x0000000740200000, 0x0000000740400000|  0%| F|  |TAMS 0x0000000740200000, 0x0000000740200000| Untracked 
|  49|0x0000000740400000, 0x0000000740400000, 0x0000000740600000|  0%| F|  |TAMS 0x0000000740400000, 0x0000000740400000| Untracked 
|  50|0x0000000740600000, 0x0000000740600000, 0x0000000740800000|  0%| F|  |TAMS 0x0000000740600000, 0x0000000740600000| Untracked 
|  51|0x0000000740800000, 0x0000000740800000, 0x0000000740a00000|  0%| F|  |TAMS 0x0000000740800000, 0x0000000740800000| Untracked 
|  52|0x0000000740a00000, 0x0000000740a00000, 0x0000000740c00000|  0%| F|  |TAMS 0x0000000740a00000, 0x0000000740a00000| Untracked 
|  53|0x0000000740c00000, 0x0000000740c00000, 0x0000000740e00000|  0%| F|  |TAMS 0x0000000740c00000, 0x0000000740c00000| Untracked 
|  54|0x0000000740e00000, 0x0000000740e00000, 0x0000000741000000|  0%| F|  |TAMS 0x0000000740e00000, 0x0000000740e00000| Untracked 
|  55|0x0000000741000000, 0x0000000741000000, 0x0000000741200000|  0%| F|  |TAMS 0x0000000741000000, 0x0000000741000000| Untracked 
|  56|0x0000000741200000, 0x0000000741200000, 0x0000000741400000|  0%| F|  |TAMS 0x0000000741200000, 0x0000000741200000| Untracked 
|  57|0x0000000741400000, 0x0000000741400000, 0x0000000741600000|  0%| F|  |TAMS 0x0000000741400000, 0x0000000741400000| Untracked 
|  58|0x0000000741600000, 0x0000000741600000, 0x0000000741800000|  0%| F|  |TAMS 0x0000000741600000, 0x0000000741600000| Untracked 
|  59|0x0000000741800000, 0x0000000741800000, 0x0000000741a00000|  0%| F|  |TAMS 0x0000000741800000, 0x0000000741800000| Untracked 
|  60|0x0000000741a00000, 0x0000000741a00000, 0x0000000741c00000|  0%| F|  |TAMS 0x0000000741a00000, 0x0000000741a00000| Untracked 
|  61|0x0000000741c00000, 0x0000000741c00000, 0x0000000741e00000|  0%| F|  |TAMS 0x0000000741c00000, 0x0000000741c00000| Untracked 
|  62|0x0000000741e00000, 0x0000000741e00000, 0x0000000742000000|  0%| F|  |TAMS 0x0000000741e00000, 0x0000000741e00000| Untracked 
|  63|0x0000000742000000, 0x0000000742000000, 0x0000000742200000|  0%| F|  |TAMS 0x0000000742000000, 0x0000000742000000| Untracked 
|  64|0x0000000742200000, 0x0000000742200000, 0x0000000742400000|  0%| F|  |TAMS 0x0000000742200000, 0x0000000742200000| Untracked 
|  65|0x0000000742400000, 0x0000000742400000, 0x0000000742600000|  0%| F|  |TAMS 0x0000000742400000, 0x0000000742400000| Untracked 
|  66|0x0000000742600000, 0x0000000742600000, 0x0000000742800000|  0%| F|  |TAMS 0x0000000742600000, 0x0000000742600000| Untracked 
|  67|0x0000000742800000, 0x0000000742800000, 0x0000000742a00000|  0%| F|  |TAMS 0x0000000742800000, 0x0000000742800000| Untracked 
|  68|0x0000000742a00000, 0x0000000742a00000, 0x0000000742c00000|  0%| F|  |TAMS 0x0000000742a00000, 0x0000000742a00000| Untracked 
|  69|0x0000000742c00000, 0x0000000742c00000, 0x0000000742e00000|  0%| F|  |TAMS 0x0000000742c00000, 0x0000000742c00000| Untracked 
|  70|0x0000000742e00000, 0x0000000742e00000, 0x0000000743000000|  0%| F|  |TAMS 0x0000000742e00000, 0x0000000742e00000| Untracked 
|  71|0x0000000743000000, 0x0000000743000000, 0x0000000743200000|  0%| F|  |TAMS 0x0000000743000000, 0x0000000743000000| Untracked 
|  72|0x0000000743200000, 0x0000000743200000, 0x0000000743400000|  0%| F|  |TAMS 0x0000000743200000, 0x0000000743200000| Untracked 
|  73|0x0000000743400000, 0x0000000743400000, 0x0000000743600000|  0%| F|  |TAMS 0x0000000743400000, 0x0000000743400000| Untracked 
|  74|0x0000000743600000, 0x0000000743600000, 0x0000000743800000|  0%| F|  |TAMS 0x0000000743600000, 0x0000000743600000| Untracked 
|  75|0x0000000743800000, 0x0000000743800000, 0x0000000743a00000|  0%| F|  |TAMS 0x0000000743800000, 0x0000000743800000| Untracked 
|  76|0x0000000743a00000, 0x0000000743a00000, 0x0000000743c00000|  0%| F|  |TAMS 0x0000000743a00000, 0x0000000743a00000| Untracked 
|  77|0x0000000743c00000, 0x0000000743c00000, 0x0000000743e00000|  0%| F|  |TAMS 0x0000000743c00000, 0x0000000743c00000| Untracked 
|  78|0x0000000743e00000, 0x0000000743e00000, 0x0000000744000000|  0%| F|  |TAMS 0x0000000743e00000, 0x0000000743e00000| Untracked 
|  79|0x0000000744000000, 0x0000000744000000, 0x0000000744200000|  0%| F|  |TAMS 0x0000000744000000, 0x0000000744000000| Untracked 
|  80|0x0000000744200000, 0x0000000744200000, 0x0000000744400000|  0%| F|  |TAMS 0x0000000744200000, 0x0000000744200000| Untracked 
|  81|0x0000000744400000, 0x0000000744400000, 0x0000000744600000|  0%| F|  |TAMS 0x0000000744400000, 0x0000000744400000| Untracked 
|  82|0x0000000744600000, 0x0000000744600000, 0x0000000744800000|  0%| F|  |TAMS 0x0000000744600000, 0x0000000744600000| Untracked 
|  83|0x0000000744800000, 0x0000000744800000, 0x0000000744a00000|  0%| F|  |TAMS 0x0000000744800000, 0x0000000744800000| Untracked 
|  84|0x0000000744a00000, 0x0000000744a00000, 0x0000000744c00000|  0%| F|  |TAMS 0x0000000744a00000, 0x0000000744a00000| Untracked 
|  85|0x0000000744c00000, 0x0000000744c00000, 0x0000000744e00000|  0%| F|  |TAMS 0x0000000744c00000, 0x0000000744c00000| Untracked 
|  86|0x0000000744e00000, 0x0000000744e00000, 0x0000000745000000|  0%| F|  |TAMS 0x0000000744e00000, 0x0000000744e00000| Untracked 
|  87|0x0000000745000000, 0x0000000745000000, 0x0000000745200000|  0%| F|  |TAMS 0x0000000745000000, 0x0000000745000000| Untracked 
|  88|0x0000000745200000, 0x0000000745200000, 0x0000000745400000|  0%| F|  |TAMS 0x0000000745200000, 0x0000000745200000| Untracked 
|  89|0x0000000745400000, 0x0000000745400000, 0x0000000745600000|  0%| F|  |TAMS 0x0000000745400000, 0x0000000745400000| Untracked 
|  90|0x0000000745600000, 0x0000000745600000, 0x0000000745800000|  0%| F|  |TAMS 0x0000000745600000, 0x0000000745600000| Untracked 
|  91|0x0000000745800000, 0x0000000745800000, 0x0000000745a00000|  0%| F|  |TAMS 0x0000000745800000, 0x0000000745800000| Untracked 
|  92|0x0000000745a00000, 0x0000000745a00000, 0x0000000745c00000|  0%| F|  |TAMS 0x0000000745a00000, 0x0000000745a00000| Untracked 
|  93|0x0000000745c00000, 0x0000000745c00000, 0x0000000745e00000|  0%| F|  |TAMS 0x0000000745c00000, 0x0000000745c00000| Untracked 
|  94|0x0000000745e00000, 0x0000000745e00000, 0x0000000746000000|  0%| F|  |TAMS 0x0000000745e00000, 0x0000000745e00000| Untracked 
|  95|0x0000000746000000, 0x00000007460e1cc8, 0x0000000746200000| 44%| E|  |TAMS 0x0000000746000000, 0x0000000746000000| Complete 
|  96|0x0000000746200000, 0x0000000746400000, 0x0000000746400000|100%| E|CS|TAMS 0x0000000746200000, 0x0000000746200000| Complete 
|  97|0x0000000746400000, 0x0000000746600000, 0x0000000746600000|100%| E|CS|TAMS 0x0000000746400000, 0x0000000746400000| Complete 
|  98|0x0000000746600000, 0x0000000746800000, 0x0000000746800000|100%| E|CS|TAMS 0x0000000746600000, 0x0000000746600000| Complete 
|1581|0x00000007ffc00000, 0x00000007ffd77000, 0x00000007ffe00000| 73%|OA|  |TAMS 0x00000007ffc00000, 0x00000007ffc00000| Untracked 
|1582|0x00000007ffe00000, 0x00000007ffe81000, 0x0000000800000000| 25%|CA|  |TAMS 0x00000007ffe00000, 0x00000007ffe00000| Untracked 

Card table byte_map: [0x00007f917c097000,0x00007f917c6c6000] _byte_map_base: 0x00007f91786c6000

Marking Bits (Prev, Next): (CMBitMap*) 0x00007f9194088390, (CMBitMap*) 0x00007f91940883d0
 Prev Bits: [0x00007f91788f0000, 0x00007f917ba68000)
 Next Bits: [0x00007f9175778000, 0x00007f91788f0000)

Polling page: 0x00007f919a1e1000

Metaspace:

Usage:
  Non-class:      2.62 MB used.
      Class:    301.08 KB used.
       Both:      2.91 MB used.

Virtual space:
  Non-class space:       64.00 MB reserved,       2.75 MB (  4%) committed,  1 nodes.
      Class space:        1.00 GB reserved,     512.00 KB ( <1%) committed,  1 nodes.
             Both:        1.06 GB reserved,       3.25 MB ( <1%) committed. 

Chunk freelists:
   Non-Class:  3.19 MB
       Class:  3.55 MB
        Both:  6.74 MB

MaxMetaspaceSize: unlimited
CompressedClassSpaceSize: 1.00 GB
Initial GC threshold: 21.00 MB
Current GC threshold: 21.00 MB
CDS: on
MetaspaceReclaimPolicy: balanced
 - commit_granule_bytes: 65536.
 - commit_granule_words: 8192.
 - virtual_space_node_default_size: 8388608.
 - enlarge_chunks_in_place: 1.
 - new_chunks_are_fully_committed: 0.
 - uncommit_free_chunks: 1.
 - use_allocation_guard: 0.


Internal statistics:

num_allocs_failed_limit: 0.
num_arena_births: 366.
num_arena_deaths: 0.
num_vsnodes_births: 2.
num_vsnodes_deaths: 0.
num_space_committed: 52.
num_space_uncommitted: 0.
num_chunks_returned_to_freelist: 0.
num_chunks_taken_from_freelist: 392.
num_chunk_merges: 0.
num_chunk_splits: 286.
num_chunks_enlarged: 194.
num_inconsistent_stats: 0.

CodeHeap 'non-profiled nmethods': size=120028Kb used=223Kb max_used=223Kb free=119804Kb
 bounds [0x00007f9184ac1000, 0x00007f9184d31000, 0x00007f918bff8000]
CodeHeap 'profiled nmethods': size=120028Kb used=850Kb max_used=850Kb free=119177Kb
 bounds [0x00007f917cff8000, 0x00007f917d268000, 0x00007f918452f000]
CodeHeap 'non-nmethods': size=5704Kb used=1495Kb max_used=1512Kb free=4208Kb
 bounds [0x00007f918452f000, 0x00007f918479f000, 0x00007f9184ac1000]
 total_blobs=1098 nmethods=605 adapters=396
 compilation: enabled
              stopped_count=0, restarted_count=0
 full_count=0

Compilation events (20 events):
Event: 1.105 Thread 0x00007f91941556b0  590       3       java.util.Collections$UnmodifiableCollection::size (10 bytes)
Event: 1.106 Thread 0x00007f91941556b0 nmethod 590 0x00007f917d0c9c10 code [0x00007f917d0c9dc0, 0x00007f917d0c9fc0]
Event: 1.106 Thread 0x00007f91941556b0  591       3       java.lang.foreign.GroupLayout::isStruct (16 bytes)
Event: 1.106 Thread 0x00007f91941556b0 nmethod 591 0x00007f917d0ca090 code [0x00007f917d0ca240, 0x00007f917d0ca3d0]
Event: 1.106 Thread 0x00007f91941556b0  592       3       java.lang.foreign.ValueLayout::bitSize (5 bytes)
Event: 1.106 Thread 0x00007f91941556b0 nmethod 592 0x00007f917d0ca490 code [0x00007f917d0ca620, 0x00007f917d0ca750]
Event: 1.107 Thread 0x00007f9194154120 nmethod 529 0x00007f9184af5190 code [0x00007f9184af53c0, 0x00007f9184af6268]
Event: 1.107 Thread 0x00007f9194154120  533       4       jdk.internal.org.objectweb.asm.Frame::merge (317 bytes)
Event: 1.109 Thread 0x00007f91941556b0  596       3       java.lang.reflect.Array::newInstance (6 bytes)
Event: 1.109 Thread 0x00007f91941556b0 nmethod 596 0x00007f917d0ca810 code [0x00007f917d0ca9c0, 0x00007f917d0cab00]
Event: 1.109 Thread 0x00007f91941556b0  597       1       java.lang.invoke.LambdaForm$BasicType::basicTypeChar (5 bytes)
Event: 1.109 Thread 0x00007f91941556b0 nmethod 597 0x00007f9184af7110 code [0x00007f9184af72a0, 0x00007f9184af7370]
Event: 1.109 Thread 0x00007f91941556b0  598       3       jdk.internal.org.objectweb.asm.Frame::setInputFrameFromDescriptor (175 bytes)
Event: 1.110 Thread 0x00007f9194154120 nmethod 533 0x00007f9184af7a10 code [0x00007f9184af7ba0, 0x00007f9184af7e38]
Event: 1.110 Thread 0x00007f9194154120  539       4       java.lang.String::equals (56 bytes)
Event: 1.110 Thread 0x00007f91941556b0 nmethod 598 0x00007f917d0cab90 code [0x00007f917d0cadc0, 0x00007f917d0cb650]
Event: 1.111 Thread 0x00007f91941556b0  603       3       sun.invoke.util.BytecodeDescriptor::unparseMethod (66 bytes)
Event: 1.111 Thread 0x00007f9194154120 nmethod 539 0x00007f9184af8610 code [0x00007f9184af87a0, 0x00007f9184af89b8]
Event: 1.112 Thread 0x00007f91941556b0 nmethod 603 0x00007f917d0cbb10 code [0x00007f917d0cbd40, 0x00007f917d0cc350]
Event: 1.112 Thread 0x00007f91941556b0  605       3       java.lang.invoke.DirectMethodHandle::internalMemberName (8 bytes)

GC Heap History (0 events):
No events

Dll operation events (6 events):
Event: 0.002 Loaded shared library /home/dreamlike/jdk-19/lib/libjava.so
Event: 0.020 Loaded shared library /home/dreamlike/jdk-19/lib/libjsvml.so
Event: 0.682 Loaded shared library /home/dreamlike/jdk-19/lib/libnio.so
Event: 0.685 Loaded shared library /home/dreamlike/jdk-19/lib/libjimage.so
Event: 0.792 Loaded shared library /tmp/liburing14389103477465127558.so
Event: 1.014 Loaded shared library /home/dreamlike/jdk-19/lib/libsyslookup.so

Deoptimization events (2 events):
Event: 1.017 Thread 0x00007f9194028320 DEOPT PACKING pc=0x00007f917d01af82 sp=0x00007f9198ace3d0
Event: 1.017 Thread 0x00007f9194028320 DEOPT UNPACKING pc=0x00007f918459662f sp=0x00007f9198acd810 mode 0

Classes loaded (20 events):
Event: 1.010 Loading class jdk/internal/foreign/SystemLookup$1
Event: 1.010 Loading class jdk/internal/foreign/SystemLookup$1 done
Event: 1.010 Loading class jdk/internal/loader/RawNativeLibraries
Event: 1.011 Loading class jdk/internal/loader/RawNativeLibraries done
Event: 1.012 Loading class jdk/internal/loader/RawNativeLibraries$1
Event: 1.012 Loading class jdk/internal/loader/RawNativeLibraries$1 done
Event: 1.014 Loading class jdk/internal/loader/RawNativeLibraries$RawNativeLibraryImpl
Event: 1.014 Loading class jdk/internal/loader/RawNativeLibraries$RawNativeLibraryImpl done
Event: 1.050 Loading class jdk/internal/foreign/abi/Binding$Context$3
Event: 1.050 Loading class jdk/internal/foreign/abi/Binding$Context$3 done
Event: 1.050 Loading class java/lang/invoke/ConstantBootstraps
Event: 1.050 Loading class java/lang/invoke/ConstantBootstraps done
Event: 1.055 Loading class jdk/internal/foreign/abi/Binding$BoxAddress
Event: 1.055 Loading class jdk/internal/foreign/abi/Binding$BoxAddress done
Event: 1.100 Loading class java/lang/invoke/VarHandleSegmentAsBytes
Event: 1.100 Loading class java/lang/invoke/VarHandleSegmentAsBytes done
Event: 1.100 Loading class java/lang/invoke/VarHandleSegmentAsShorts
Event: 1.101 Loading class java/lang/invoke/VarHandleSegmentAsShorts done
Event: 1.101 Loading class java/lang/invoke/VarHandleSegmentAsLongs
Event: 1.102 Loading class java/lang/invoke/VarHandleSegmentAsLongs done

Classes unloaded (0 events):
No events

Classes redefined (0 events):
No events

Internal exceptions (20 events):
Event: 1.020 Thread 0x00007f9194028320 Exception <a 'java/lang/NoSuchMethodError'{0x00000007462ea088}: 'int java.lang.invoke.DelegatingMethodHandle$Holder.reinvoke_L(java.lang.Object, java.lang.Object, java.lang.Object, int, java.lang.Object, java.lang.Object, long)'> (0x00000007462ea088) 
thrown [open/src/hotspot/share/interpreter/linkResolver.cpp, line 773]
Event: 1.030 Thread 0x00007f9194028320 Exception <a 'java/lang/NoSuchMethodError'{0x00000007463122a8}: 'int java.lang.invoke.DirectMethodHandle$Holder.invokeStaticInit(java.lang.Object, java.lang.Object, java.lang.Object, int, java.lang.Object, int, long)'> (0x00000007463122a8) 
thrown [open/src/hotspot/share/interpreter/linkResolver.cpp, line 773]
Event: 1.032 Thread 0x00007f9194028320 Exception <a 'java/lang/NoSuchMethodError'{0x0000000746319b08}: 'int java.lang.invoke.DelegatingMethodHandle$Holder.reinvoke_L(java.lang.Object, java.lang.Object, java.lang.Object, int, java.lang.Object, int, long)'> (0x0000000746319b08) 
thrown [open/src/hotspot/share/interpreter/linkResolver.cpp, line 773]
Event: 1.040 Thread 0x00007f9194028320 Exception <a 'java/lang/NoSuchMethodError'{0x0000000746340a20}: 'int java.lang.invoke.DirectMethodHandle$Holder.invokeStaticInit(java.lang.Object, java.lang.Object, java.lang.Object, java.lang.Object, long)'> (0x0000000746340a20) 
thrown [open/src/hotspot/share/interpreter/linkResolver.cpp, line 773]
Event: 1.044 Thread 0x00007f9194028320 Exception <a 'java/lang/NoSuchMethodError'{0x000000074634b1a0}: 'int java.lang.invoke.DelegatingMethodHandle$Holder.reinvoke_L(java.lang.Object, java.lang.Object, java.lang.Object, java.lang.Object, long)'> (0x000000074634b1a0) 
thrown [open/src/hotspot/share/interpreter/linkResolver.cpp, line 773]
Event: 1.048 Thread 0x00007f9194028320 Exception <a 'java/lang/NoSuchMethodError'{0x0000000746360690}: 'int java.lang.invoke.DirectMethodHandle$Holder.invokeSpecial(java.lang.Object, java.lang.Object, int, java.lang.Object, int)'> (0x0000000746360690) 
thrown [open/src/hotspot/share/interpreter/linkResolver.cpp, line 773]
Event: 1.051 Thread 0x00007f9194028320 Exception <a 'java/lang/NoSuchMethodError'{0x00000007463686a0}: 'java.lang.Object java.lang.invoke.Invokers$Holder.invoke_MT(java.lang.Object, java.lang.Object, java.lang.Object, java.lang.Object, java.lang.Object)'> (0x00000007463686a0) 
thrown [open/src/hotspot/share/interpreter/linkResolver.cpp, line 773]
Event: 1.058 Thread 0x00007f9194028320 Exception <a 'java/lang/NoSuchMethodError'{0x0000000746383598}: 'java.lang.Object java.lang.invoke.DirectMethodHandle$Holder.invokeStaticInit(java.lang.Object, java.lang.Object, java.lang.Object, java.lang.Object, long)'> (0x0000000746383598) 
thrown [open/src/hotspot/share/interpreter/linkResolver.cpp, line 773]
Event: 1.059 Thread 0x00007f9194028320 Exception <a 'java/lang/NoSuchMethodError'{0x0000000746387770}: 'java.lang.Object java.lang.invoke.DirectMethodHandle$Holder.invokeSpecial(java.lang.Object, java.lang.Object, java.lang.Object, java.lang.Object, java.lang.Object, long)'> (0x0000000746387770) 
thrown [open/src/hotspot/share/interpreter/linkResolver.cpp, line 773]
Event: 1.065 Thread 0x00007f9194028320 Exception <a 'java/lang/NoSuchMethodError'{0x00000007463ada90}: 'int java.lang.invoke.DirectMethodHandle$Holder.invokeStatic(java.lang.Object, java.lang.Object, java.lang.Object, java.lang.Object, java.lang.Object, int, long)'> (0x00000007463ada90) 
thrown [open/src/hotspot/share/interpreter/linkResolver.cpp, line 773]
Event: 1.066 Thread 0x00007f9194028320 Exception <a 'java/lang/NoSuchMethodError'{0x00000007463b1488}: 'int java.lang.invoke.DirectMethodHandle$Holder.invokeStaticInit(java.lang.Object, java.lang.Object, java.lang.Object, java.lang.Object, java.lang.Object, int, long)'> (0x00000007463b1488) 
thrown [open/src/hotspot/share/interpreter/linkResolver.cpp, line 773]
Event: 1.067 Thread 0x00007f9194028320 Exception <a 'java/lang/NoSuchMethodError'{0x00000007463b8e38}: 'int java.lang.invoke.DelegatingMethodHandle$Holder.reinvoke_L(java.lang.Object, java.lang.Object, java.lang.Object, java.lang.Object, java.lang.Object, int, long)'> (0x00000007463b8e38) 
thrown [open/src/hotspot/share/interpreter/linkResolver.cpp, line 773]
Event: 1.075 Thread 0x00007f9194028320 Exception <a 'java/lang/NoSuchMethodError'{0x00000007463e0530}: 'int java.lang.invoke.DirectMethodHandle$Holder.invokeStatic(java.lang.Object, java.lang.Object, java.lang.Object, java.lang.Object, int, java.lang.Object, int, long)'> (0x00000007463e0530) 
thrown [open/src/hotspot/share/interpreter/linkResolver.cpp, line 773]
Event: 1.076 Thread 0x00007f9194028320 Exception <a 'java/lang/NoSuchMethodError'{0x00000007463e3f78}: 'int java.lang.invoke.DirectMethodHandle$Holder.invokeStaticInit(java.lang.Object, java.lang.Object, java.lang.Object, java.lang.Object, int, java.lang.Object, int, long)'> (0x00000007463e3f78) 
thrown [open/src/hotspot/share/interpreter/linkResolver.cpp, line 773]
Event: 1.077 Thread 0x00007f9194028320 Exception <a 'java/lang/NoSuchMethodError'{0x00000007463eba68}: 'int java.lang.invoke.DelegatingMethodHandle$Holder.reinvoke_L(java.lang.Object, java.lang.Object, java.lang.Object, java.lang.Object, int, java.lang.Object, int, long)'> (0x00000007463eba68) 
thrown [open/src/hotspot/share/interpreter/linkResolver.cpp, line 773]
Event: 1.090 Thread 0x00007f9194028320 Exception <a 'java/lang/NoSuchMethodError'{0x00000007460223d8}: 'void java.lang.invoke.DirectMethodHandle$Holder.invokeStaticInit(java.lang.Object, java.lang.Object, java.lang.Object, int, java.lang.Object, int, java.lang.Object, int, long, long)'> (0x00000007460223d8) 
thrown [open/src/hotspot/share/interpreter/linkResolver.cpp, line 773]
Event: 1.091 Thread 0x00007f9194028320 Exception <a 'java/lang/NoSuchMethodError'{0x000000074602a1c0}: 'void java.lang.invoke.DelegatingMethodHandle$Holder.reinvoke_L(java.lang.Object, java.lang.Object, java.lang.Object, int, java.lang.Object, int, java.lang.Object, int, long, long)'> (0x000000074602a1c0) 
thrown [open/src/hotspot/share/interpreter/linkResolver.cpp, line 773]
Event: 1.095 Thread 0x00007f9194028320 Exception <a 'java/lang/NoSuchMethodError'{0x0000000746042e88}: 'void java.lang.invoke.DirectMethodHandle$Holder.invokeSpecial(java.lang.Object, java.lang.Object, int, java.lang.Object, int, java.lang.Object, int, long)'> (0x0000000746042e88) 
thrown [open/src/hotspot/share/interpreter/linkResolver.cpp, line 773]
Event: 1.108 Thread 0x00007f9194028320 Exception <a 'java/lang/NoSuchMethodError'{0x000000074607aa20}: 'void java.lang.invoke.DelegatingMethodHandle$Holder.reinvoke_L(java.lang.Object, java.lang.Object, java.lang.Object, long, int)'> (0x000000074607aa20) 
thrown [open/src/hotspot/share/interpreter/linkResolver.cpp, line 773]
Event: 1.111 Thread 0x00007f9194028320 Exception <a 'java/lang/NoSuchMethodError'{0x000000074608a0e8}: 'void java.lang.invoke.DelegatingMethodHandle$Holder.reinvoke_L(java.lang.Object, java.lang.Object, java.lang.Object, long, long)'> (0x000000074608a0e8) 
thrown [open/src/hotspot/share/interpreter/linkResolver.cpp, line 773]

VM Operations (2 events):
Event: 0.416 Executing VM operation: ChangeBreakpoints
Event: 0.417 Executing VM operation: ChangeBreakpoints done

Events (20 events):
Event: 0.033 Thread 0x00007f91941512a0 Thread added: 0x00007f91941512a0
Event: 0.033 Protecting memory [0x00007f9165bfc000,0x00007f9165c00000] with protection modes 0
Event: 0.033 Thread 0x00007f9194152710 Thread added: 0x00007f9194152710
Event: 0.033 Protecting memory [0x00007f9165afb000,0x00007f9165aff000] with protection modes 0
Event: 0.034 Thread 0x00007f9194154120 Thread added: 0x00007f9194154120
Event: 0.034 Protecting memory [0x00007f91659fa000,0x00007f91659fe000] with protection modes 0
Event: 0.034 Thread 0x00007f91941556b0 Thread added: 0x00007f91941556b0
Event: 0.034 Protecting memory [0x00007f91658f9000,0x00007f91658fd000] with protection modes 0
Event: 0.034 Thread 0x00007f919415eb70 Thread added: 0x00007f919415eb70
Event: 0.034 Protecting memory [0x00007f91657f8000,0x00007f91657fc000] with protection modes 0
Event: 0.052 Thread 0x00007f9194176ac0 Thread added: 0x00007f9194176ac0
Event: 0.052 Protecting memory [0x00007f91656f7000,0x00007f91656fb000] with protection modes 0
Event: 0.053 Thread 0x00007f919417ac80 Thread added: 0x00007f919417ac80
Event: 0.053 Protecting memory [0x00007f91655f6000,0x00007f91655fa000] with protection modes 0
Event: 0.416 Thread 0x00007f912c000ff0 Thread added: 0x00007f912c000ff0
Event: 0.416 Protecting memory [0x00007f91654f5000,0x00007f91654f9000] with protection modes 0
Event: 0.638 Thread 0x00007f919417be00 Thread added: 0x00007f919417be00
Event: 0.638 Protecting memory [0x00007f91653f4000,0x00007f91653f8000] with protection modes 0
Event: 0.644 Thread 0x00007f9194180010 Thread added: 0x00007f9194180010
Event: 0.644 Protecting memory [0x00007f91651f1000,0x00007f91651f5000] with protection modes 0


Dynamic libraries:
73a200000-746800000 rw-p 00000000 00:00 0 
746800000-7ffc00000 ---p 00000000 00:00 0 
7ffc00000-7ffd00000 rw-p 00000000 00:00 0 
7ffd00000-7ffd77000 rw-p 00d09000 08:10 54487                            /home/dreamlike/jdk-19/lib/server/classes.jsa
7ffd77000-7ffe00000 rw-p 00000000 00:00 0 
7ffe00000-7ffe81000 rw-p 00c88000 08:10 54487                            /home/dreamlike/jdk-19/lib/server/classes.jsa
7ffe81000-800000000 rw-p 00000000 00:00 0 
800000000-800c4e000 rw-p 00001000 08:10 54487                            /home/dreamlike/jdk-19/lib/server/classes.jsa
800c4e000-801000000 ---p 00000000 00:00 0 
801000000-801040000 rw-p 00000000 00:00 0 
801040000-801080000 rw-p 00000000 00:00 0 
801080000-841000000 ---p 00000000 00:00 0 
55c0c9f22000-55c0c9f23000 r-xp 00000000 08:10 3305                       /home/dreamlike/jdk-19/bin/java
55c0c9f24000-55c0c9f25000 r--p 00001000 08:10 3305                       /home/dreamlike/jdk-19/bin/java
55c0c9f25000-55c0c9f26000 rw-p 00002000 08:10 3305                       /home/dreamlike/jdk-19/bin/java
55c0cad7d000-55c0cadc4000 rw-p 00000000 00:00 0                          [heap]
7f911c000000-7f911c021000 rw-p 00000000 00:00 0 
7f911c021000-7f9120000000 ---p 00000000 00:00 0 
7f9120000000-7f9120021000 rw-p 00000000 00:00 0 
7f9120021000-7f9124000000 ---p 00000000 00:00 0 
7f9124000000-7f9124021000 rw-p 00000000 00:00 0 
7f9124021000-7f9128000000 ---p 00000000 00:00 0 
7f9128000000-7f9128021000 rw-p 00000000 00:00 0 
7f9128021000-7f912c000000 ---p 00000000 00:00 0 
7f912c000000-7f912c021000 rw-p 00000000 00:00 0 
7f912c021000-7f9130000000 ---p 00000000 00:00 0 
7f9130000000-7f9130021000 rw-p 00000000 00:00 0 
7f9130021000-7f9134000000 ---p 00000000 00:00 0 
7f9134000000-7f9134156000 rw-p 00000000 00:00 0 
7f9134156000-7f9138000000 ---p 00000000 00:00 0 
7f9138000000-7f9138021000 rw-p 00000000 00:00 0 
7f9138021000-7f913c000000 ---p 00000000 00:00 0 
7f913c000000-7f913c021000 rw-p 00000000 00:00 0 
7f913c021000-7f9140000000 ---p 00000000 00:00 0 
7f9140000000-7f914019b000 rw-p 00000000 00:00 0 
7f914019b000-7f9144000000 ---p 00000000 00:00 0 
7f9144000000-7f9144021000 rw-p 00000000 00:00 0 
7f9144021000-7f9148000000 ---p 00000000 00:00 0 
7f9148000000-7f9148021000 rw-p 00000000 00:00 0 
7f9148021000-7f914c000000 ---p 00000000 00:00 0 
7f914c000000-7f914c021000 rw-p 00000000 00:00 0 
7f914c021000-7f9150000000 ---p 00000000 00:00 0 
7f9150000000-7f9150021000 rw-p 00000000 00:00 0 
7f9150021000-7f9154000000 ---p 00000000 00:00 0 
7f9154000000-7f9154021000 rw-p 00000000 00:00 0 
7f9154021000-7f9158000000 ---p 00000000 00:00 0 
7f9158000000-7f9158021000 rw-p 00000000 00:00 0 
7f9158021000-7f915c000000 ---p 00000000 00:00 0 
7f915c000000-7f915c1f0000 rw-p 00000000 00:00 0 
7f915c1f0000-7f915c400000 ---p 00000000 00:00 0 
7f915c400000-7f915c4d0000 rw-p 00000000 00:00 0 
7f915c4d0000-7f9160000000 ---p 00000000 00:00 0 
7f9160000000-7f9160021000 rw-p 00000000 00:00 0 
7f9160021000-7f9164000000 ---p 00000000 00:00 0 
7f9164df4000-7f91651f1000 rw-p 00000000 00:00 0 
7f91651f1000-7f91651f5000 ---p 00000000 00:00 0 
7f91651f5000-7f91652f2000 rw-p 00000000 00:00 0 
7f91652f2000-7f91652f3000 ---p 00000000 00:00 0 
7f91652f3000-7f91653f4000 rw-p 00000000 00:00 0 
7f91653f4000-7f91653f8000 ---p 00000000 00:00 0 
7f91653f8000-7f91654f5000 rw-p 00000000 00:00 0 
7f91654f5000-7f91654f9000 ---p 00000000 00:00 0 
7f91654f9000-7f91655f6000 rw-p 00000000 00:00 0 
7f91655f6000-7f91655fa000 ---p 00000000 00:00 0 
7f91655fa000-7f91656f7000 rw-p 00000000 00:00 0 
7f91656f7000-7f91656fb000 ---p 00000000 00:00 0 
7f91656fb000-7f91657f8000 rw-p 00000000 00:00 0 
7f91657f8000-7f91657fc000 ---p 00000000 00:00 0 
7f91657fc000-7f91658f9000 rw-p 00000000 00:00 0 
7f91658f9000-7f91658fd000 ---p 00000000 00:00 0 
7f91658fd000-7f91659fa000 rw-p 00000000 00:00 0 
7f91659fa000-7f91659fe000 ---p 00000000 00:00 0 
7f91659fe000-7f9165afb000 rw-p 00000000 00:00 0 
7f9165afb000-7f9165aff000 ---p 00000000 00:00 0 
7f9165aff000-7f9165bfc000 rw-p 00000000 00:00 0 
7f9165bfc000-7f9165c00000 ---p 00000000 00:00 0 
7f9165c00000-7f9165cfd000 rw-p 00000000 00:00 0 
7f9165cfd000-7f9165d01000 ---p 00000000 00:00 0 
7f9165d01000-7f9165dfe000 rw-p 00000000 00:00 0 
7f9165dfe000-7f9165e02000 ---p 00000000 00:00 0 
7f9165e02000-7f9165eff000 rw-p 00000000 00:00 0 
7f9165eff000-7f9165f03000 ---p 00000000 00:00 0 
7f9165f03000-7f9168000000 rw-p 00000000 00:00 0 
7f9168000000-7f9168021000 rw-p 00000000 00:00 0 
7f9168021000-7f916c000000 ---p 00000000 00:00 0 
7f916c000000-7f916c021000 rw-p 00000000 00:00 0 
7f916c021000-7f9170000000 ---p 00000000 00:00 0 
7f9170000000-7f9170021000 rw-p 00000000 00:00 0 
7f9170021000-7f9174000000 ---p 00000000 00:00 0 
7f9174050000-7f9174051000 rw-s 10000000 00:0c 18571                      anon_inode:[io_uring]
7f9174051000-7f9174053000 r--p 00000000 08:10 63618                      /tmp/liburing14389103477465127558.so
7f9174053000-7f9174055000 r-xp 00002000 08:10 63618                      /tmp/liburing14389103477465127558.so
7f9174055000-7f9174056000 r--p 00004000 08:10 63618                      /tmp/liburing14389103477465127558.so
7f9174056000-7f9174057000 r--p 00004000 08:10 63618                      /tmp/liburing14389103477465127558.so
7f9174057000-7f9174058000 rw-p 00005000 08:10 63618                      /tmp/liburing14389103477465127558.so
7f9174058000-7f9174089000 rw-p 00000000 00:00 0 
7f9174089000-7f9174097000 r-xp 00000000 08:10 47087                      /home/dreamlike/jdk-19/lib/libnet.so
7f9174097000-7f9174098000 r--p 0000d000 08:10 47087                      /home/dreamlike/jdk-19/lib/libnet.so
7f9174098000-7f9174099000 rw-p 0000e000 08:10 47087                      /home/dreamlike/jdk-19/lib/libnet.so
7f9174099000-7f91740ac000 r-xp 00000000 08:10 47088                      /home/dreamlike/jdk-19/lib/libnio.so
7f91740ac000-7f91740ad000 r--p 00012000 08:10 47088                      /home/dreamlike/jdk-19/lib/libnio.so
7f91740ad000-7f91740ae000 rw-p 00013000 08:10 47088                      /home/dreamlike/jdk-19/lib/libnio.so
7f91740ae000-7f91740b3000 r-xp 00000000 08:10 47054                      /home/dreamlike/jdk-19/lib/libdt_socket.so
7f91740b3000-7f91740b4000 r--p 00004000 08:10 47054                      /home/dreamlike/jdk-19/lib/libdt_socket.so
7f91740b4000-7f91740b5000 rw-p 00005000 08:10 47054                      /home/dreamlike/jdk-19/lib/libdt_socket.so
7f91740b5000-7f9174228000 r--p 00000000 08:10 37752                      /usr/lib/locale/C.UTF-8/LC_COLLATE
7f9174228000-7f917450e000 r--p 00000000 08:10 37750                      /usr/lib/locale/locale-archive
7f917450e000-7f917450f000 ---p 00000000 00:00 0 
7f917450f000-7f9174610000 rw-p 00000000 00:00 0 
7f9174610000-7f91746de000 r-xp 00000000 08:10 47079                      /home/dreamlike/jdk-19/lib/libjsvml.so
7f91746de000-7f91746df000 r--p 000cd000 08:10 47079                      /home/dreamlike/jdk-19/lib/libjsvml.so
7f91746df000-7f91746e0000 rw-p 000ce000 08:10 47079                      /home/dreamlike/jdk-19/lib/libjsvml.so
7f91746e0000-7f91747fd000 rw-p 00000000 00:00 0 
7f91747fd000-7f91747fe000 ---p 00000000 00:00 0 
7f91747fe000-7f91748ff000 rw-p 00000000 00:00 0 
7f91748ff000-7f9174900000 ---p 00000000 00:00 0 
7f9174900000-7f917540b000 rw-p 00000000 00:00 0 
7f917540b000-7f917540c000 ---p 00000000 00:00 0 
7f917540c000-7f917550d000 rw-p 00000000 00:00 0 
7f917550d000-7f917550e000 ---p 00000000 00:00 0 
7f917550e000-7f917560f000 rw-p 00000000 00:00 0 
7f917560f000-7f9175610000 ---p 00000000 00:00 0 
7f9175610000-7f9175a90000 rw-p 00000000 00:00 0 
7f9175a90000-7f91788e0000 ---p 00000000 00:00 0 
7f91788e0000-7f9178c08000 rw-p 00000000 00:00 0 
7f9178c08000-7f917ba58000 ---p 00000000 00:00 0 
7f917ba58000-7f917bacb000 rw-p 00000000 00:00 0 
7f917bacb000-7f917c095000 ---p 00000000 00:00 0 
7f917c095000-7f917c0fa000 rw-p 00000000 00:00 0 
7f917c0fa000-7f917c6c4000 ---p 00000000 00:00 0 
7f917c6c4000-7f917c729000 rw-p 00000000 00:00 0 
7f917c729000-7f917ccf3000 ---p 00000000 00:00 0 
7f917ccf3000-7f917cff8000 rw-p 00000000 00:00 0 
7f917cff8000-7f917d268000 rwxp 00000000 00:00 0 
7f917d268000-7f918452f000 ---p 00000000 00:00 0 
7f918452f000-7f918479f000 rwxp 00000000 00:00 0 
7f918479f000-7f9184ac1000 ---p 00000000 00:00 0 
7f9184ac1000-7f9184d31000 rwxp 00000000 00:00 0 
7f9184d31000-7f918bff8000 ---p 00000000 00:00 0 
7f918bff8000-7f9194000000 r--s 00000000 08:10 54238                      /home/dreamlike/jdk-19/lib/modules
7f9194000000-7f91942d4000 rw-p 00000000 00:00 0 
7f91942d4000-7f9198000000 ---p 00000000 00:00 0 
7f9198000000-7f9198001000 rw-s 00000000 00:0c 18571                      anon_inode:[io_uring]
7f9198001000-7f9198002000 r-xp 00000000 08:10 54139                      /home/dreamlike/jdk-19/lib/libsyslookup.so
7f9198002000-7f9198003000 r--p 00000000 08:10 54139                      /home/dreamlike/jdk-19/lib/libsyslookup.so
7f9198003000-7f9198004000 rw-p 00001000 08:10 54139                      /home/dreamlike/jdk-19/lib/libsyslookup.so
7f9198004000-7f9198036000 r--p 00000000 08:10 37753                      /usr/lib/locale/C.UTF-8/LC_CTYPE
7f9198036000-7f9198037000 r--p 00000000 08:10 37759                      /usr/lib/locale/C.UTF-8/LC_NUMERIC
7f9198037000-7f9198038000 r--p 00000000 08:10 37762                      /usr/lib/locale/C.UTF-8/LC_TIME
7f9198038000-7f919803f000 r--s 00000000 08:10 41114                      /usr/lib/x86_64-linux-gnu/gconv/gconv-modules.cache
7f919803f000-7f919874b000 rw-p 00000000 00:00 0 
7f919874b000-7f9198831000 ---p 00000000 00:00 0 
7f9198831000-7f9198836000 rw-p 00000000 00:00 0 
7f9198836000-7f919891c000 ---p 00000000 00:00 0 
7f919891c000-7f9198921000 rw-p 00000000 00:00 0 
7f9198921000-7f9198928000 ---p 00000000 00:00 0 
7f9198928000-7f919892b000 r--p 00000000 08:10 40853                      /usr/lib/x86_64-linux-gnu/libnss_files-2.31.so
7f919892b000-7f9198932000 r-xp 00003000 08:10 40853                      /usr/lib/x86_64-linux-gnu/libnss_files-2.31.so
7f9198932000-7f9198934000 r--p 0000a000 08:10 40853                      /usr/lib/x86_64-linux-gnu/libnss_files-2.31.so
7f9198934000-7f9198935000 r--p 0000b000 08:10 40853                      /usr/lib/x86_64-linux-gnu/libnss_files-2.31.so
7f9198935000-7f9198936000 rw-p 0000c000 08:10 40853                      /usr/lib/x86_64-linux-gnu/libnss_files-2.31.so
7f9198936000-7f919893c000 rw-p 00000000 00:00 0 
7f919893c000-7f919893d000 r--p 00000000 08:10 37757                      /usr/lib/locale/C.UTF-8/LC_MONETARY
7f919893d000-7f9198945000 rw-s 00000000 08:10 49831                      /tmp/hsperfdata_dreamlike/14298
7f9198945000-7f919896b000 r-xp 00000000 08:10 47065                      /home/dreamlike/jdk-19/lib/libjava.so
7f919896b000-7f919896c000 r--p 00025000 08:10 47065                      /home/dreamlike/jdk-19/lib/libjava.so
7f919896c000-7f919896d000 rw-p 00026000 08:10 47065                      /home/dreamlike/jdk-19/lib/libjava.so
7f919896d000-7f919896e000 rw-p 00000000 00:00 0 
7f919896e000-7f91989ae000 r-xp 00000000 08:10 47071                      /home/dreamlike/jdk-19/lib/libjdwp.so
7f91989ae000-7f91989af000 r--p 0003f000 08:10 47071                      /home/dreamlike/jdk-19/lib/libjdwp.so
7f91989af000-7f91989b0000 rw-p 00040000 08:10 47071                      /home/dreamlike/jdk-19/lib/libjdwp.so
7f91989b0000-7f91989b1000 rw-p 00000000 00:00 0 
7f91989b1000-7f91989cc000 r-xp 00000000 08:10 47072                      /home/dreamlike/jdk-19/lib/libjimage.so
7f91989cc000-7f91989cd000 ---p 0001b000 08:10 47072                      /home/dreamlike/jdk-19/lib/libjimage.so
7f91989cd000-7f91989cf000 r--p 0001b000 08:10 47072                      /home/dreamlike/jdk-19/lib/libjimage.so
7f91989cf000-7f91989d0000 rw-p 0001d000 08:10 47072                      /home/dreamlike/jdk-19/lib/libjimage.so
7f91989d0000-7f91989d4000 ---p 00000000 00:00 0 
7f91989d4000-7f9198ad1000 rw-p 00000000 00:00 0 
7f9198ad1000-7f9198ade000 r--p 00000000 08:10 40847                      /usr/lib/x86_64-linux-gnu/libm-2.31.so
7f9198ade000-7f9198b85000 r-xp 0000d000 08:10 40847                      /usr/lib/x86_64-linux-gnu/libm-2.31.so
7f9198b85000-7f9198c1e000 r--p 000b4000 08:10 40847                      /usr/lib/x86_64-linux-gnu/libm-2.31.so
7f9198c1e000-7f9198c1f000 r--p 0014c000 08:10 40847                      /usr/lib/x86_64-linux-gnu/libm-2.31.so
7f9198c1f000-7f9198c20000 rw-p 0014d000 08:10 40847                      /usr/lib/x86_64-linux-gnu/libm-2.31.so
7f9198c20000-7f9198c22000 r--p 00000000 08:10 40860                      /usr/lib/x86_64-linux-gnu/librt-2.31.so
7f9198c22000-7f9198c26000 r-xp 00002000 08:10 40860                      /usr/lib/x86_64-linux-gnu/librt-2.31.so
7f9198c26000-7f9198c28000 r--p 00006000 08:10 40860                      /usr/lib/x86_64-linux-gnu/librt-2.31.so
7f9198c28000-7f9198c29000 r--p 00007000 08:10 40860                      /usr/lib/x86_64-linux-gnu/librt-2.31.so
7f9198c29000-7f9198c2a000 rw-p 00008000 08:10 40860                      /usr/lib/x86_64-linux-gnu/librt-2.31.so
7f9198c2a000-7f9199e33000 r-xp 00000000 08:10 54490                      /home/dreamlike/jdk-19/lib/server/libjvm.so
7f9199e33000-7f9199efd000 r--p 01208000 08:10 54490                      /home/dreamlike/jdk-19/lib/server/libjvm.so
7f9199efd000-7f9199f32000 rw-p 012d2000 08:10 54490                      /home/dreamlike/jdk-19/lib/server/libjvm.so
7f9199f32000-7f9199f90000 rw-p 00000000 00:00 0 
7f9199f90000-7f9199fb2000 r--p 00000000 08:10 40844                      /usr/lib/x86_64-linux-gnu/libc-2.31.so
7f9199fb2000-7f919a12a000 r-xp 00022000 08:10 40844                      /usr/lib/x86_64-linux-gnu/libc-2.31.so
7f919a12a000-7f919a178000 r--p 0019a000 08:10 40844                      /usr/lib/x86_64-linux-gnu/libc-2.31.so
7f919a178000-7f919a17c000 r--p 001e7000 08:10 40844                      /usr/lib/x86_64-linux-gnu/libc-2.31.so
7f919a17c000-7f919a17e000 rw-p 001eb000 08:10 40844                      /usr/lib/x86_64-linux-gnu/libc-2.31.so
7f919a17e000-7f919a182000 rw-p 00000000 00:00 0 
7f919a182000-7f919a183000 r--p 00000000 08:10 40846                      /usr/lib/x86_64-linux-gnu/libdl-2.31.so
7f919a183000-7f919a185000 r-xp 00001000 08:10 40846                      /usr/lib/x86_64-linux-gnu/libdl-2.31.so
7f919a185000-7f919a186000 r--p 00003000 08:10 40846                      /usr/lib/x86_64-linux-gnu/libdl-2.31.so
7f919a186000-7f919a187000 r--p 00003000 08:10 40846                      /usr/lib/x86_64-linux-gnu/libdl-2.31.so
7f919a187000-7f919a188000 rw-p 00004000 08:10 40846                      /usr/lib/x86_64-linux-gnu/libdl-2.31.so
7f919a188000-7f919a18e000 r--p 00000000 08:10 40858                      /usr/lib/x86_64-linux-gnu/libpthread-2.31.so
7f919a18e000-7f919a19f000 r-xp 00006000 08:10 40858                      /usr/lib/x86_64-linux-gnu/libpthread-2.31.so
7f919a19f000-7f919a1a5000 r--p 00017000 08:10 40858                      /usr/lib/x86_64-linux-gnu/libpthread-2.31.so
7f919a1a5000-7f919a1a6000 r--p 0001c000 08:10 40858                      /usr/lib/x86_64-linux-gnu/libpthread-2.31.so
7f919a1a6000-7f919a1a7000 rw-p 0001d000 08:10 40858                      /usr/lib/x86_64-linux-gnu/libpthread-2.31.so
7f919a1a7000-7f919a1ab000 rw-p 00000000 00:00 0 
7f919a1ab000-7f919a1b9000 r-xp 00000000 08:10 47073                      /home/dreamlike/jdk-19/lib/libjli.so
7f919a1b9000-7f919a1ba000 ---p 0000e000 08:10 47073                      /home/dreamlike/jdk-19/lib/libjli.so
7f919a1ba000-7f919a1bb000 r--p 0000e000 08:10 47073                      /home/dreamlike/jdk-19/lib/libjli.so
7f919a1bb000-7f919a1bc000 rw-p 0000f000 08:10 47073                      /home/dreamlike/jdk-19/lib/libjli.so
7f919a1bc000-7f919a1be000 r--p 00000000 08:10 27415                      /usr/lib/x86_64-linux-gnu/libz.so.1.2.11
7f919a1be000-7f919a1cf000 r-xp 00002000 08:10 27415                      /usr/lib/x86_64-linux-gnu/libz.so.1.2.11
7f919a1cf000-7f919a1d5000 r--p 00013000 08:10 27415                      /usr/lib/x86_64-linux-gnu/libz.so.1.2.11
7f919a1d5000-7f919a1d6000 ---p 00019000 08:10 27415                      /usr/lib/x86_64-linux-gnu/libz.so.1.2.11
7f919a1d6000-7f919a1d7000 r--p 00019000 08:10 27415                      /usr/lib/x86_64-linux-gnu/libz.so.1.2.11
7f919a1d7000-7f919a1d8000 rw-p 0001a000 08:10 27415                      /usr/lib/x86_64-linux-gnu/libz.so.1.2.11
7f919a1d8000-7f919a1da000 rw-p 00000000 00:00 0 
7f919a1da000-7f919a1db000 r--p 00000000 08:10 37763                      /usr/lib/locale/C.UTF-8/LC_MESSAGES/SYS_LC_MESSAGES
7f919a1db000-7f919a1dc000 r--p 00000000 08:10 37760                      /usr/lib/locale/C.UTF-8/LC_PAPER
7f919a1dc000-7f919a1dd000 r--p 00000000 08:10 37758                      /usr/lib/locale/C.UTF-8/LC_NAME
7f919a1dd000-7f919a1de000 r--p 00000000 08:10 37751                      /usr/lib/locale/C.UTF-8/LC_ADDRESS
7f919a1de000-7f919a1df000 r--p 00000000 08:10 37761                      /usr/lib/locale/C.UTF-8/LC_TELEPHONE
7f919a1df000-7f919a1e0000 r--p 00000000 08:10 37755                      /usr/lib/locale/C.UTF-8/LC_MEASUREMENT
7f919a1e0000-7f919a1e1000 r--p 00000000 08:10 37754                      /usr/lib/locale/C.UTF-8/LC_IDENTIFICATION
7f919a1e1000-7f919a1e2000 ---p 00000000 00:00 0 
7f919a1e2000-7f919a1e3000 r--p 00000000 00:00 0 
7f919a1e3000-7f919a1e4000 r--p 00000000 08:10 40835                      /usr/lib/x86_64-linux-gnu/ld-2.31.so
7f919a1e4000-7f919a207000 r-xp 00001000 08:10 40835                      /usr/lib/x86_64-linux-gnu/ld-2.31.so
7f919a207000-7f919a20f000 r--p 00024000 08:10 40835                      /usr/lib/x86_64-linux-gnu/ld-2.31.so
7f919a20f000-7f919a210000 ---p 00000000 00:00 0 
7f919a210000-7f919a211000 r--p 0002c000 08:10 40835                      /usr/lib/x86_64-linux-gnu/ld-2.31.so
7f919a211000-7f919a212000 rw-p 0002d000 08:10 40835                      /usr/lib/x86_64-linux-gnu/ld-2.31.so
7f919a212000-7f919a213000 rw-p 00000000 00:00 0 
7ffebc351000-7ffebc372000 rw-p 00000000 00:00 0                          [stack]
7ffebc399000-7ffebc39d000 r--p 00000000 00:00 0                          [vvar]
7ffebc39d000-7ffebc39e000 r-xp 00000000 00:00 0                          [vdso]


VM Arguments:
jvm_args: -agentlib:jdwp=transport=dt_socket,address=0.0.0.0:12345,suspend=y,server=y --enable-preview -Dfile.encoding=UTF-8 -Dsun.stdout.encoding=UTF-8 -Dsun.stderr.encoding=UTF-8 
java_command: iouring.FileOp
java_class_path (initial): /home/dreamlike/uringDemo/example/target/classes:/home/dreamlike/uringDemo/panama-uring/target/classes:/home/dreamlike/.m2/repository/org/jctools/jctools-core/4.0.1/jctools-core-4.0.1.jar:/mnt/c/Users/asus/AppData/Local/JetBrains/Toolbox/apps/IDEA-U/ch-0/222.3739.54/lib/idea_rt.jar
Launcher Type: SUN_STANDARD

[Global flags]
     intx CICompilerCount                          = 4                                         {product} {ergonomic}
     uint ConcGCThreads                            = 3                                         {product} {ergonomic}
     uint G1ConcRefinementThreads                  = 10                                        {product} {ergonomic}
   size_t G1HeapRegionSize                         = 2097152                                   {product} {ergonomic}
    uintx GCDrainStackTargetSize                   = 64                                        {product} {ergonomic}
   size_t InitialHeapSize                          = 207618048                                 {product} {ergonomic}
   size_t MarkStackSize                            = 4194304                                   {product} {ergonomic}
   size_t MaxHeapSize                              = 3319791616                                {product} {ergonomic}
   size_t MaxNewSize                               = 1990197248                                {product} {ergonomic}
   size_t MinHeapDeltaBytes                        = 2097152                                   {product} {ergonomic}
   size_t MinHeapSize                              = 8388608                                   {product} {ergonomic}
    uintx NonNMethodCodeHeapSize                   = 5839372                                {pd product} {ergonomic}
    uintx NonProfiledCodeHeapSize                  = 122909434                              {pd product} {ergonomic}
    uintx ProfiledCodeHeapSize                     = 122909434                              {pd product} {ergonomic}
    uintx ReservedCodeCacheSize                    = 251658240                              {pd product} {ergonomic}
     bool SegmentedCodeCache                       = true                                      {product} {ergonomic}
   size_t SoftMaxHeapSize                          = 3319791616                             {manageable} {ergonomic}
     bool UseCompressedClassPointers               = true                           {product lp64_product} {ergonomic}
     bool UseCompressedOops                        = true                           {product lp64_product} {ergonomic}
     bool UseG1GC                                  = true                                      {product} {ergonomic}

Logging:
Log output configuration:
 #0: stdout all=warning uptime,level,tags foldmultilines=false
 #1: stderr all=off uptime,level,tags foldmultilines=false

Environment Variables:
PATH=/usr/local/sbin:/usr/local/bin:/usr/sbin:/usr/bin:/sbin:/bin:/usr/games:/usr/local/games:/usr/lib/wsl/lib:/mnt/c/Program Files (x86)/Intel/Intel(R) Management Engine Components/iCLS/:/mnt/c/Program Files/Intel/Intel(R) Management Engine Components/iCLS/:/mnt/c/Windows/system32:/mnt/c/Windows:/mnt/c/Windows/System32/Wbem:/mnt/c/Windows/System32/WindowsPowerShell/v1.0/:/mnt/c/Windows/System32/OpenSSH/:/mnt/c/Program Files (x86)/Intel/Intel(R) Management Engine Components/DAL:/mnt/c/Program Files/Intel/Intel(R) Management Engine Components/DAL:/mnt/c/Program Files (x86)/NVIDIA Corporation/PhysX/Common:/mnt/d/mysql-5.7.32-winx64/mysql-5.7.32-winx64:/mnt/c/WINDOWS/system32:/mnt/c/WINDOWS:/mnt/c/WINDOWS/System32/Wbem:/mnt/c/WINDOWS/System32/WindowsPowerShell/v1.0/:/mnt/c/WINDOWS/System32/OpenSSH/:/mnt/c/Program Files/NVIDIA Corporation/NVIDIA NvDLISR:/mnt/d/apache-maven-3.8.4/bin:/mnt/c/Users/asus/Downloads/jdk-19/bin:/mnt/c/Program Files/Bandizip/:/mnt/c/Program Files/dotnet/:/mnt/c/Program Files/Git/cmd:/mnt/d/mysql-5.7.32-winx64/mysql-5.7.32-winx64/bin:/mnt/c/Users/asus/.cargo/bin:/mnt/c/Users/asus/AppData/Local/Microsoft/WindowsApps:/mnt/c/Users/asus/AppData/Local/JetBrains/Toolbox/scripts
SHELL=/bin/sh
HOSTTYPE=x86_64
LANG=C.UTF-8
TERM=xterm-256color

Active Locale:
LC_ALL=C.UTF-8
LC_COLLATE=C.UTF-8
LC_CTYPE=C.UTF-8
LC_MESSAGES=C.UTF-8
LC_MONETARY=C.UTF-8
LC_NUMERIC=C.UTF-8
LC_TIME=C.UTF-8

Signal Handlers:
   SIGSEGV: crash_handler in libjvm.so, mask=11100100010111111101111111111110, flags=SA_RESTART|SA_SIGINFO
    SIGBUS: crash_handler in libjvm.so, mask=11100100010111111101111111111110, flags=SA_RESTART|SA_SIGINFO
    SIGFPE: crash_handler in libjvm.so, mask=11100100010111111101111111111110, flags=SA_RESTART|SA_SIGINFO
   SIGPIPE: javaSignalHandler in libjvm.so, mask=11100100010111111101111111111110, flags=SA_RESTART|SA_SIGINFO
   SIGXFSZ: javaSignalHandler in libjvm.so, mask=11100100010111111101111111111110, flags=SA_RESTART|SA_SIGINFO
    SIGILL: crash_handler in libjvm.so, mask=11100100010111111101111111111110, flags=SA_RESTART|SA_SIGINFO
   SIGUSR2: SR_handler in libjvm.so, mask=00000000000000000000000000000000, flags=SA_RESTART|SA_SIGINFO
    SIGHUP: UserHandler in libjvm.so, mask=11100100010111111101111111111110, flags=SA_RESTART|SA_SIGINFO
    SIGINT: UserHandler in libjvm.so, mask=11100100010111111101111111111110, flags=SA_RESTART|SA_SIGINFO
   SIGTERM: UserHandler in libjvm.so, mask=11100100010111111101111111111110, flags=SA_RESTART|SA_SIGINFO
   SIGQUIT: UserHandler in libjvm.so, mask=11100100010111111101111111111110, flags=SA_RESTART|SA_SIGINFO
   SIGTRAP: crash_handler in libjvm.so, mask=11100100010111111101111111111110, flags=SA_RESTART|SA_SIGINFO


---------------  S Y S T E M  ---------------

OS:
DISTRIB_ID=Ubuntu
DISTRIB_RELEASE=20.04
DISTRIB_CODENAME=focal
DISTRIB_DESCRIPTION="Ubuntu 20.04.3 LTS"
uname: Linux 5.10.102.1-microsoft-standard-WSL2 #1 SMP Wed Mar 2 00:30:59 UTC 2022 x86_64
OS uptime: 0 days 0:51 hours
libc: glibc 2.31 NPTL 2.31 
rlimit (soft/hard): STACK 8192k/infinity , CORE 0k/infinity , NPROC 50613/50613 , NOFILE 4096/4096 , AS infinity/infinity , CPU infinity/infinity , DATA infinity/infinity , FSIZE infinity/infinity , MEMLOCK 64k/64k
load average: 0.53 0.18 0.11

/proc/meminfo:
MemTotal:       12961960 kB
MemFree:        12415160 kB
MemAvailable:   12387724 kB
Buffers:           18680 kB
Cached:           176956 kB
SwapCached:            0 kB
Active:           135604 kB
Inactive:         262264 kB
Active(anon):         96 kB
Inactive(anon):   202200 kB
Active(file):     135508 kB
Inactive(file):    60064 kB
Unevictable:           0 kB
Mlocked:               0 kB
SwapTotal:       4194304 kB
SwapFree:        4194304 kB
Dirty:                76 kB
Writeback:             0 kB
AnonPages:        202544 kB
Mapped:            34992 kB
Shmem:                64 kB
KReclaimable:      25500 kB
Slab:              57544 kB
SReclaimable:      25500 kB
SUnreclaim:        32044 kB
KernelStack:        4304 kB
PageTables:         2088 kB
NFS_Unstable:          0 kB
Bounce:                0 kB
WritebackTmp:          0 kB
CommitLimit:    10675284 kB
Committed_AS:    1015740 kB
VmallocTotal:   34359738367 kB
VmallocUsed:       24984 kB
VmallocChunk:          0 kB
Percpu:             5376 kB
AnonHugePages:     83968 kB
ShmemHugePages:        0 kB
ShmemPmdMapped:        0 kB
FileHugePages:         0 kB
FilePmdMapped:         0 kB
HugePages_Total:       0
HugePages_Free:        0
HugePages_Rsvd:        0
HugePages_Surp:        0
Hugepagesize:       2048 kB
Hugetlb:               0 kB
DirectMap4k:       17408 kB
DirectMap2M:     3846144 kB
DirectMap1G:     9437184 kB

/sys/kernel/mm/transparent_hugepage/enabled: [always] madvise never
/sys/kernel/mm/transparent_hugepage/defrag (defrag/compaction efforts parameter): always defer defer+madvise [madvise] never

Process Memory:
Virtual Size: 6359292K (peak: 6359328K)
Resident Set Size: 58836K (peak: 58836K) (anon: 31764K, file: 27072K, shmem: 0K)
Swapped out: 0K
C-Heap outstanding allocations: 31513K, retained: 2570K
glibc malloc tunables: (default)

/proc/sys/kernel/threads-max (system-wide limit on the number of threads): 101226
/proc/sys/vm/max_map_count (maximum number of memory map areas a process may have): 65530
/proc/sys/kernel/pid_max (system-wide limit on number of process identifiers): 32768

container (cgroup) information:
container_type: cgroupv1
cpu_cpuset_cpus: 0-11
cpu_memory_nodes: 0
active_processor_count: 12
cpu_quota: no quota
cpu_period: 100000
cpu_shares: no shares
memory_limit_in_bytes: unlimited
memory_and_swap_limit_in_bytes: unlimited
memory_soft_limit_in_bytes: unlimited
memory_usage_in_bytes: 398204 k
memory_max_usage_in_bytes: 660136 k
maximum number of tasks: not supported
current number of tasks: not supported

Hyper-V virtualization detected
Steal ticks since vm start: 0
Steal ticks percentage since vm start:  0.000

CPU: total 12 (initial active 12) (8 cores per cpu, 2 threads per core) family 6 model 158 stepping 10 microcode 0xffffffff, cx8, cmov, fxsr, ht, mmx, 3dnowpref, sse, sse2, sse3, ssse3, sse4.1, sse4.2, popcnt, lzcnt, tsc, avx, avx2, aes, erms, clmul, bmi1, bmi2, adx, fma, vzeroupper, clflush, clflushopt, hv, rdtscp
CPU Model and flags from /proc/cpuinfo:
model name	: Intel(R) Core(TM) i7-8750H CPU @ 2.20GHz
flags		: fpu vme de pse tsc msr pae mce cx8 apic sep mtrr pge mca cmov pat pse36 clflush mmx fxsr sse sse2 ss ht syscall nx pdpe1gb rdtscp lm constant_tsc rep_good nopl xtopology cpuid pni pclmulqdq ssse3 fma cx16 pcid sse4_1 sse4_2 movbe popcnt aes xsave avx f16c rdrand hypervisor lahf_lm abm 3dnowprefetch invpcid_single pti ssbd ibrs ibpb stibp fsgsbase bmi1 avx2 smep bmi2 erms invpcid rdseed adx smap clflushopt xsaveopt xsavec xgetbv1 xsaves flush_l1d arch_capabilities

Online cpus: 0-11
Offline cpus: 
BIOS frequency limitation: <Not Available>
Frequency switch latency (ns): <Not Available>
Available cpu frequencies: <Not Available>
Current governor: <Not Available>
Core performance/turbo boost: <Not Available>

Memory: 4k page, physical 12961960k(12415160k free), swap 4194304k(4194304k free)
Page Sizes: 4k

vm_info: OpenJDK 64-Bit Server VM (19+36-2238) for linux-amd64 JRE (19+36-2238), built on 2022-08-12T20:29:01Z by "mach5one" with gcc 11.2.0

END.
