#
# A fatal error has been detected by the Java Runtime Environment:
#
#  SIGSEGV (0xb) at pc=0x00007fd134019a06, pid=16284, tid=16285
#
# JRE version: OpenJDK Runtime Environment (19.0+36) (build 19+36-2238)
# Java VM: OpenJDK 64-Bit Server VM (19+36-2238, mixed mode, sharing, tiered, compressed oops, compressed class ptrs, g1 gc, linux-amd64)
# Problematic frame:
# C  [liburing18103715449854749508.so+0x2a06]  io_uring_prep_rw+0x6
#
# No core dump will be written. Core dumps have been disabled. To enable core dumping, try "ulimit -c unlimited" before starting Java again
#
# If you would like to submit a bug report, please visit:
#   https://bugreport.java.com/bugreport/crash.jsp
# The crash happened outside the Java Virtual Machine in native code.
# See problematic frame for where to report the bug.
#

---------------  S U M M A R Y ------------

Command Line: -agentlib:jdwp=transport=dt_socket,address=0.0.0.0:12345,suspend=y,server=y --enable-preview -Dfile.encoding=UTF-8 -Dsun.stdout.encoding=UTF-8 -Dsun.stderr.encoding=UTF-8 iouring.FileOp

Host: Intel(R) Core(TM) i7-8750H CPU @ 2.20GHz, 12 cores, 12G, Ubuntu 20.04.3 LTS
Time: Sun Jan  1 03:11:42 2023 CST elapsed time: 1.822713 seconds (0d 0h 0m 1s)

---------------  T H R E A D  ---------------

Current thread (0x00007fd130028320):  JavaThread "main" [_thread_in_native, id=16285, stack(0x00007fd135c27000,0x00007fd135d28000)]

Stack: [0x00007fd135c27000,0x00007fd135d28000],  sp=0x00007fd135d26118,  free space=1020k
Native frames: (J=compiled Java code, j=interpreted, Vv=VM code, C=native code)
C  [liburing18103715449854749508.so+0x2a06]  io_uring_prep_rw+0x6
j  java.lang.invoke.LambdaForm$MH+0x000000080102dc00.invoke(Ljava/lang/Object;JIJIJIJJ)V+22 java.base@19
j  java.lang.invoke.LambdaForm$MH+0x0000000801031400.invokeExact_MT(Ljava/lang/Object;JIJIJIJJLjava/lang/Object;)V+33 java.base@19
j  jdk.internal.foreign.abi.DowncallStub+0x000000080102e000.invoke(Ljava/lang/foreign/SegmentAllocator;Ljava/lang/foreign/Addressable;ILjava/lang/foreign/Addressable;ILjava/lang/foreign/Addressable;IJJ)V+165 java.base@19
j  java.lang.invoke.LambdaForm$DMH+0x000000080102e400.invokeStatic(Ljava/lang/Object;Ljava/lang/Object;Ljava/lang/Object;ILjava/lang/Object;ILjava/lang/Object;IJJ)V+26 java.base@19
j  java.lang.invoke.LambdaForm$MH+0x0000000801030400.invoke(Ljava/lang/Object;ILjava/lang/Object;ILjava/lang/Object;IJ)V+65 java.base@19
j  java.lang.invoke.LambdaForm$MH+0x0000000801030c00.invokeExact_MT(Ljava/lang/Object;ILjava/lang/Object;ILjava/lang/Object;IJLjava/lang/Object;)V+28 java.base@19
j  top.dreamlike.nativeLib.liburing.liburing_h.io_uring_prep_rw(ILjava/lang/foreign/Addressable;ILjava/lang/foreign/Addressable;IJ)V+15
j  top.dreamlike.nativeLib.liburing.liburing_h_1.io_uring_prep_provide_buffers(Ljava/lang/foreign/Addressable;Ljava/lang/foreign/Addressable;IIII)V+10
j  top.dreamlike.async.uring.IOUring.provideBuffer(Ljava/lang/foreign/MemorySegment;IZ)Z+29
j  top.dreamlike.async.uring.IOUring.<init>(II)V+171
j  top.dreamlike.async.uring.IOUring.<init>(I)V+4
j  iouring.FileOp.main([Ljava/lang/String;)V+5
v  ~StubRoutines::call_stub 0x00007fd12052fcc6
V  [libjvm.so+0x882925]  JavaCalls::call_helper(JavaValue*, methodHandle const&, JavaCallArguments*, JavaThread*)+0x315
V  [libjvm.so+0x9225ba]  jni_invoke_static(JNIEnv_*, JavaValue*, _jobject*, JNICallType, _jmethodID*, JNI_ArgumentPusher*, JavaThread*) [clone .constprop.1]+0x3ba
V  [libjvm.so+0x9252d2]  jni_CallStaticVoidMethod+0x152
C  [libjli.so+0x468b]  JavaMain+0xd2b
C  [libjli.so+0x7c49]  ThreadJavaMain+0x9

Java frames: (J=compiled Java code, j=interpreted, Vv=VM code)
v  ~RuntimeStub::nep_invoker_blob 0x00007fd1206a3008
j  java.lang.invoke.LambdaForm$MH+0x000000080102dc00.invoke(Ljava/lang/Object;JIJIJIJJ)V+22 java.base@19
j  java.lang.invoke.LambdaForm$MH+0x0000000801031400.invokeExact_MT(Ljava/lang/Object;JIJIJIJJLjava/lang/Object;)V+33 java.base@19
j  jdk.internal.foreign.abi.DowncallStub+0x000000080102e000.invoke(Ljava/lang/foreign/SegmentAllocator;Ljava/lang/foreign/Addressable;ILjava/lang/foreign/Addressable;ILjava/lang/foreign/Addressable;IJJ)V+165 java.base@19
j  java.lang.invoke.LambdaForm$DMH+0x000000080102e400.invokeStatic(Ljava/lang/Object;Ljava/lang/Object;Ljava/lang/Object;ILjava/lang/Object;ILjava/lang/Object;IJJ)V+26 java.base@19
j  java.lang.invoke.LambdaForm$MH+0x0000000801030400.invoke(Ljava/lang/Object;ILjava/lang/Object;ILjava/lang/Object;IJ)V+65 java.base@19
j  java.lang.invoke.LambdaForm$MH+0x0000000801030c00.invokeExact_MT(Ljava/lang/Object;ILjava/lang/Object;ILjava/lang/Object;IJLjava/lang/Object;)V+28 java.base@19
j  top.dreamlike.nativeLib.liburing.liburing_h.io_uring_prep_rw(ILjava/lang/foreign/Addressable;ILjava/lang/foreign/Addressable;IJ)V+15
j  top.dreamlike.nativeLib.liburing.liburing_h_1.io_uring_prep_provide_buffers(Ljava/lang/foreign/Addressable;Ljava/lang/foreign/Addressable;IIII)V+10
j  top.dreamlike.async.uring.IOUring.provideBuffer(Ljava/lang/foreign/MemorySegment;IZ)Z+29
j  top.dreamlike.async.uring.IOUring.<init>(II)V+171
j  top.dreamlike.async.uring.IOUring.<init>(I)V+4
j  iouring.FileOp.main([Ljava/lang/String;)V+5
v  ~StubRoutines::call_stub 0x00007fd12052fcc6

siginfo: si_signo: 11 (SIGSEGV), si_code: 1 (SEGV_MAPERR), si_addr: 0x0000000000000000

Registers:
RAX=0x0000000000000000, RBX=0x000000000000001f, RCX=0x00007fd1302abf10, RDX=0x0000000000000001
RSP=0x00007fd135d26118, RBP=0x00007fd135d26120, RSI=0x0000000000000000, RDI=0x000000000000001f
R8 =0x0000000000000400, R9 =0x0000000000000001, R10=0x00007fd134019a00, R11=0x00007fd120af0e00
R12=0x0000000000000000, R13=0x000000074600f8b8, R14=0x00007fd135d26290, R15=0x00007fd130028320
RIP=0x00007fd134019a06, EFLAGS=0x0000000000010246, CSGSFS=0x002b000000000033, ERR=0x0000000000000006
  TRAPNO=0x000000000000000e


Register to memory mapping:

RAX=0x0 is NULL
RBX=0x000000000000001f is an unknown value
RCX=0x00007fd1302abf10 points into unknown readable memory: 0x0000000000000000 | 00 00 00 00 00 00 00 00
RDX=0x0000000000000001 is an unknown value
RSP=0x00007fd135d26118 is pointing into the stack for thread: 0x00007fd130028320
RBP=0x00007fd135d26120 is pointing into the stack for thread: 0x00007fd130028320
RSI=0x0 is NULL
RDI=0x000000000000001f is an unknown value
R8 =0x0000000000000400 is an unknown value
R9 =0x0000000000000001 is an unknown value
R10=0x00007fd134019a00: io_uring_prep_rw+0x0000000000000000 in /tmp/liburing18103715449854749508.so at 0x00007fd134017000
R11=0x00007fd120af0e00 is at entry_point+0 in (nmethod*)0x00007fd120af0c90
Compiled method (n/a)    1826  557     n 0       java.lang.invoke.MethodHandle::linkToNative(JIJIJIJJL)V (native)
 total in heap  [0x00007fd120af0c90,0x00007fd120af0e10] = 384
 main code      [0x00007fd120af0e00,0x00007fd120af0e0c] = 12
 stub code      [0x00007fd120af0e0c,0x00007fd120af0e10] = 4
R12=0x0 is NULL
R13=0x000000074600f8b8 is an oop: jdk.internal.foreign.abi.NativeEntryPoint 
{0x000000074600f8b8} - klass: 'jdk/internal/foreign/abi/NativeEntryPoint'
 - ---- fields (total size 3 words):
 - private final 'methodType' 'Ljava/lang/invoke/MethodType;' @12  a 'java/lang/invoke/MethodType'{0x000000074600ed68} = (JIJIJIJJ)V (e8c01dad)
 - private final 'downcallStubAddress' 'J' @16  140536168722432 (206a3000 7fd1)
R14=0x00007fd135d26290 is pointing into the stack for thread: 0x00007fd130028320
R15=0x00007fd130028320 is a thread


Top of Stack: (sp=0x00007fd135d26118)
0x00007fd135d26118:   00007fd1206a3055 00007fd135d26210
0x00007fd135d26128:   00007fd12054a6d2 0000000000000001
0x00007fd135d26138:   0000000000000000 000000074600f8b8
0x00007fd135d26148:   00007fd130028320 00007fd12054a6d2 

Instructions: (pc=0x00007fd134019a06)
0x00007fd134019906:   48 33 04 25 28 00 00 00 75 0e 48 81 c4 e8 00 00
0x00007fd134019916:   00 4c 89 e0 5d 41 5c c3 e8 ed f8 ff ff 66 66 2e
0x00007fd134019926:   0f 1f 84 00 00 00 00 00 66 90 f3 0f 1e fa e9 77
0x00007fd134019936:   f8 ff ff 0f 1f 80 00 00 00 00 f3 0f 1e fa 41 54
0x00007fd134019946:   53 48 63 de 48 83 ec 08 e8 7d f9 ff ff 44 0f b7
0x00007fd134019956:   64 d8 12 48 89 c7 e8 bf f8 ff ff 48 83 c4 08 41
0x00007fd134019966:   83 e4 01 5b 44 89 e0 41 5c c3 8b 8f c0 00 00 00
0x00007fd134019976:   83 e1 02 75 3d 85 d2 75 31 89 c8 83 c8 01 f6 87
0x00007fd134019986:   c0 00 00 00 01 0f 45 c8 48 83 ec 08 8b bf c4 00
0x00007fd134019996:   00 00 45 31 c0 e8 d0 06 00 00 85 c0 78 2c 48 83
0x00007fd1340199a6:   c4 08 c3 0f 1f 80 00 00 00 00 83 c9 01 eb d9 0f
0x00007fd1340199b6:   1f 00 48 8b 47 20 8b 00 a8 01 75 2e 85 d2 75 1a
0x00007fd1340199c6:   89 f0 c3 0f 1f 80 00 00 00 00 e8 eb f7 ff ff 8b
0x00007fd1340199d6:   00 48 83 c4 08 f7 d8 c3 66 90 b9 01 00 00 00 eb
0x00007fd1340199e6:   a7 66 0f 1f 84 00 00 00 00 00 b9 02 00 00 00 eb
0x00007fd1340199f6:   84 66 0f 1f 84 00 00 00 00 00 f3 0f 1e fa 31 c0
0x00007fd134019a06:   40 88 3e c6 46 01 00 66 89 46 02 89 56 04 4c 89
0x00007fd134019a16:   4e 08 48 89 4e 10 44 89 46 18 c7 46 1c 00 00 00
0x00007fd134019a26:   00 48 c7 46 20 00 00 00 00 48 c7 46 38 00 00 00
0x00007fd134019a36:   00 48 c7 46 30 00 00 00 00 48 c7 46 28 00 00 00
0x00007fd134019a46:   00 c3 0f 1f 84 00 00 00 00 00 f3 0f 1e fa 85 f6
0x00007fd134019a56:   75 08 c3 0f 1f 80 00 00 00 00 48 8b 47 68 03 30
0x00007fd134019a66:   89 30 c3 0f 1f 80 00 00 00 00 41 57 41 56 41 55
0x00007fd134019a76:   49 89 d5 41 54 49 89 f4 55 48 89 fd 53 48 83 ec
0x00007fd134019a86:   08 66 0f 1f 84 00 00 00 00 00 48 8b 45 78 44 8b
0x00007fd134019a96:   38 48 8b 45 70 8b 00 48 8b 55 68 8b 1a 29 d8 74
0x00007fd134019aa6:   59 44 21 fb 48 c1 e3 04 48 03 9d 98 00 00 00 f6
0x00007fd134019ab6:   85 c9 00 00 00 01 0f 85 c6 00 00 00 48 83 3b ff
0x00007fd134019ac6:   0f 85 c5 00 00 00 44 8b 73 08 be 01 00 00 00 48
0x00007fd134019ad6:   89 ef 45 85 f6 0f 88 cf 00 00 00 e8 ea f6 ff ff
0x00007fd134019ae6:   48 8b 45 70 8b 00 48 8b 55 68 8b 1a 29 d8 75 b1
0x00007fd134019af6:   66 2e 0f 1f 84 00 00 00 00 00 49 83 7d 00 00 0f 


Stack slot to memory mapping:
stack at sp + 0 slots: 0x00007fd1206a3055 is at code_begin+85 in 
[CodeBlob (0x00007fd1206a2f90)]
Framesize: 2
Runtime Stub (0x00007fd1206a2f90): nep_invoker_blob
--------------------------------------------------------------------------------
Decoding CodeBlob, name: nep_invoker_blob, at  [0x00007fd1206a3000, 0x00007fd1206a3108]  264 bytes
[MachCode]
  0x00007fd1206a3000: 5548 8bec | 4883 ec00 | c5f8 7749 | 89af d002 | 0000 49ba | 0830 6a20 | d17f 0000 | 4d89 97c8 
  0x00007fd1206a3020: 0200 0049 | 89a7 c002 | 0000 41c7 | 8774 0300 | 0004 0000 | 0048 8b45 | 184c 8bd6 | 488b f149 
  0x00007fd1206a3040: 8bc9 4c8b | 4d10 488b | da49 8bd0 | 4c8b c748 | 8bfb 41ff | d2c5 f877 | 41c7 8774 | 0300 0005 
  0x00007fd1206a3060: 0000 00f0 | 8344 24c0 | 0049 3baf | 7803 0000 | 0f87 5300 | 0000 4181 | bf70 0300 | 0000 0000 
  0x00007fd1206a3080: 000f 8542 | 0000 0041 | c787 7403 | 0000 0800 | 0000 4181 | bfe8 0300 | 0002 0000 | 000f 8444 
  0x00007fd1206a30a0: 0000 0049 | c787 c002 | 0000 0000 | 0000 49c7 | 87d0 0200 | 0000 0000 | 0049 c787 | c802 0000 
  0x00007fd1206a30c0: 0000 0000 | c5f8 77c9 | c3c5 f877 | 498b ff4c | 8be4 4883 | ec00 4883 | e4f0 e8f1 | dc61 1649 
  0x00007fd1206a30e0: 8be4 4d33 | e4eb a0c5 | f877 4c8b | e448 83ec | 0048 83e4 | f0e8 766b | 5216 498b | e44d 33e4 
  0x00007fd1206a3100: eba1 f4f4 | f4f4 f4f4 
[/MachCode]
--------------------------------------------------------------------------------
stack at sp + 1 slots: 0x00007fd135d26210 is pointing into the stack for thread: 0x00007fd130028320
stack at sp + 2 slots: 0x00007fd12054a6d2 is at code_begin+2802 in an Interpreter codelet
return entry points  [0x00007fd120549be0, 0x00007fd12054b748]  7016 bytes
stack at sp + 3 slots: 0x0000000000000001 is an unknown value
stack at sp + 4 slots: 0x0 is NULL
stack at sp + 5 slots: 0x000000074600f8b8 is an oop: jdk.internal.foreign.abi.NativeEntryPoint 
{0x000000074600f8b8} - klass: 'jdk/internal/foreign/abi/NativeEntryPoint'
 - ---- fields (total size 3 words):
 - private final 'methodType' 'Ljava/lang/invoke/MethodType;' @12  a 'java/lang/invoke/MethodType'{0x000000074600ed68} = (JIJIJIJJ)V (e8c01dad)
 - private final 'downcallStubAddress' 'J' @16  140536168722432 (206a3000 7fd1)
stack at sp + 6 slots: 0x00007fd130028320 is a thread
stack at sp + 7 slots: 0x00007fd12054a6d2 is at code_begin+2802 in an Interpreter codelet
return entry points  [0x00007fd120549be0, 0x00007fd12054b748]  7016 bytes

--------------------------------------------------------------------------------
Decoding CodeBlob, name: nep_invoker_blob, at  [0x00007fd1206a3000, 0x00007fd1206a3108]  264 bytes
[MachCode]
  0x00007fd1206a3000: 5548 8bec | 4883 ec00 | c5f8 7749 | 89af d002 | 0000 49ba | 0830 6a20 | d17f 0000 | 4d89 97c8 
  0x00007fd1206a3020: 0200 0049 | 89a7 c002 | 0000 41c7 | 8774 0300 | 0004 0000 | 0048 8b45 | 184c 8bd6 | 488b f149 
  0x00007fd1206a3040: 8bc9 4c8b | 4d10 488b | da49 8bd0 | 4c8b c748 | 8bfb 41ff | d2c5 f877 | 41c7 8774 | 0300 0005 
  0x00007fd1206a3060: 0000 00f0 | 8344 24c0 | 0049 3baf | 7803 0000 | 0f87 5300 | 0000 4181 | bf70 0300 | 0000 0000 
  0x00007fd1206a3080: 000f 8542 | 0000 0041 | c787 7403 | 0000 0800 | 0000 4181 | bfe8 0300 | 0002 0000 | 000f 8444 
  0x00007fd1206a30a0: 0000 0049 | c787 c002 | 0000 0000 | 0000 49c7 | 87d0 0200 | 0000 0000 | 0049 c787 | c802 0000 
  0x00007fd1206a30c0: 0000 0000 | c5f8 77c9 | c3c5 f877 | 498b ff4c | 8be4 4883 | ec00 4883 | e4f0 e8f1 | dc61 1649 
  0x00007fd1206a30e0: 8be4 4d33 | e4eb a0c5 | f877 4c8b | e448 83ec | 0048 83e4 | f0e8 766b | 5216 498b | e44d 33e4 
  0x00007fd1206a3100: eba1 f4f4 | f4f4 f4f4 
[/MachCode]
--------------------------------------------------------------------------------


---------------  P R O C E S S  ---------------

Threads class SMR info:
_java_thread_list=0x00007fd130180ee0, length=14, elements={
0x00007fd130028320, 0x00007fd13014d300, 0x00007fd13014e6c0, 0x00007fd13014fe20,
0x00007fd1301512a0, 0x00007fd130152710, 0x00007fd130154120, 0x00007fd1301556b0,
0x00007fd13015eb70, 0x00007fd130176ac0, 0x00007fd13017ac80, 0x00007fd0c8000ff0,
0x00007fd13017be00, 0x00007fd130180020
}

Java Threads: ( => current thread )
=>0x00007fd130028320 JavaThread "main" [_thread_in_native, id=16285, stack(0x00007fd135c27000,0x00007fd135d28000)]
  0x00007fd13014d300 JavaThread "Reference Handler" daemon [_thread_blocked, id=16297, stack(0x00007fd10314a000,0x00007fd10324b000)]
  0x00007fd13014e6c0 JavaThread "Finalizer" daemon [_thread_blocked, id=16298, stack(0x00007fd103049000,0x00007fd10314a000)]
  0x00007fd13014fe20 JavaThread "Signal Dispatcher" daemon [_thread_blocked, id=16299, stack(0x00007fd102f48000,0x00007fd103049000)]
  0x00007fd1301512a0 JavaThread "Service Thread" daemon [_thread_blocked, id=16300, stack(0x00007fd102e47000,0x00007fd102f48000)]
  0x00007fd130152710 JavaThread "Monitor Deflation Thread" daemon [_thread_blocked, id=16301, stack(0x00007fd102d46000,0x00007fd102e47000)]
  0x00007fd130154120 JavaThread "C2 CompilerThread0" daemon [_thread_blocked, id=16302, stack(0x00007fd102c45000,0x00007fd102d46000)]
  0x00007fd1301556b0 JavaThread "C1 CompilerThread0" daemon [_thread_blocked, id=16303, stack(0x00007fd102b44000,0x00007fd102c45000)]
  0x00007fd13015eb70 JavaThread "Sweeper thread" daemon [_thread_blocked, id=16304, stack(0x00007fd102a43000,0x00007fd102b44000)]
  0x00007fd130176ac0 JavaThread "JDWP Transport Listener: dt_socket" daemon [_thread_blocked, id=16307, stack(0x00007fd102942000,0x00007fd102a43000)]
  0x00007fd13017ac80 JavaThread "JDWP Event Helper Thread" daemon [_thread_blocked, id=16308, stack(0x00007fd102841000,0x00007fd102942000)]
  0x00007fd0c8000ff0 JavaThread "JDWP Command Reader" daemon [_thread_in_native, id=16468, stack(0x00007fd102740000,0x00007fd102841000)]
  0x00007fd13017be00 JavaThread "Notification Thread" daemon [_thread_blocked, id=16469, stack(0x00007fd10263f000,0x00007fd102740000)]
  0x00007fd130180020 JavaThread "Common-Cleaner" daemon [_thread_blocked, id=16471, stack(0x00007fd10243c000,0x00007fd10253d000)]

Other Threads:
  0x00007fd130142bb0 VMThread "VM Thread" [stack: 0x00007fd1036a6000,0x00007fd1037a6000] [id=16295]
  0x00007fd13017d6b0 WatcherThread "VM Periodic Task Thread" [stack: 0x00007fd10253f000,0x00007fd10263f000] [id=16470]
  0x00007fd130087900 WorkerThread "GC Thread#0" [stack: 0x00007fd1341ce000,0x00007fd1342ce000] [id=16287]
  0x00007fd130095510 ConcurrentGCThread "G1 Main Marker" [stack: 0x00007fd1340cc000,0x00007fd1341cc000] [id=16288]
  0x00007fd130096430 WorkerThread "G1 Conc#0" [stack: 0x00007fd1125d9000,0x00007fd1126d9000] [id=16289]
  0x00007fd130027310 ConcurrentGCThread "G1 Refine#0" [stack: 0x00007fd1039fb000,0x00007fd103afb000] [id=16292]
  0x00007fd130116560 ConcurrentGCThread "G1 Service" [stack: 0x00007fd1038f9000,0x00007fd1039f9000] [id=16293]

Threads with active compile tasks:

VM state: not at safepoint (normal execution)

VM Mutex/Monitor currently owned by a thread: None

Heap address: 0x000000073a200000, size: 3166 MB, Compressed Oops mode: Zero based, Oop shift amount: 3

CDS archive(s) mapped at: [0x0000000800000000-0x0000000800c4e000-0x0000000800c4e000), size 12902400, SharedBaseAddress: 0x0000000800000000, ArchiveRelocationMode: 0.
Compressed class space mapped at: 0x0000000801000000-0x0000000841000000, reserved size: 1073741824
Narrow klass base: 0x0000000800000000, Narrow klass shift: 0, Narrow klass range: 0x100000000

GC Precious Log:
 CardTable entry size: 512
 Card Set container configuration: InlinePtr #cards 4 size 8 Array Of Cards #cards 8 size 32 Howl #buckets 8 coarsen threshold 3686 Howl Bitmap #cards 512 size 80 coarsen threshold 460 Card regions per heap region 1 cards per card region 4096
 CPUs: 12 total, 12 available
 Memory: 12658M
 Large Page Support: Disabled
 NUMA Support: Disabled
 Compressed Oops: Enabled (Zero based)
 Heap Region Size: 2M
 Heap Min Capacity: 8M
 Heap Initial Capacity: 198M
 Heap Max Capacity: 3166M
 Pre-touch: Disabled
 Parallel Workers: 10
 Concurrent Workers: 3
 Concurrent Refinement Workers: 10
 Periodic GC: Disabled

Heap:
 garbage-first heap   total 206848K, used 8160K [0x000000073a200000, 0x0000000800000000)
  region size 2048K, 4 young (8192K), 0 survivors (0K)
 Metaspace       used 2977K, committed 3328K, reserved 1114112K
  class space    used 302K, committed 512K, reserved 1048576K

Heap Regions: E=young(eden), S=young(survivor), O=old, HS=humongous(starts), HC=humongous(continues), CS=collection set, F=free, OA=open archive, CA=closed archive, TAMS=top-at-mark-start (previous, next)
|   0|0x000000073a200000, 0x000000073a200000, 0x000000073a400000|  0%| F|  |TAMS 0x000000073a200000, 0x000000073a200000| Untracked 
|   1|0x000000073a400000, 0x000000073a400000, 0x000000073a600000|  0%| F|  |TAMS 0x000000073a400000, 0x000000073a400000| Untracked 
|   2|0x000000073a600000, 0x000000073a600000, 0x000000073a800000|  0%| F|  |TAMS 0x000000073a600000, 0x000000073a600000| Untracked 
|   3|0x000000073a800000, 0x000000073a800000, 0x000000073aa00000|  0%| F|  |TAMS 0x000000073a800000, 0x000000073a800000| Untracked 
|   4|0x000000073aa00000, 0x000000073aa00000, 0x000000073ac00000|  0%| F|  |TAMS 0x000000073aa00000, 0x000000073aa00000| Untracked 
|   5|0x000000073ac00000, 0x000000073ac00000, 0x000000073ae00000|  0%| F|  |TAMS 0x000000073ac00000, 0x000000073ac00000| Untracked 
|   6|0x000000073ae00000, 0x000000073ae00000, 0x000000073b000000|  0%| F|  |TAMS 0x000000073ae00000, 0x000000073ae00000| Untracked 
|   7|0x000000073b000000, 0x000000073b000000, 0x000000073b200000|  0%| F|  |TAMS 0x000000073b000000, 0x000000073b000000| Untracked 
|   8|0x000000073b200000, 0x000000073b200000, 0x000000073b400000|  0%| F|  |TAMS 0x000000073b200000, 0x000000073b200000| Untracked 
|   9|0x000000073b400000, 0x000000073b400000, 0x000000073b600000|  0%| F|  |TAMS 0x000000073b400000, 0x000000073b400000| Untracked 
|  10|0x000000073b600000, 0x000000073b600000, 0x000000073b800000|  0%| F|  |TAMS 0x000000073b600000, 0x000000073b600000| Untracked 
|  11|0x000000073b800000, 0x000000073b800000, 0x000000073ba00000|  0%| F|  |TAMS 0x000000073b800000, 0x000000073b800000| Untracked 
|  12|0x000000073ba00000, 0x000000073ba00000, 0x000000073bc00000|  0%| F|  |TAMS 0x000000073ba00000, 0x000000073ba00000| Untracked 
|  13|0x000000073bc00000, 0x000000073bc00000, 0x000000073be00000|  0%| F|  |TAMS 0x000000073bc00000, 0x000000073bc00000| Untracked 
|  14|0x000000073be00000, 0x000000073be00000, 0x000000073c000000|  0%| F|  |TAMS 0x000000073be00000, 0x000000073be00000| Untracked 
|  15|0x000000073c000000, 0x000000073c000000, 0x000000073c200000|  0%| F|  |TAMS 0x000000073c000000, 0x000000073c000000| Untracked 
|  16|0x000000073c200000, 0x000000073c200000, 0x000000073c400000|  0%| F|  |TAMS 0x000000073c200000, 0x000000073c200000| Untracked 
|  17|0x000000073c400000, 0x000000073c400000, 0x000000073c600000|  0%| F|  |TAMS 0x000000073c400000, 0x000000073c400000| Untracked 
|  18|0x000000073c600000, 0x000000073c600000, 0x000000073c800000|  0%| F|  |TAMS 0x000000073c600000, 0x000000073c600000| Untracked 
|  19|0x000000073c800000, 0x000000073c800000, 0x000000073ca00000|  0%| F|  |TAMS 0x000000073c800000, 0x000000073c800000| Untracked 
|  20|0x000000073ca00000, 0x000000073ca00000, 0x000000073cc00000|  0%| F|  |TAMS 0x000000073ca00000, 0x000000073ca00000| Untracked 
|  21|0x000000073cc00000, 0x000000073cc00000, 0x000000073ce00000|  0%| F|  |TAMS 0x000000073cc00000, 0x000000073cc00000| Untracked 
|  22|0x000000073ce00000, 0x000000073ce00000, 0x000000073d000000|  0%| F|  |TAMS 0x000000073ce00000, 0x000000073ce00000| Untracked 
|  23|0x000000073d000000, 0x000000073d000000, 0x000000073d200000|  0%| F|  |TAMS 0x000000073d000000, 0x000000073d000000| Untracked 
|  24|0x000000073d200000, 0x000000073d200000, 0x000000073d400000|  0%| F|  |TAMS 0x000000073d200000, 0x000000073d200000| Untracked 
|  25|0x000000073d400000, 0x000000073d400000, 0x000000073d600000|  0%| F|  |TAMS 0x000000073d400000, 0x000000073d400000| Untracked 
|  26|0x000000073d600000, 0x000000073d600000, 0x000000073d800000|  0%| F|  |TAMS 0x000000073d600000, 0x000000073d600000| Untracked 
|  27|0x000000073d800000, 0x000000073d800000, 0x000000073da00000|  0%| F|  |TAMS 0x000000073d800000, 0x000000073d800000| Untracked 
|  28|0x000000073da00000, 0x000000073da00000, 0x000000073dc00000|  0%| F|  |TAMS 0x000000073da00000, 0x000000073da00000| Untracked 
|  29|0x000000073dc00000, 0x000000073dc00000, 0x000000073de00000|  0%| F|  |TAMS 0x000000073dc00000, 0x000000073dc00000| Untracked 
|  30|0x000000073de00000, 0x000000073de00000, 0x000000073e000000|  0%| F|  |TAMS 0x000000073de00000, 0x000000073de00000| Untracked 
|  31|0x000000073e000000, 0x000000073e000000, 0x000000073e200000|  0%| F|  |TAMS 0x000000073e000000, 0x000000073e000000| Untracked 
|  32|0x000000073e200000, 0x000000073e200000, 0x000000073e400000|  0%| F|  |TAMS 0x000000073e200000, 0x000000073e200000| Untracked 
|  33|0x000000073e400000, 0x000000073e400000, 0x000000073e600000|  0%| F|  |TAMS 0x000000073e400000, 0x000000073e400000| Untracked 
|  34|0x000000073e600000, 0x000000073e600000, 0x000000073e800000|  0%| F|  |TAMS 0x000000073e600000, 0x000000073e600000| Untracked 
|  35|0x000000073e800000, 0x000000073e800000, 0x000000073ea00000|  0%| F|  |TAMS 0x000000073e800000, 0x000000073e800000| Untracked 
|  36|0x000000073ea00000, 0x000000073ea00000, 0x000000073ec00000|  0%| F|  |TAMS 0x000000073ea00000, 0x000000073ea00000| Untracked 
|  37|0x000000073ec00000, 0x000000073ec00000, 0x000000073ee00000|  0%| F|  |TAMS 0x000000073ec00000, 0x000000073ec00000| Untracked 
|  38|0x000000073ee00000, 0x000000073ee00000, 0x000000073f000000|  0%| F|  |TAMS 0x000000073ee00000, 0x000000073ee00000| Untracked 
|  39|0x000000073f000000, 0x000000073f000000, 0x000000073f200000|  0%| F|  |TAMS 0x000000073f000000, 0x000000073f000000| Untracked 
|  40|0x000000073f200000, 0x000000073f200000, 0x000000073f400000|  0%| F|  |TAMS 0x000000073f200000, 0x000000073f200000| Untracked 
|  41|0x000000073f400000, 0x000000073f400000, 0x000000073f600000|  0%| F|  |TAMS 0x000000073f400000, 0x000000073f400000| Untracked 
|  42|0x000000073f600000, 0x000000073f600000, 0x000000073f800000|  0%| F|  |TAMS 0x000000073f600000, 0x000000073f600000| Untracked 
|  43|0x000000073f800000, 0x000000073f800000, 0x000000073fa00000|  0%| F|  |TAMS 0x000000073f800000, 0x000000073f800000| Untracked 
|  44|0x000000073fa00000, 0x000000073fa00000, 0x000000073fc00000|  0%| F|  |TAMS 0x000000073fa00000, 0x000000073fa00000| Untracked 
|  45|0x000000073fc00000, 0x000000073fc00000, 0x000000073fe00000|  0%| F|  |TAMS 0x000000073fc00000, 0x000000073fc00000| Untracked 
|  46|0x000000073fe00000, 0x000000073fe00000, 0x0000000740000000|  0%| F|  |TAMS 0x000000073fe00000, 0x000000073fe00000| Untracked 
|  47|0x0000000740000000, 0x0000000740000000, 0x0000000740200000|  0%| F|  |TAMS 0x0000000740000000, 0x0000000740000000| Untracked 
|  48|0x0000000740200000, 0x0000000740200000, 0x0000000740400000|  0%| F|  |TAMS 0x0000000740200000, 0x0000000740200000| Untracked 
|  49|0x0000000740400000, 0x0000000740400000, 0x0000000740600000|  0%| F|  |TAMS 0x0000000740400000, 0x0000000740400000| Untracked 
|  50|0x0000000740600000, 0x0000000740600000, 0x0000000740800000|  0%| F|  |TAMS 0x0000000740600000, 0x0000000740600000| Untracked 
|  51|0x0000000740800000, 0x0000000740800000, 0x0000000740a00000|  0%| F|  |TAMS 0x0000000740800000, 0x0000000740800000| Untracked 
|  52|0x0000000740a00000, 0x0000000740a00000, 0x0000000740c00000|  0%| F|  |TAMS 0x0000000740a00000, 0x0000000740a00000| Untracked 
|  53|0x0000000740c00000, 0x0000000740c00000, 0x0000000740e00000|  0%| F|  |TAMS 0x0000000740c00000, 0x0000000740c00000| Untracked 
|  54|0x0000000740e00000, 0x0000000740e00000, 0x0000000741000000|  0%| F|  |TAMS 0x0000000740e00000, 0x0000000740e00000| Untracked 
|  55|0x0000000741000000, 0x0000000741000000, 0x0000000741200000|  0%| F|  |TAMS 0x0000000741000000, 0x0000000741000000| Untracked 
|  56|0x0000000741200000, 0x0000000741200000, 0x0000000741400000|  0%| F|  |TAMS 0x0000000741200000, 0x0000000741200000| Untracked 
|  57|0x0000000741400000, 0x0000000741400000, 0x0000000741600000|  0%| F|  |TAMS 0x0000000741400000, 0x0000000741400000| Untracked 
|  58|0x0000000741600000, 0x0000000741600000, 0x0000000741800000|  0%| F|  |TAMS 0x0000000741600000, 0x0000000741600000| Untracked 
|  59|0x0000000741800000, 0x0000000741800000, 0x0000000741a00000|  0%| F|  |TAMS 0x0000000741800000, 0x0000000741800000| Untracked 
|  60|0x0000000741a00000, 0x0000000741a00000, 0x0000000741c00000|  0%| F|  |TAMS 0x0000000741a00000, 0x0000000741a00000| Untracked 
|  61|0x0000000741c00000, 0x0000000741c00000, 0x0000000741e00000|  0%| F|  |TAMS 0x0000000741c00000, 0x0000000741c00000| Untracked 
|  62|0x0000000741e00000, 0x0000000741e00000, 0x0000000742000000|  0%| F|  |TAMS 0x0000000741e00000, 0x0000000741e00000| Untracked 
|  63|0x0000000742000000, 0x0000000742000000, 0x0000000742200000|  0%| F|  |TAMS 0x0000000742000000, 0x0000000742000000| Untracked 
|  64|0x0000000742200000, 0x0000000742200000, 0x0000000742400000|  0%| F|  |TAMS 0x0000000742200000, 0x0000000742200000| Untracked 
|  65|0x0000000742400000, 0x0000000742400000, 0x0000000742600000|  0%| F|  |TAMS 0x0000000742400000, 0x0000000742400000| Untracked 
|  66|0x0000000742600000, 0x0000000742600000, 0x0000000742800000|  0%| F|  |TAMS 0x0000000742600000, 0x0000000742600000| Untracked 
|  67|0x0000000742800000, 0x0000000742800000, 0x0000000742a00000|  0%| F|  |TAMS 0x0000000742800000, 0x0000000742800000| Untracked 
|  68|0x0000000742a00000, 0x0000000742a00000, 0x0000000742c00000|  0%| F|  |TAMS 0x0000000742a00000, 0x0000000742a00000| Untracked 
|  69|0x0000000742c00000, 0x0000000742c00000, 0x0000000742e00000|  0%| F|  |TAMS 0x0000000742c00000, 0x0000000742c00000| Untracked 
|  70|0x0000000742e00000, 0x0000000742e00000, 0x0000000743000000|  0%| F|  |TAMS 0x0000000742e00000, 0x0000000742e00000| Untracked 
|  71|0x0000000743000000, 0x0000000743000000, 0x0000000743200000|  0%| F|  |TAMS 0x0000000743000000, 0x0000000743000000| Untracked 
|  72|0x0000000743200000, 0x0000000743200000, 0x0000000743400000|  0%| F|  |TAMS 0x0000000743200000, 0x0000000743200000| Untracked 
|  73|0x0000000743400000, 0x0000000743400000, 0x0000000743600000|  0%| F|  |TAMS 0x0000000743400000, 0x0000000743400000| Untracked 
|  74|0x0000000743600000, 0x0000000743600000, 0x0000000743800000|  0%| F|  |TAMS 0x0000000743600000, 0x0000000743600000| Untracked 
|  75|0x0000000743800000, 0x0000000743800000, 0x0000000743a00000|  0%| F|  |TAMS 0x0000000743800000, 0x0000000743800000| Untracked 
|  76|0x0000000743a00000, 0x0000000743a00000, 0x0000000743c00000|  0%| F|  |TAMS 0x0000000743a00000, 0x0000000743a00000| Untracked 
|  77|0x0000000743c00000, 0x0000000743c00000, 0x0000000743e00000|  0%| F|  |TAMS 0x0000000743c00000, 0x0000000743c00000| Untracked 
|  78|0x0000000743e00000, 0x0000000743e00000, 0x0000000744000000|  0%| F|  |TAMS 0x0000000743e00000, 0x0000000743e00000| Untracked 
|  79|0x0000000744000000, 0x0000000744000000, 0x0000000744200000|  0%| F|  |TAMS 0x0000000744000000, 0x0000000744000000| Untracked 
|  80|0x0000000744200000, 0x0000000744200000, 0x0000000744400000|  0%| F|  |TAMS 0x0000000744200000, 0x0000000744200000| Untracked 
|  81|0x0000000744400000, 0x0000000744400000, 0x0000000744600000|  0%| F|  |TAMS 0x0000000744400000, 0x0000000744400000| Untracked 
|  82|0x0000000744600000, 0x0000000744600000, 0x0000000744800000|  0%| F|  |TAMS 0x0000000744600000, 0x0000000744600000| Untracked 
|  83|0x0000000744800000, 0x0000000744800000, 0x0000000744a00000|  0%| F|  |TAMS 0x0000000744800000, 0x0000000744800000| Untracked 
|  84|0x0000000744a00000, 0x0000000744a00000, 0x0000000744c00000|  0%| F|  |TAMS 0x0000000744a00000, 0x0000000744a00000| Untracked 
|  85|0x0000000744c00000, 0x0000000744c00000, 0x0000000744e00000|  0%| F|  |TAMS 0x0000000744c00000, 0x0000000744c00000| Untracked 
|  86|0x0000000744e00000, 0x0000000744e00000, 0x0000000745000000|  0%| F|  |TAMS 0x0000000744e00000, 0x0000000744e00000| Untracked 
|  87|0x0000000745000000, 0x0000000745000000, 0x0000000745200000|  0%| F|  |TAMS 0x0000000745000000, 0x0000000745000000| Untracked 
|  88|0x0000000745200000, 0x0000000745200000, 0x0000000745400000|  0%| F|  |TAMS 0x0000000745200000, 0x0000000745200000| Untracked 
|  89|0x0000000745400000, 0x0000000745400000, 0x0000000745600000|  0%| F|  |TAMS 0x0000000745400000, 0x0000000745400000| Untracked 
|  90|0x0000000745600000, 0x0000000745600000, 0x0000000745800000|  0%| F|  |TAMS 0x0000000745600000, 0x0000000745600000| Untracked 
|  91|0x0000000745800000, 0x0000000745800000, 0x0000000745a00000|  0%| F|  |TAMS 0x0000000745800000, 0x0000000745800000| Untracked 
|  92|0x0000000745a00000, 0x0000000745a00000, 0x0000000745c00000|  0%| F|  |TAMS 0x0000000745a00000, 0x0000000745a00000| Untracked 
|  93|0x0000000745c00000, 0x0000000745c00000, 0x0000000745e00000|  0%| F|  |TAMS 0x0000000745c00000, 0x0000000745c00000| Untracked 
|  94|0x0000000745e00000, 0x0000000745e00000, 0x0000000746000000|  0%| F|  |TAMS 0x0000000745e00000, 0x0000000745e00000| Untracked 
|  95|0x0000000746000000, 0x00000007460e1cc8, 0x0000000746200000| 44%| E|  |TAMS 0x0000000746000000, 0x0000000746000000| Complete 
|  96|0x0000000746200000, 0x0000000746400000, 0x0000000746400000|100%| E|CS|TAMS 0x0000000746200000, 0x0000000746200000| Complete 
|  97|0x0000000746400000, 0x0000000746600000, 0x0000000746600000|100%| E|CS|TAMS 0x0000000746400000, 0x0000000746400000| Complete 
|  98|0x0000000746600000, 0x0000000746800000, 0x0000000746800000|100%| E|CS|TAMS 0x0000000746600000, 0x0000000746600000| Complete 
|1581|0x00000007ffc00000, 0x00000007ffd77000, 0x00000007ffe00000| 73%|OA|  |TAMS 0x00000007ffc00000, 0x00000007ffc00000| Untracked 
|1582|0x00000007ffe00000, 0x00000007ffe81000, 0x0000000800000000| 25%|CA|  |TAMS 0x00000007ffe00000, 0x00000007ffe00000| Untracked 

Card table byte_map: [0x00007fd134335000,0x00007fd134964000] _byte_map_base: 0x00007fd130964000

Marking Bits (Prev, Next): (CMBitMap*) 0x00007fd130088390, (CMBitMap*) 0x00007fd1300883d0
 Prev Bits: [0x00007fd115851000, 0x00007fd1189c9000)
 Next Bits: [0x00007fd1126d9000, 0x00007fd115851000)

Polling page: 0x00007fd137438000

Metaspace:

Usage:
  Non-class:      2.61 MB used.
      Class:    302.02 KB used.
       Both:      2.91 MB used.

Virtual space:
  Non-class space:       64.00 MB reserved,       2.75 MB (  4%) committed,  1 nodes.
      Class space:        1.00 GB reserved,     512.00 KB ( <1%) committed,  1 nodes.
             Both:        1.06 GB reserved,       3.25 MB ( <1%) committed. 

Chunk freelists:
   Non-Class:  3.19 MB
       Class:  3.55 MB
        Both:  6.74 MB

MaxMetaspaceSize: unlimited
CompressedClassSpaceSize: 1.00 GB
Initial GC threshold: 21.00 MB
Current GC threshold: 21.00 MB
CDS: on
MetaspaceReclaimPolicy: balanced
 - commit_granule_bytes: 65536.
 - commit_granule_words: 8192.
 - virtual_space_node_default_size: 8388608.
 - enlarge_chunks_in_place: 1.
 - new_chunks_are_fully_committed: 0.
 - uncommit_free_chunks: 1.
 - use_allocation_guard: 0.


Internal statistics:

num_allocs_failed_limit: 0.
num_arena_births: 366.
num_arena_deaths: 0.
num_vsnodes_births: 2.
num_vsnodes_deaths: 0.
num_space_committed: 52.
num_space_uncommitted: 0.
num_chunks_returned_to_freelist: 0.
num_chunks_taken_from_freelist: 392.
num_chunk_merges: 0.
num_chunk_splits: 286.
num_chunks_enlarged: 194.
num_inconsistent_stats: 0.

CodeHeap 'non-profiled nmethods': size=120028Kb used=221Kb max_used=221Kb free=119806Kb
 bounds [0x00007fd120ac1000, 0x00007fd120d31000, 0x00007fd127ff8000]
CodeHeap 'profiled nmethods': size=120028Kb used=826Kb max_used=826Kb free=119201Kb
 bounds [0x00007fd118ff8000, 0x00007fd119268000, 0x00007fd12052f000]
CodeHeap 'non-nmethods': size=5704Kb used=1496Kb max_used=1513Kb free=4207Kb
 bounds [0x00007fd12052f000, 0x00007fd12079f000, 0x00007fd120ac1000]
 total_blobs=1091 nmethods=598 adapters=396
 compilation: enabled
              stopped_count=0, restarted_count=0
 full_count=0

Compilation events (20 events):
Event: 1.817 Thread 0x00007fd1301556b0  585       3       java.util.Collections$UnmodifiableList::<init> (11 bytes)
Event: 1.817 Thread 0x00007fd1301556b0 nmethod 585 0x00007fd1190c3790 code [0x00007fd1190c3960, 0x00007fd1190c3d20]
Event: 1.817 Thread 0x00007fd1301556b0  584       3       java.lang.foreign.GroupLayout::memberLayouts (8 bytes)
Event: 1.817 Thread 0x00007fd1301556b0 nmethod 584 0x00007fd1190c3e90 code [0x00007fd1190c4040, 0x00007fd1190c41a0]
Event: 1.817 Thread 0x00007fd1301556b0  583       3       java.util.Optional::isPresent (13 bytes)
Event: 1.817 Thread 0x00007fd1301556b0 nmethod 583 0x00007fd1190c4290 code [0x00007fd1190c4420, 0x00007fd1190c4590]
Event: 1.818 Thread 0x00007fd130154120 nmethod 540 0x00007fd120af6810 code [0x00007fd120af69a0, 0x00007fd120af6c38]
Event: 1.818 Thread 0x00007fd130154120  534       4       java.lang.String::equals (56 bytes)
Event: 1.819 Thread 0x00007fd1301556b0  589       1       java.lang.invoke.LambdaForm$BasicType::basicTypeChar (5 bytes)
Event: 1.819 Thread 0x00007fd1301556b0 nmethod 589 0x00007fd120af6e10 code [0x00007fd120af6fa0, 0x00007fd120af7070]
Event: 1.819 Thread 0x00007fd1301556b0  590       3       java.lang.reflect.Array::newInstance (6 bytes)
Event: 1.819 Thread 0x00007fd1301556b0 nmethod 590 0x00007fd1190c4610 code [0x00007fd1190c47c0, 0x00007fd1190c4900]
Event: 1.819 Thread 0x00007fd1301556b0  591       3       jdk.internal.org.objectweb.asm.Frame::setInputFrameFromDescriptor (175 bytes)
Event: 1.820 Thread 0x00007fd130154120 nmethod 534 0x00007fd120af7710 code [0x00007fd120af78a0, 0x00007fd120af7ab8]
Event: 1.820 Thread 0x00007fd130154120  553       4       java.lang.Math::max (11 bytes)
Event: 1.820 Thread 0x00007fd1301556b0 nmethod 591 0x00007fd1190c4990 code [0x00007fd1190c4bc0, 0x00007fd1190c5450]
Event: 1.820 Thread 0x00007fd130154120 nmethod 553 0x00007fd120af7b90 code [0x00007fd120af7d00, 0x00007fd120af7d78]
Event: 1.820 Thread 0x00007fd1301556b0  596       3       sun.invoke.util.BytecodeDescriptor::unparseMethod (66 bytes)
Event: 1.821 Thread 0x00007fd1301556b0 nmethod 596 0x00007fd1190c5910 code [0x00007fd1190c5b40, 0x00007fd1190c6150]
Event: 1.821 Thread 0x00007fd1301556b0  598       3       java.lang.invoke.DirectMethodHandle::internalMemberName (8 bytes)

GC Heap History (0 events):
No events

Dll operation events (6 events):
Event: 0.002 Loaded shared library /home/dreamlike/jdk-19/lib/libjava.so
Event: 0.021 Loaded shared library /home/dreamlike/jdk-19/lib/libjsvml.so
Event: 1.443 Loaded shared library /home/dreamlike/jdk-19/lib/libnio.so
Event: 1.445 Loaded shared library /home/dreamlike/jdk-19/lib/libjimage.so
Event: 1.530 Loaded shared library /tmp/liburing18103715449854749508.so
Event: 1.745 Loaded shared library /home/dreamlike/jdk-19/lib/libsyslookup.so

Deoptimization events (2 events):
Event: 1.748 Thread 0x00007fd130028320 DEOPT PACKING pc=0x00007fd119013c02 sp=0x00007fd135d253d0
Event: 1.748 Thread 0x00007fd130028320 DEOPT UNPACKING pc=0x00007fd12059662f sp=0x00007fd135d24810 mode 0

Classes loaded (20 events):
Event: 1.741 Loading class jdk/internal/foreign/SystemLookup$1
Event: 1.741 Loading class jdk/internal/foreign/SystemLookup$1 done
Event: 1.741 Loading class jdk/internal/loader/RawNativeLibraries
Event: 1.741 Loading class jdk/internal/loader/RawNativeLibraries done
Event: 1.742 Loading class jdk/internal/loader/RawNativeLibraries$1
Event: 1.742 Loading class jdk/internal/loader/RawNativeLibraries$1 done
Event: 1.744 Loading class jdk/internal/loader/RawNativeLibraries$RawNativeLibraryImpl
Event: 1.744 Loading class jdk/internal/loader/RawNativeLibraries$RawNativeLibraryImpl done
Event: 1.772 Loading class jdk/internal/foreign/abi/Binding$Context$3
Event: 1.772 Loading class jdk/internal/foreign/abi/Binding$Context$3 done
Event: 1.773 Loading class java/lang/invoke/ConstantBootstraps
Event: 1.773 Loading class java/lang/invoke/ConstantBootstraps done
Event: 1.778 Loading class jdk/internal/foreign/abi/Binding$BoxAddress
Event: 1.778 Loading class jdk/internal/foreign/abi/Binding$BoxAddress done
Event: 1.813 Loading class java/lang/invoke/VarHandleSegmentAsBytes
Event: 1.813 Loading class java/lang/invoke/VarHandleSegmentAsBytes done
Event: 1.814 Loading class java/lang/invoke/VarHandleSegmentAsShorts
Event: 1.814 Loading class java/lang/invoke/VarHandleSegmentAsShorts done
Event: 1.814 Loading class java/lang/invoke/VarHandleSegmentAsLongs
Event: 1.814 Loading class java/lang/invoke/VarHandleSegmentAsLongs done

Classes unloaded (0 events):
No events

Classes redefined (0 events):
No events

Internal exceptions (20 events):
Event: 1.753 Thread 0x00007fd130028320 Exception <a 'java/lang/NoSuchMethodError'{0x00000007462ea088}: 'int java.lang.invoke.DelegatingMethodHandle$Holder.reinvoke_L(java.lang.Object, java.lang.Object, java.lang.Object, int, java.lang.Object, java.lang.Object, long)'> (0x00000007462ea088) 
thrown [open/src/hotspot/share/interpreter/linkResolver.cpp, line 773]
Event: 1.759 Thread 0x00007fd130028320 Exception <a 'java/lang/NoSuchMethodError'{0x00000007463122a8}: 'int java.lang.invoke.DirectMethodHandle$Holder.invokeStaticInit(java.lang.Object, java.lang.Object, java.lang.Object, int, java.lang.Object, int, long)'> (0x00000007463122a8) 
thrown [open/src/hotspot/share/interpreter/linkResolver.cpp, line 773]
Event: 1.760 Thread 0x00007fd130028320 Exception <a 'java/lang/NoSuchMethodError'{0x0000000746319b08}: 'int java.lang.invoke.DelegatingMethodHandle$Holder.reinvoke_L(java.lang.Object, java.lang.Object, java.lang.Object, int, java.lang.Object, int, long)'> (0x0000000746319b08) 
thrown [open/src/hotspot/share/interpreter/linkResolver.cpp, line 773]
Event: 1.766 Thread 0x00007fd130028320 Exception <a 'java/lang/NoSuchMethodError'{0x0000000746340a20}: 'int java.lang.invoke.DirectMethodHandle$Holder.invokeStaticInit(java.lang.Object, java.lang.Object, java.lang.Object, java.lang.Object, long)'> (0x0000000746340a20) 
thrown [open/src/hotspot/share/interpreter/linkResolver.cpp, line 773]
Event: 1.767 Thread 0x00007fd130028320 Exception <a 'java/lang/NoSuchMethodError'{0x000000074634b1a0}: 'int java.lang.invoke.DelegatingMethodHandle$Holder.reinvoke_L(java.lang.Object, java.lang.Object, java.lang.Object, java.lang.Object, long)'> (0x000000074634b1a0) 
thrown [open/src/hotspot/share/interpreter/linkResolver.cpp, line 773]
Event: 1.771 Thread 0x00007fd130028320 Exception <a 'java/lang/NoSuchMethodError'{0x0000000746360690}: 'int java.lang.invoke.DirectMethodHandle$Holder.invokeSpecial(java.lang.Object, java.lang.Object, int, java.lang.Object, int)'> (0x0000000746360690) 
thrown [open/src/hotspot/share/interpreter/linkResolver.cpp, line 773]
Event: 1.774 Thread 0x00007fd130028320 Exception <a 'java/lang/NoSuchMethodError'{0x00000007463686a0}: 'java.lang.Object java.lang.invoke.Invokers$Holder.invoke_MT(java.lang.Object, java.lang.Object, java.lang.Object, java.lang.Object, java.lang.Object)'> (0x00000007463686a0) 
thrown [open/src/hotspot/share/interpreter/linkResolver.cpp, line 773]
Event: 1.780 Thread 0x00007fd130028320 Exception <a 'java/lang/NoSuchMethodError'{0x0000000746383598}: 'java.lang.Object java.lang.invoke.DirectMethodHandle$Holder.invokeStaticInit(java.lang.Object, java.lang.Object, java.lang.Object, java.lang.Object, long)'> (0x0000000746383598) 
thrown [open/src/hotspot/share/interpreter/linkResolver.cpp, line 773]
Event: 1.781 Thread 0x00007fd130028320 Exception <a 'java/lang/NoSuchMethodError'{0x0000000746387770}: 'java.lang.Object java.lang.invoke.DirectMethodHandle$Holder.invokeSpecial(java.lang.Object, java.lang.Object, java.lang.Object, java.lang.Object, java.lang.Object, long)'> (0x0000000746387770) 
thrown [open/src/hotspot/share/interpreter/linkResolver.cpp, line 773]
Event: 1.785 Thread 0x00007fd130028320 Exception <a 'java/lang/NoSuchMethodError'{0x00000007463ada90}: 'int java.lang.invoke.DirectMethodHandle$Holder.invokeStatic(java.lang.Object, java.lang.Object, java.lang.Object, java.lang.Object, java.lang.Object, int, long)'> (0x00000007463ada90) 
thrown [open/src/hotspot/share/interpreter/linkResolver.cpp, line 773]
Event: 1.786 Thread 0x00007fd130028320 Exception <a 'java/lang/NoSuchMethodError'{0x00000007463b1488}: 'int java.lang.invoke.DirectMethodHandle$Holder.invokeStaticInit(java.lang.Object, java.lang.Object, java.lang.Object, java.lang.Object, java.lang.Object, int, long)'> (0x00000007463b1488) 
thrown [open/src/hotspot/share/interpreter/linkResolver.cpp, line 773]
Event: 1.787 Thread 0x00007fd130028320 Exception <a 'java/lang/NoSuchMethodError'{0x00000007463b8e38}: 'int java.lang.invoke.DelegatingMethodHandle$Holder.reinvoke_L(java.lang.Object, java.lang.Object, java.lang.Object, java.lang.Object, java.lang.Object, int, long)'> (0x00000007463b8e38) 
thrown [open/src/hotspot/share/interpreter/linkResolver.cpp, line 773]
Event: 1.792 Thread 0x00007fd130028320 Exception <a 'java/lang/NoSuchMethodError'{0x00000007463e0530}: 'int java.lang.invoke.DirectMethodHandle$Holder.invokeStatic(java.lang.Object, java.lang.Object, java.lang.Object, java.lang.Object, int, java.lang.Object, int, long)'> (0x00000007463e0530) 
thrown [open/src/hotspot/share/interpreter/linkResolver.cpp, line 773]
Event: 1.792 Thread 0x00007fd130028320 Exception <a 'java/lang/NoSuchMethodError'{0x00000007463e3f78}: 'int java.lang.invoke.DirectMethodHandle$Holder.invokeStaticInit(java.lang.Object, java.lang.Object, java.lang.Object, java.lang.Object, int, java.lang.Object, int, long)'> (0x00000007463e3f78) 
thrown [open/src/hotspot/share/interpreter/linkResolver.cpp, line 773]
Event: 1.794 Thread 0x00007fd130028320 Exception <a 'java/lang/NoSuchMethodError'{0x00000007463eba68}: 'int java.lang.invoke.DelegatingMethodHandle$Holder.reinvoke_L(java.lang.Object, java.lang.Object, java.lang.Object, java.lang.Object, int, java.lang.Object, int, long)'> (0x00000007463eba68) 
thrown [open/src/hotspot/share/interpreter/linkResolver.cpp, line 773]
Event: 1.804 Thread 0x00007fd130028320 Exception <a 'java/lang/NoSuchMethodError'{0x00000007460223d8}: 'void java.lang.invoke.DirectMethodHandle$Holder.invokeStaticInit(java.lang.Object, java.lang.Object, java.lang.Object, int, java.lang.Object, int, java.lang.Object, int, long, long)'> (0x00000007460223d8) 
thrown [open/src/hotspot/share/interpreter/linkResolver.cpp, line 773]
Event: 1.805 Thread 0x00007fd130028320 Exception <a 'java/lang/NoSuchMethodError'{0x000000074602a1c0}: 'void java.lang.invoke.DelegatingMethodHandle$Holder.reinvoke_L(java.lang.Object, java.lang.Object, java.lang.Object, int, java.lang.Object, int, java.lang.Object, int, long, long)'> (0x000000074602a1c0) 
thrown [open/src/hotspot/share/interpreter/linkResolver.cpp, line 773]
Event: 1.808 Thread 0x00007fd130028320 Exception <a 'java/lang/NoSuchMethodError'{0x0000000746042e88}: 'void java.lang.invoke.DirectMethodHandle$Holder.invokeSpecial(java.lang.Object, java.lang.Object, int, java.lang.Object, int, java.lang.Object, int, long)'> (0x0000000746042e88) 
thrown [open/src/hotspot/share/interpreter/linkResolver.cpp, line 773]
Event: 1.818 Thread 0x00007fd130028320 Exception <a 'java/lang/NoSuchMethodError'{0x000000074607aa20}: 'void java.lang.invoke.DelegatingMethodHandle$Holder.reinvoke_L(java.lang.Object, java.lang.Object, java.lang.Object, long, int)'> (0x000000074607aa20) 
thrown [open/src/hotspot/share/interpreter/linkResolver.cpp, line 773]
Event: 1.821 Thread 0x00007fd130028320 Exception <a 'java/lang/NoSuchMethodError'{0x000000074608a0e8}: 'void java.lang.invoke.DelegatingMethodHandle$Holder.reinvoke_L(java.lang.Object, java.lang.Object, java.lang.Object, long, long)'> (0x000000074608a0e8) 
thrown [open/src/hotspot/share/interpreter/linkResolver.cpp, line 773]

VM Operations (2 events):
Event: 1.410 Executing VM operation: ChangeBreakpoints
Event: 1.411 Executing VM operation: ChangeBreakpoints done

Events (20 events):
Event: 0.038 Thread 0x00007fd1301512a0 Thread added: 0x00007fd1301512a0
Event: 0.038 Protecting memory [0x00007fd102e47000,0x00007fd102e4b000] with protection modes 0
Event: 0.038 Thread 0x00007fd130152710 Thread added: 0x00007fd130152710
Event: 0.038 Protecting memory [0x00007fd102d46000,0x00007fd102d4a000] with protection modes 0
Event: 0.039 Thread 0x00007fd130154120 Thread added: 0x00007fd130154120
Event: 0.039 Protecting memory [0x00007fd102c45000,0x00007fd102c49000] with protection modes 0
Event: 0.039 Thread 0x00007fd1301556b0 Thread added: 0x00007fd1301556b0
Event: 0.039 Protecting memory [0x00007fd102b44000,0x00007fd102b48000] with protection modes 0
Event: 0.039 Thread 0x00007fd13015eb70 Thread added: 0x00007fd13015eb70
Event: 0.039 Protecting memory [0x00007fd102a43000,0x00007fd102a47000] with protection modes 0
Event: 0.057 Thread 0x00007fd130176ac0 Thread added: 0x00007fd130176ac0
Event: 0.057 Protecting memory [0x00007fd102942000,0x00007fd102946000] with protection modes 0
Event: 0.057 Thread 0x00007fd13017ac80 Thread added: 0x00007fd13017ac80
Event: 0.057 Protecting memory [0x00007fd102841000,0x00007fd102845000] with protection modes 0
Event: 1.410 Thread 0x00007fd0c8000ff0 Thread added: 0x00007fd0c8000ff0
Event: 1.410 Protecting memory [0x00007fd102740000,0x00007fd102744000] with protection modes 0
Event: 1.422 Thread 0x00007fd13017be00 Thread added: 0x00007fd13017be00
Event: 1.422 Protecting memory [0x00007fd10263f000,0x00007fd102643000] with protection modes 0
Event: 1.426 Thread 0x00007fd130180020 Thread added: 0x00007fd130180020
Event: 1.426 Protecting memory [0x00007fd10243c000,0x00007fd102440000] with protection modes 0


Dynamic libraries:
73a200000-746800000 rw-p 00000000 00:00 0 
746800000-7ffc00000 ---p 00000000 00:00 0 
7ffc00000-7ffd00000 rw-p 00000000 00:00 0 
7ffd00000-7ffd77000 rw-p 00d09000 08:10 54487                            /home/dreamlike/jdk-19/lib/server/classes.jsa
7ffd77000-7ffe00000 rw-p 00000000 00:00 0 
7ffe00000-7ffe81000 rw-p 00c88000 08:10 54487                            /home/dreamlike/jdk-19/lib/server/classes.jsa
7ffe81000-800000000 rw-p 00000000 00:00 0 
800000000-800c4e000 rw-p 00001000 08:10 54487                            /home/dreamlike/jdk-19/lib/server/classes.jsa
800c4e000-801000000 ---p 00000000 00:00 0 
801000000-801040000 rw-p 00000000 00:00 0 
801040000-801080000 rw-p 00000000 00:00 0 
801080000-841000000 ---p 00000000 00:00 0 
55e0dfc60000-55e0dfc61000 r-xp 00000000 08:10 3305                       /home/dreamlike/jdk-19/bin/java
55e0dfc62000-55e0dfc63000 r--p 00001000 08:10 3305                       /home/dreamlike/jdk-19/bin/java
55e0dfc63000-55e0dfc64000 rw-p 00002000 08:10 3305                       /home/dreamlike/jdk-19/bin/java
55e0e1a23000-55e0e1a6a000 rw-p 00000000 00:00 0                          [heap]
7fd0b8000000-7fd0b8021000 rw-p 00000000 00:00 0 
7fd0b8021000-7fd0bc000000 ---p 00000000 00:00 0 
7fd0bc000000-7fd0bc021000 rw-p 00000000 00:00 0 
7fd0bc021000-7fd0c0000000 ---p 00000000 00:00 0 
7fd0c0000000-7fd0c0021000 rw-p 00000000 00:00 0 
7fd0c0021000-7fd0c4000000 ---p 00000000 00:00 0 
7fd0c4000000-7fd0c4021000 rw-p 00000000 00:00 0 
7fd0c4021000-7fd0c8000000 ---p 00000000 00:00 0 
7fd0c8000000-7fd0c8021000 rw-p 00000000 00:00 0 
7fd0c8021000-7fd0cc000000 ---p 00000000 00:00 0 
7fd0cc000000-7fd0cc021000 rw-p 00000000 00:00 0 
7fd0cc021000-7fd0d0000000 ---p 00000000 00:00 0 
7fd0d0000000-7fd0d015c000 rw-p 00000000 00:00 0 
7fd0d015c000-7fd0d4000000 ---p 00000000 00:00 0 
7fd0d4000000-7fd0d4021000 rw-p 00000000 00:00 0 
7fd0d4021000-7fd0d8000000 ---p 00000000 00:00 0 
7fd0d8000000-7fd0d8021000 rw-p 00000000 00:00 0 
7fd0d8021000-7fd0dc000000 ---p 00000000 00:00 0 
7fd0dc000000-7fd0dc163000 rw-p 00000000 00:00 0 
7fd0dc163000-7fd0e0000000 ---p 00000000 00:00 0 
7fd0e0000000-7fd0e0021000 rw-p 00000000 00:00 0 
7fd0e0021000-7fd0e4000000 ---p 00000000 00:00 0 
7fd0e4000000-7fd0e4021000 rw-p 00000000 00:00 0 
7fd0e4021000-7fd0e8000000 ---p 00000000 00:00 0 
7fd0e8000000-7fd0e8021000 rw-p 00000000 00:00 0 
7fd0e8021000-7fd0ec000000 ---p 00000000 00:00 0 
7fd0ec000000-7fd0ec021000 rw-p 00000000 00:00 0 
7fd0ec021000-7fd0f0000000 ---p 00000000 00:00 0 
7fd0f0000000-7fd0f0021000 rw-p 00000000 00:00 0 
7fd0f0021000-7fd0f4000000 ---p 00000000 00:00 0 
7fd0f4000000-7fd0f4021000 rw-p 00000000 00:00 0 
7fd0f4021000-7fd0f8000000 ---p 00000000 00:00 0 
7fd0f8000000-7fd0f81f0000 rw-p 00000000 00:00 0 
7fd0f81f0000-7fd0f8400000 ---p 00000000 00:00 0 
7fd0f8400000-7fd0f84d0000 rw-p 00000000 00:00 0 
7fd0f84d0000-7fd0fc000000 ---p 00000000 00:00 0 
7fd0fc000000-7fd0fc021000 rw-p 00000000 00:00 0 
7fd0fc021000-7fd100000000 ---p 00000000 00:00 0 
7fd10203f000-7fd10243c000 rw-p 00000000 00:00 0 
7fd10243c000-7fd102440000 ---p 00000000 00:00 0 
7fd102440000-7fd10253d000 rw-p 00000000 00:00 0 
7fd10253d000-7fd10253e000 ---p 00000000 00:00 0 
7fd10253e000-7fd10263f000 rw-p 00000000 00:00 0 
7fd10263f000-7fd102643000 ---p 00000000 00:00 0 
7fd102643000-7fd102740000 rw-p 00000000 00:00 0 
7fd102740000-7fd102744000 ---p 00000000 00:00 0 
7fd102744000-7fd102841000 rw-p 00000000 00:00 0 
7fd102841000-7fd102845000 ---p 00000000 00:00 0 
7fd102845000-7fd102942000 rw-p 00000000 00:00 0 
7fd102942000-7fd102946000 ---p 00000000 00:00 0 
7fd102946000-7fd102a43000 rw-p 00000000 00:00 0 
7fd102a43000-7fd102a47000 ---p 00000000 00:00 0 
7fd102a47000-7fd102b44000 rw-p 00000000 00:00 0 
7fd102b44000-7fd102b48000 ---p 00000000 00:00 0 
7fd102b48000-7fd102c45000 rw-p 00000000 00:00 0 
7fd102c45000-7fd102c49000 ---p 00000000 00:00 0 
7fd102c49000-7fd102d46000 rw-p 00000000 00:00 0 
7fd102d46000-7fd102d4a000 ---p 00000000 00:00 0 
7fd102d4a000-7fd102e47000 rw-p 00000000 00:00 0 
7fd102e47000-7fd102e4b000 ---p 00000000 00:00 0 
7fd102e4b000-7fd102f48000 rw-p 00000000 00:00 0 
7fd102f48000-7fd102f4c000 ---p 00000000 00:00 0 
7fd102f4c000-7fd103049000 rw-p 00000000 00:00 0 
7fd103049000-7fd10304d000 ---p 00000000 00:00 0 
7fd10304d000-7fd10314a000 rw-p 00000000 00:00 0 
7fd10314a000-7fd10314e000 ---p 00000000 00:00 0 
7fd10314e000-7fd10324b000 rw-p 00000000 00:00 0 
7fd10324b000-7fd1033be000 r--p 00000000 08:10 37752                      /usr/lib/locale/C.UTF-8/LC_COLLATE
7fd1033be000-7fd1036a4000 r--p 00000000 08:10 37750                      /usr/lib/locale/locale-archive
7fd1036a4000-7fd1036a5000 ---p 00000000 00:00 0 
7fd1036a5000-7fd1037a6000 rw-p 00000000 00:00 0 
7fd1037a6000-7fd103874000 r-xp 00000000 08:10 47079                      /home/dreamlike/jdk-19/lib/libjsvml.so
7fd103874000-7fd103875000 r--p 000cd000 08:10 47079                      /home/dreamlike/jdk-19/lib/libjsvml.so
7fd103875000-7fd103876000 rw-p 000ce000 08:10 47079                      /home/dreamlike/jdk-19/lib/libjsvml.so
7fd103876000-7fd1038f7000 rw-p 00000000 00:00 0 
7fd1038f7000-7fd1038f8000 ---p 00000000 00:00 0 
7fd1038f8000-7fd1039f9000 rw-p 00000000 00:00 0 
7fd1039f9000-7fd1039fa000 ---p 00000000 00:00 0 
7fd1039fa000-7fd104000000 rw-p 00000000 00:00 0 
7fd104000000-7fd104021000 rw-p 00000000 00:00 0 
7fd104021000-7fd108000000 ---p 00000000 00:00 0 
7fd108000000-7fd108021000 rw-p 00000000 00:00 0 
7fd108021000-7fd10c000000 ---p 00000000 00:00 0 
7fd10c000000-7fd10c021000 rw-p 00000000 00:00 0 
7fd10c021000-7fd110000000 ---p 00000000 00:00 0 
7fd110046000-7fd1125d7000 rw-p 00000000 00:00 0 
7fd1125d7000-7fd1125d8000 ---p 00000000 00:00 0 
7fd1125d8000-7fd1129f1000 rw-p 00000000 00:00 0 
7fd1129f1000-7fd115841000 ---p 00000000 00:00 0 
7fd115841000-7fd115b69000 rw-p 00000000 00:00 0 
7fd115b69000-7fd1189b9000 ---p 00000000 00:00 0 
7fd1189b9000-7fd118a2c000 rw-p 00000000 00:00 0 
7fd118a2c000-7fd118ff6000 ---p 00000000 00:00 0 
7fd118ff6000-7fd118ff8000 rw-p 00000000 00:00 0 
7fd118ff8000-7fd119268000 rwxp 00000000 00:00 0 
7fd119268000-7fd12052f000 ---p 00000000 00:00 0 
7fd12052f000-7fd12079f000 rwxp 00000000 00:00 0 
7fd12079f000-7fd120ac1000 ---p 00000000 00:00 0 
7fd120ac1000-7fd120d31000 rwxp 00000000 00:00 0 
7fd120d31000-7fd127ff8000 ---p 00000000 00:00 0 
7fd127ff8000-7fd130000000 r--s 00000000 08:10 54238                      /home/dreamlike/jdk-19/lib/modules
7fd130000000-7fd1302d5000 rw-p 00000000 00:00 0 
7fd1302d5000-7fd134000000 ---p 00000000 00:00 0 
7fd134016000-7fd134017000 rw-s 10000000 00:0c 18571                      anon_inode:[io_uring]
7fd134017000-7fd134019000 r--p 00000000 08:10 63646                      /tmp/liburing18103715449854749508.so
7fd134019000-7fd13401b000 r-xp 00002000 08:10 63646                      /tmp/liburing18103715449854749508.so
7fd13401b000-7fd13401c000 r--p 00004000 08:10 63646                      /tmp/liburing18103715449854749508.so
7fd13401c000-7fd13401d000 r--p 00004000 08:10 63646                      /tmp/liburing18103715449854749508.so
7fd13401d000-7fd13401e000 rw-p 00005000 08:10 63646                      /tmp/liburing18103715449854749508.so
7fd13401e000-7fd134050000 r--p 00000000 08:10 37753                      /usr/lib/locale/C.UTF-8/LC_CTYPE
7fd134050000-7fd134091000 rw-p 00000000 00:00 0 
7fd134091000-7fd134092000 rw-s 00000000 00:0c 18571                      anon_inode:[io_uring]
7fd134092000-7fd134093000 r-xp 00000000 08:10 54139                      /home/dreamlike/jdk-19/lib/libsyslookup.so
7fd134093000-7fd134094000 r--p 00000000 08:10 54139                      /home/dreamlike/jdk-19/lib/libsyslookup.so
7fd134094000-7fd134095000 rw-p 00001000 08:10 54139                      /home/dreamlike/jdk-19/lib/libsyslookup.so
7fd134095000-7fd1340a3000 r-xp 00000000 08:10 47087                      /home/dreamlike/jdk-19/lib/libnet.so
7fd1340a3000-7fd1340a4000 r--p 0000d000 08:10 47087                      /home/dreamlike/jdk-19/lib/libnet.so
7fd1340a4000-7fd1340a5000 rw-p 0000e000 08:10 47087                      /home/dreamlike/jdk-19/lib/libnet.so
7fd1340a5000-7fd1340b8000 r-xp 00000000 08:10 47088                      /home/dreamlike/jdk-19/lib/libnio.so
7fd1340b8000-7fd1340b9000 r--p 00012000 08:10 47088                      /home/dreamlike/jdk-19/lib/libnio.so
7fd1340b9000-7fd1340ba000 rw-p 00013000 08:10 47088                      /home/dreamlike/jdk-19/lib/libnio.so
7fd1340ba000-7fd1340bf000 r-xp 00000000 08:10 47054                      /home/dreamlike/jdk-19/lib/libdt_socket.so
7fd1340bf000-7fd1340c0000 r--p 00004000 08:10 47054                      /home/dreamlike/jdk-19/lib/libdt_socket.so
7fd1340c0000-7fd1340c1000 rw-p 00005000 08:10 47054                      /home/dreamlike/jdk-19/lib/libdt_socket.so
7fd1340c1000-7fd1340c2000 r--p 00000000 08:10 37759                      /usr/lib/locale/C.UTF-8/LC_NUMERIC
7fd1340c2000-7fd1340c3000 r--p 00000000 08:10 37762                      /usr/lib/locale/C.UTF-8/LC_TIME
7fd1340c3000-7fd1340ca000 r--s 00000000 08:10 41114                      /usr/lib/x86_64-linux-gnu/gconv/gconv-modules.cache
7fd1340ca000-7fd1340cb000 ---p 00000000 00:00 0 
7fd1340cb000-7fd1341cc000 rw-p 00000000 00:00 0 
7fd1341cc000-7fd1341cd000 ---p 00000000 00:00 0 
7fd1341cd000-7fd134398000 rw-p 00000000 00:00 0 
7fd134398000-7fd134962000 ---p 00000000 00:00 0 
7fd134962000-7fd1349c7000 rw-p 00000000 00:00 0 
7fd1349c7000-7fd134f91000 ---p 00000000 00:00 0 
7fd134f91000-7fd1359a2000 rw-p 00000000 00:00 0 
7fd1359a2000-7fd135a88000 ---p 00000000 00:00 0 
7fd135a88000-7fd135a8d000 rw-p 00000000 00:00 0 
7fd135a8d000-7fd135b73000 ---p 00000000 00:00 0 
7fd135b73000-7fd135b78000 rw-p 00000000 00:00 0 
7fd135b78000-7fd135b7f000 ---p 00000000 00:00 0 
7fd135b7f000-7fd135b82000 r--p 00000000 08:10 40853                      /usr/lib/x86_64-linux-gnu/libnss_files-2.31.so
7fd135b82000-7fd135b89000 r-xp 00003000 08:10 40853                      /usr/lib/x86_64-linux-gnu/libnss_files-2.31.so
7fd135b89000-7fd135b8b000 r--p 0000a000 08:10 40853                      /usr/lib/x86_64-linux-gnu/libnss_files-2.31.so
7fd135b8b000-7fd135b8c000 r--p 0000b000 08:10 40853                      /usr/lib/x86_64-linux-gnu/libnss_files-2.31.so
7fd135b8c000-7fd135b8d000 rw-p 0000c000 08:10 40853                      /usr/lib/x86_64-linux-gnu/libnss_files-2.31.so
7fd135b8d000-7fd135b93000 rw-p 00000000 00:00 0 
7fd135b93000-7fd135b94000 r--p 00000000 08:10 37757                      /usr/lib/locale/C.UTF-8/LC_MONETARY
7fd135b94000-7fd135b9c000 rw-s 00000000 08:10 49831                      /tmp/hsperfdata_dreamlike/16284
7fd135b9c000-7fd135bc2000 r-xp 00000000 08:10 47065                      /home/dreamlike/jdk-19/lib/libjava.so
7fd135bc2000-7fd135bc3000 r--p 00025000 08:10 47065                      /home/dreamlike/jdk-19/lib/libjava.so
7fd135bc3000-7fd135bc4000 rw-p 00026000 08:10 47065                      /home/dreamlike/jdk-19/lib/libjava.so
7fd135bc4000-7fd135bc5000 rw-p 00000000 00:00 0 
7fd135bc5000-7fd135c05000 r-xp 00000000 08:10 47071                      /home/dreamlike/jdk-19/lib/libjdwp.so
7fd135c05000-7fd135c06000 r--p 0003f000 08:10 47071                      /home/dreamlike/jdk-19/lib/libjdwp.so
7fd135c06000-7fd135c07000 rw-p 00040000 08:10 47071                      /home/dreamlike/jdk-19/lib/libjdwp.so
7fd135c07000-7fd135c08000 rw-p 00000000 00:00 0 
7fd135c08000-7fd135c23000 r-xp 00000000 08:10 47072                      /home/dreamlike/jdk-19/lib/libjimage.so
7fd135c23000-7fd135c24000 ---p 0001b000 08:10 47072                      /home/dreamlike/jdk-19/lib/libjimage.so
7fd135c24000-7fd135c26000 r--p 0001b000 08:10 47072                      /home/dreamlike/jdk-19/lib/libjimage.so
7fd135c26000-7fd135c27000 rw-p 0001d000 08:10 47072                      /home/dreamlike/jdk-19/lib/libjimage.so
7fd135c27000-7fd135c2b000 ---p 00000000 00:00 0 
7fd135c2b000-7fd135d28000 rw-p 00000000 00:00 0 
7fd135d28000-7fd135d35000 r--p 00000000 08:10 40847                      /usr/lib/x86_64-linux-gnu/libm-2.31.so
7fd135d35000-7fd135ddc000 r-xp 0000d000 08:10 40847                      /usr/lib/x86_64-linux-gnu/libm-2.31.so
7fd135ddc000-7fd135e75000 r--p 000b4000 08:10 40847                      /usr/lib/x86_64-linux-gnu/libm-2.31.so
7fd135e75000-7fd135e76000 r--p 0014c000 08:10 40847                      /usr/lib/x86_64-linux-gnu/libm-2.31.so
7fd135e76000-7fd135e77000 rw-p 0014d000 08:10 40847                      /usr/lib/x86_64-linux-gnu/libm-2.31.so
7fd135e77000-7fd135e79000 r--p 00000000 08:10 40860                      /usr/lib/x86_64-linux-gnu/librt-2.31.so
7fd135e79000-7fd135e7d000 r-xp 00002000 08:10 40860                      /usr/lib/x86_64-linux-gnu/librt-2.31.so
7fd135e7d000-7fd135e7f000 r--p 00006000 08:10 40860                      /usr/lib/x86_64-linux-gnu/librt-2.31.so
7fd135e7f000-7fd135e80000 r--p 00007000 08:10 40860                      /usr/lib/x86_64-linux-gnu/librt-2.31.so
7fd135e80000-7fd135e81000 rw-p 00008000 08:10 40860                      /usr/lib/x86_64-linux-gnu/librt-2.31.so
7fd135e81000-7fd13708a000 r-xp 00000000 08:10 54490                      /home/dreamlike/jdk-19/lib/server/libjvm.so
7fd13708a000-7fd137154000 r--p 01208000 08:10 54490                      /home/dreamlike/jdk-19/lib/server/libjvm.so
7fd137154000-7fd137189000 rw-p 012d2000 08:10 54490                      /home/dreamlike/jdk-19/lib/server/libjvm.so
7fd137189000-7fd1371e7000 rw-p 00000000 00:00 0 
7fd1371e7000-7fd137209000 r--p 00000000 08:10 40844                      /usr/lib/x86_64-linux-gnu/libc-2.31.so
7fd137209000-7fd137381000 r-xp 00022000 08:10 40844                      /usr/lib/x86_64-linux-gnu/libc-2.31.so
7fd137381000-7fd1373cf000 r--p 0019a000 08:10 40844                      /usr/lib/x86_64-linux-gnu/libc-2.31.so
7fd1373cf000-7fd1373d3000 r--p 001e7000 08:10 40844                      /usr/lib/x86_64-linux-gnu/libc-2.31.so
7fd1373d3000-7fd1373d5000 rw-p 001eb000 08:10 40844                      /usr/lib/x86_64-linux-gnu/libc-2.31.so
7fd1373d5000-7fd1373d9000 rw-p 00000000 00:00 0 
7fd1373d9000-7fd1373da000 r--p 00000000 08:10 40846                      /usr/lib/x86_64-linux-gnu/libdl-2.31.so
7fd1373da000-7fd1373dc000 r-xp 00001000 08:10 40846                      /usr/lib/x86_64-linux-gnu/libdl-2.31.so
7fd1373dc000-7fd1373dd000 r--p 00003000 08:10 40846                      /usr/lib/x86_64-linux-gnu/libdl-2.31.so
7fd1373dd000-7fd1373de000 r--p 00003000 08:10 40846                      /usr/lib/x86_64-linux-gnu/libdl-2.31.so
7fd1373de000-7fd1373df000 rw-p 00004000 08:10 40846                      /usr/lib/x86_64-linux-gnu/libdl-2.31.so
7fd1373df000-7fd1373e5000 r--p 00000000 08:10 40858                      /usr/lib/x86_64-linux-gnu/libpthread-2.31.so
7fd1373e5000-7fd1373f6000 r-xp 00006000 08:10 40858                      /usr/lib/x86_64-linux-gnu/libpthread-2.31.so
7fd1373f6000-7fd1373fc000 r--p 00017000 08:10 40858                      /usr/lib/x86_64-linux-gnu/libpthread-2.31.so
7fd1373fc000-7fd1373fd000 r--p 0001c000 08:10 40858                      /usr/lib/x86_64-linux-gnu/libpthread-2.31.so
7fd1373fd000-7fd1373fe000 rw-p 0001d000 08:10 40858                      /usr/lib/x86_64-linux-gnu/libpthread-2.31.so
7fd1373fe000-7fd137402000 rw-p 00000000 00:00 0 
7fd137402000-7fd137410000 r-xp 00000000 08:10 47073                      /home/dreamlike/jdk-19/lib/libjli.so
7fd137410000-7fd137411000 ---p 0000e000 08:10 47073                      /home/dreamlike/jdk-19/lib/libjli.so
7fd137411000-7fd137412000 r--p 0000e000 08:10 47073                      /home/dreamlike/jdk-19/lib/libjli.so
7fd137412000-7fd137413000 rw-p 0000f000 08:10 47073                      /home/dreamlike/jdk-19/lib/libjli.so
7fd137413000-7fd137415000 r--p 00000000 08:10 27415                      /usr/lib/x86_64-linux-gnu/libz.so.1.2.11
7fd137415000-7fd137426000 r-xp 00002000 08:10 27415                      /usr/lib/x86_64-linux-gnu/libz.so.1.2.11
7fd137426000-7fd13742c000 r--p 00013000 08:10 27415                      /usr/lib/x86_64-linux-gnu/libz.so.1.2.11
7fd13742c000-7fd13742d000 ---p 00019000 08:10 27415                      /usr/lib/x86_64-linux-gnu/libz.so.1.2.11
7fd13742d000-7fd13742e000 r--p 00019000 08:10 27415                      /usr/lib/x86_64-linux-gnu/libz.so.1.2.11
7fd13742e000-7fd13742f000 rw-p 0001a000 08:10 27415                      /usr/lib/x86_64-linux-gnu/libz.so.1.2.11
7fd13742f000-7fd137431000 rw-p 00000000 00:00 0 
7fd137431000-7fd137432000 r--p 00000000 08:10 37763                      /usr/lib/locale/C.UTF-8/LC_MESSAGES/SYS_LC_MESSAGES
7fd137432000-7fd137433000 r--p 00000000 08:10 37760                      /usr/lib/locale/C.UTF-8/LC_PAPER
7fd137433000-7fd137434000 r--p 00000000 08:10 37758                      /usr/lib/locale/C.UTF-8/LC_NAME
7fd137434000-7fd137435000 r--p 00000000 08:10 37751                      /usr/lib/locale/C.UTF-8/LC_ADDRESS
7fd137435000-7fd137436000 r--p 00000000 08:10 37761                      /usr/lib/locale/C.UTF-8/LC_TELEPHONE
7fd137436000-7fd137437000 r--p 00000000 08:10 37755                      /usr/lib/locale/C.UTF-8/LC_MEASUREMENT
7fd137437000-7fd137438000 r--p 00000000 08:10 37754                      /usr/lib/locale/C.UTF-8/LC_IDENTIFICATION
7fd137438000-7fd137439000 ---p 00000000 00:00 0 
7fd137439000-7fd13743a000 r--p 00000000 00:00 0 
7fd13743a000-7fd13743b000 r--p 00000000 08:10 40835                      /usr/lib/x86_64-linux-gnu/ld-2.31.so
7fd13743b000-7fd13745e000 r-xp 00001000 08:10 40835                      /usr/lib/x86_64-linux-gnu/ld-2.31.so
7fd13745e000-7fd137466000 r--p 00024000 08:10 40835                      /usr/lib/x86_64-linux-gnu/ld-2.31.so
7fd137466000-7fd137467000 ---p 00000000 00:00 0 
7fd137467000-7fd137468000 r--p 0002c000 08:10 40835                      /usr/lib/x86_64-linux-gnu/ld-2.31.so
7fd137468000-7fd137469000 rw-p 0002d000 08:10 40835                      /usr/lib/x86_64-linux-gnu/ld-2.31.so
7fd137469000-7fd13746a000 rw-p 00000000 00:00 0 
7ffe0e4ce000-7ffe0e4ef000 rw-p 00000000 00:00 0                          [stack]
7ffe0e53e000-7ffe0e542000 r--p 00000000 00:00 0                          [vvar]
7ffe0e542000-7ffe0e543000 r-xp 00000000 00:00 0                          [vdso]


VM Arguments:
jvm_args: -agentlib:jdwp=transport=dt_socket,address=0.0.0.0:12345,suspend=y,server=y --enable-preview -Dfile.encoding=UTF-8 -Dsun.stdout.encoding=UTF-8 -Dsun.stderr.encoding=UTF-8 
java_command: iouring.FileOp
java_class_path (initial): /home/dreamlike/uringDemo/example/target/classes:/home/dreamlike/uringDemo/panama-uring/target/classes:/home/dreamlike/.m2/repository/org/jctools/jctools-core/4.0.1/jctools-core-4.0.1.jar:/mnt/c/Users/asus/AppData/Local/JetBrains/Toolbox/apps/IDEA-U/ch-0/222.3739.54/lib/idea_rt.jar
Launcher Type: SUN_STANDARD

[Global flags]
     intx CICompilerCount                          = 4                                         {product} {ergonomic}
     uint ConcGCThreads                            = 3                                         {product} {ergonomic}
     uint G1ConcRefinementThreads                  = 10                                        {product} {ergonomic}
   size_t G1HeapRegionSize                         = 2097152                                   {product} {ergonomic}
    uintx GCDrainStackTargetSize                   = 64                                        {product} {ergonomic}
   size_t InitialHeapSize                          = 207618048                                 {product} {ergonomic}
   size_t MarkStackSize                            = 4194304                                   {product} {ergonomic}
   size_t MaxHeapSize                              = 3319791616                                {product} {ergonomic}
   size_t MaxNewSize                               = 1990197248                                {product} {ergonomic}
   size_t MinHeapDeltaBytes                        = 2097152                                   {product} {ergonomic}
   size_t MinHeapSize                              = 8388608                                   {product} {ergonomic}
    uintx NonNMethodCodeHeapSize                   = 5839372                                {pd product} {ergonomic}
    uintx NonProfiledCodeHeapSize                  = 122909434                              {pd product} {ergonomic}
    uintx ProfiledCodeHeapSize                     = 122909434                              {pd product} {ergonomic}
    uintx ReservedCodeCacheSize                    = 251658240                              {pd product} {ergonomic}
     bool SegmentedCodeCache                       = true                                      {product} {ergonomic}
   size_t SoftMaxHeapSize                          = 3319791616                             {manageable} {ergonomic}
     bool UseCompressedClassPointers               = true                           {product lp64_product} {ergonomic}
     bool UseCompressedOops                        = true                           {product lp64_product} {ergonomic}
     bool UseG1GC                                  = true                                      {product} {ergonomic}

Logging:
Log output configuration:
 #0: stdout all=warning uptime,level,tags foldmultilines=false
 #1: stderr all=off uptime,level,tags foldmultilines=false

Environment Variables:
PATH=/usr/local/sbin:/usr/local/bin:/usr/sbin:/usr/bin:/sbin:/bin:/usr/games:/usr/local/games:/usr/lib/wsl/lib:/mnt/c/Program Files (x86)/Intel/Intel(R) Management Engine Components/iCLS/:/mnt/c/Program Files/Intel/Intel(R) Management Engine Components/iCLS/:/mnt/c/Windows/system32:/mnt/c/Windows:/mnt/c/Windows/System32/Wbem:/mnt/c/Windows/System32/WindowsPowerShell/v1.0/:/mnt/c/Windows/System32/OpenSSH/:/mnt/c/Program Files (x86)/Intel/Intel(R) Management Engine Components/DAL:/mnt/c/Program Files/Intel/Intel(R) Management Engine Components/DAL:/mnt/c/Program Files (x86)/NVIDIA Corporation/PhysX/Common:/mnt/d/mysql-5.7.32-winx64/mysql-5.7.32-winx64:/mnt/c/WINDOWS/system32:/mnt/c/WINDOWS:/mnt/c/WINDOWS/System32/Wbem:/mnt/c/WINDOWS/System32/WindowsPowerShell/v1.0/:/mnt/c/WINDOWS/System32/OpenSSH/:/mnt/c/Program Files/NVIDIA Corporation/NVIDIA NvDLISR:/mnt/d/apache-maven-3.8.4/bin:/mnt/c/Users/asus/Downloads/jdk-19/bin:/mnt/c/Program Files/Bandizip/:/mnt/c/Program Files/dotnet/:/mnt/c/Program Files/Git/cmd:/mnt/d/mysql-5.7.32-winx64/mysql-5.7.32-winx64/bin:/mnt/c/Users/asus/.cargo/bin:/mnt/c/Users/asus/AppData/Local/Microsoft/WindowsApps:/mnt/c/Users/asus/AppData/Local/JetBrains/Toolbox/scripts
SHELL=/bin/sh
HOSTTYPE=x86_64
LANG=C.UTF-8
TERM=xterm-256color

Active Locale:
LC_ALL=C.UTF-8
LC_COLLATE=C.UTF-8
LC_CTYPE=C.UTF-8
LC_MESSAGES=C.UTF-8
LC_MONETARY=C.UTF-8
LC_NUMERIC=C.UTF-8
LC_TIME=C.UTF-8

Signal Handlers:
   SIGSEGV: crash_handler in libjvm.so, mask=11100100010111111101111111111110, flags=SA_RESTART|SA_SIGINFO
    SIGBUS: crash_handler in libjvm.so, mask=11100100010111111101111111111110, flags=SA_RESTART|SA_SIGINFO
    SIGFPE: crash_handler in libjvm.so, mask=11100100010111111101111111111110, flags=SA_RESTART|SA_SIGINFO
   SIGPIPE: javaSignalHandler in libjvm.so, mask=11100100010111111101111111111110, flags=SA_RESTART|SA_SIGINFO
   SIGXFSZ: javaSignalHandler in libjvm.so, mask=11100100010111111101111111111110, flags=SA_RESTART|SA_SIGINFO
    SIGILL: crash_handler in libjvm.so, mask=11100100010111111101111111111110, flags=SA_RESTART|SA_SIGINFO
   SIGUSR2: SR_handler in libjvm.so, mask=00000000000000000000000000000000, flags=SA_RESTART|SA_SIGINFO
    SIGHUP: UserHandler in libjvm.so, mask=11100100010111111101111111111110, flags=SA_RESTART|SA_SIGINFO
    SIGINT: UserHandler in libjvm.so, mask=11100100010111111101111111111110, flags=SA_RESTART|SA_SIGINFO
   SIGTERM: UserHandler in libjvm.so, mask=11100100010111111101111111111110, flags=SA_RESTART|SA_SIGINFO
   SIGQUIT: UserHandler in libjvm.so, mask=11100100010111111101111111111110, flags=SA_RESTART|SA_SIGINFO
   SIGTRAP: crash_handler in libjvm.so, mask=11100100010111111101111111111110, flags=SA_RESTART|SA_SIGINFO


---------------  S Y S T E M  ---------------

OS:
DISTRIB_ID=Ubuntu
DISTRIB_RELEASE=20.04
DISTRIB_CODENAME=focal
DISTRIB_DESCRIPTION="Ubuntu 20.04.3 LTS"
uname: Linux 5.10.102.1-microsoft-standard-WSL2 #1 SMP Wed Mar 2 00:30:59 UTC 2022 x86_64
OS uptime: 0 days 0:58 hours
libc: glibc 2.31 NPTL 2.31 
rlimit (soft/hard): STACK 8192k/infinity , CORE 0k/infinity , NPROC 50613/50613 , NOFILE 4096/4096 , AS infinity/infinity , CPU infinity/infinity , DATA infinity/infinity , FSIZE infinity/infinity , MEMLOCK 64k/64k
load average: 0.26 0.21 0.17

/proc/meminfo:
MemTotal:       12961960 kB
MemFree:        12363788 kB
MemAvailable:   12337720 kB
Buffers:           19080 kB
Cached:           177960 kB
SwapCached:            0 kB
Active:           136212 kB
Inactive:         309248 kB
Active(anon):         96 kB
Inactive(anon):   248388 kB
Active(file):     136116 kB
Inactive(file):    60860 kB
Unevictable:           0 kB
Mlocked:               0 kB
SwapTotal:       4194304 kB
SwapFree:        4194304 kB
Dirty:                80 kB
Writeback:             0 kB
AnonPages:        246772 kB
Mapped:            36020 kB
Shmem:                64 kB
KReclaimable:      25428 kB
Slab:              57648 kB
SReclaimable:      25428 kB
SUnreclaim:        32220 kB
KernelStack:        4320 kB
PageTables:         2204 kB
NFS_Unstable:          0 kB
Bounce:                0 kB
WritebackTmp:          0 kB
CommitLimit:    10675284 kB
Committed_AS:    1036096 kB
VmallocTotal:   34359738367 kB
VmallocUsed:       25128 kB
VmallocChunk:          0 kB
Percpu:             5376 kB
AnonHugePages:    145408 kB
ShmemHugePages:        0 kB
ShmemPmdMapped:        0 kB
FileHugePages:         0 kB
FilePmdMapped:         0 kB
HugePages_Total:       0
HugePages_Free:        0
HugePages_Rsvd:        0
HugePages_Surp:        0
Hugepagesize:       2048 kB
Hugetlb:               0 kB
DirectMap4k:       17408 kB
DirectMap2M:     3846144 kB
DirectMap1G:     9437184 kB

/sys/kernel/mm/transparent_hugepage/enabled: [always] madvise never
/sys/kernel/mm/transparent_hugepage/defrag (defrag/compaction efforts parameter): always defer defer+madvise [madvise] never

Process Memory:
Virtual Size: 6359292K (peak: 6359328K)
Resident Set Size: 58852K (peak: 58852K) (anon: 31544K, file: 27308K, shmem: 0K)
Swapped out: 0K
C-Heap outstanding allocations: 31312K, retained: 2571K
glibc malloc tunables: (default)

/proc/sys/kernel/threads-max (system-wide limit on the number of threads): 101226
/proc/sys/vm/max_map_count (maximum number of memory map areas a process may have): 65530
/proc/sys/kernel/pid_max (system-wide limit on number of process identifiers): 32768

container (cgroup) information:
container_type: cgroupv1
cpu_cpuset_cpus: 0-11
cpu_memory_nodes: 0
active_processor_count: 12
cpu_quota: no quota
cpu_period: 100000
cpu_shares: no shares
memory_limit_in_bytes: unlimited
memory_and_swap_limit_in_bytes: unlimited
memory_soft_limit_in_bytes: unlimited
memory_usage_in_bytes: 444140 k
memory_max_usage_in_bytes: 730656 k
maximum number of tasks: not supported
current number of tasks: not supported

Hyper-V virtualization detected
Steal ticks since vm start: 0
Steal ticks percentage since vm start:  0.000

CPU: total 12 (initial active 12) (8 cores per cpu, 2 threads per core) family 6 model 158 stepping 10 microcode 0xffffffff, cx8, cmov, fxsr, ht, mmx, 3dnowpref, sse, sse2, sse3, ssse3, sse4.1, sse4.2, popcnt, lzcnt, tsc, avx, avx2, aes, erms, clmul, bmi1, bmi2, adx, fma, vzeroupper, clflush, clflushopt, hv, rdtscp
CPU Model and flags from /proc/cpuinfo:
model name	: Intel(R) Core(TM) i7-8750H CPU @ 2.20GHz
flags		: fpu vme de pse tsc msr pae mce cx8 apic sep mtrr pge mca cmov pat pse36 clflush mmx fxsr sse sse2 ss ht syscall nx pdpe1gb rdtscp lm constant_tsc rep_good nopl xtopology cpuid pni pclmulqdq ssse3 fma cx16 pcid sse4_1 sse4_2 movbe popcnt aes xsave avx f16c rdrand hypervisor lahf_lm abm 3dnowprefetch invpcid_single pti ssbd ibrs ibpb stibp fsgsbase bmi1 avx2 smep bmi2 erms invpcid rdseed adx smap clflushopt xsaveopt xsavec xgetbv1 xsaves flush_l1d arch_capabilities

Online cpus: 0-11
Offline cpus: 
BIOS frequency limitation: <Not Available>
Frequency switch latency (ns): <Not Available>
Available cpu frequencies: <Not Available>
Current governor: <Not Available>
Core performance/turbo boost: <Not Available>

Memory: 4k page, physical 12961960k(12363788k free), swap 4194304k(4194304k free)
Page Sizes: 4k

vm_info: OpenJDK 64-Bit Server VM (19+36-2238) for linux-amd64 JRE (19+36-2238), built on 2022-08-12T20:29:01Z by "mach5one" with gcc 11.2.0

END.
