#
# A fatal error has been detected by the Java Runtime Environment:
#
#  SIGSEGV (0xb) at pc=0x00007fa1d003da06, pid=16878, tid=16879
#
# JRE version: OpenJDK Runtime Environment (19.0+36) (build 19+36-2238)
# Java VM: OpenJDK 64-Bit Server VM (19+36-2238, mixed mode, sharing, tiered, compressed oops, compressed class ptrs, g1 gc, linux-amd64)
# Problematic frame:
# C  [liburing2305282037512479648.so+0x2a06]  io_uring_prep_rw+0x6
#
# No core dump will be written. Core dumps have been disabled. To enable core dumping, try "ulimit -c unlimited" before starting Java again
#
# If you would like to submit a bug report, please visit:
#   https://bugreport.java.com/bugreport/crash.jsp
# The crash happened outside the Java Virtual Machine in native code.
# See problematic frame for where to report the bug.
#

---------------  S U M M A R Y ------------

Command Line: -agentlib:jdwp=transport=dt_socket,address=0.0.0.0:12345,suspend=y,server=y --enable-preview -Dfile.encoding=UTF-8 -Dsun.stdout.encoding=UTF-8 -Dsun.stderr.encoding=UTF-8 iouring.FileOp

Host: Intel(R) Core(TM) i7-8750H CPU @ 2.20GHz, 12 cores, 12G, Ubuntu 20.04.3 LTS
Time: Sun Jan  1 03:13:29 2023 CST elapsed time: 59.486281 seconds (0d 0h 0m 59s)

---------------  T H R E A D  ---------------

Current thread (0x00007fa1f0028320):  JavaThread "main" [_thread_in_native, id=16879, stack(0x00007fa1f6390000,0x00007fa1f6491000)]

Stack: [0x00007fa1f6390000,0x00007fa1f6491000],  sp=0x00007fa1f648f118,  free space=1020k
Native frames: (J=compiled Java code, j=interpreted, Vv=VM code, C=native code)
C  [liburing2305282037512479648.so+0x2a06]  io_uring_prep_rw+0x6
j  java.lang.invoke.LambdaForm$MH+0x000000080102dc00.invoke(Ljava/lang/Object;JIJIJIJJ)V+22 java.base@19
j  java.lang.invoke.LambdaForm$MH+0x0000000801031400.invokeExact_MT(Ljava/lang/Object;JIJIJIJJLjava/lang/Object;)V+33 java.base@19
j  jdk.internal.foreign.abi.DowncallStub+0x000000080102e000.invoke(Ljava/lang/foreign/SegmentAllocator;Ljava/lang/foreign/Addressable;ILjava/lang/foreign/Addressable;ILjava/lang/foreign/Addressable;IJJ)V+165 java.base@19
j  java.lang.invoke.LambdaForm$DMH+0x000000080102e400.invokeStatic(Ljava/lang/Object;Ljava/lang/Object;Ljava/lang/Object;ILjava/lang/Object;ILjava/lang/Object;IJJ)V+26 java.base@19
j  java.lang.invoke.LambdaForm$MH+0x0000000801030400.invoke(Ljava/lang/Object;ILjava/lang/Object;ILjava/lang/Object;IJ)V+65 java.base@19
j  java.lang.invoke.LambdaForm$MH+0x0000000801030c00.invokeExact_MT(Ljava/lang/Object;ILjava/lang/Object;ILjava/lang/Object;IJLjava/lang/Object;)V+28 java.base@19
j  top.dreamlike.nativeLib.liburing.liburing_h.io_uring_prep_rw(ILjava/lang/foreign/Addressable;ILjava/lang/foreign/Addressable;IJ)V+15
j  top.dreamlike.nativeLib.liburing.liburing_h_1.io_uring_prep_provide_buffers(Ljava/lang/foreign/Addressable;Ljava/lang/foreign/Addressable;IIII)V+10
j  top.dreamlike.async.uring.IOUring.provideBuffer(Ljava/lang/foreign/MemorySegment;IZ)Z+29
j  top.dreamlike.async.uring.IOUring.<init>(II)V+171
j  top.dreamlike.async.uring.IOUring.<init>(I)V+4
j  iouring.FileOp.main([Ljava/lang/String;)V+5
v  ~StubRoutines::call_stub 0x00007fa1e052fcc6
V  [libjvm.so+0x882925]  JavaCalls::call_helper(JavaValue*, methodHandle const&, JavaCallArguments*, JavaThread*)+0x315
V  [libjvm.so+0x9225ba]  jni_invoke_static(JNIEnv_*, JavaValue*, _jobject*, JNICallType, _jmethodID*, JNI_ArgumentPusher*, JavaThread*) [clone .constprop.1]+0x3ba
V  [libjvm.so+0x9252d2]  jni_CallStaticVoidMethod+0x152
C  [libjli.so+0x468b]  JavaMain+0xd2b
C  [libjli.so+0x7c49]  ThreadJavaMain+0x9

Java frames: (J=compiled Java code, j=interpreted, Vv=VM code)
v  ~RuntimeStub::nep_invoker_blob 0x00007fa1e0691a88
j  java.lang.invoke.LambdaForm$MH+0x000000080102dc00.invoke(Ljava/lang/Object;JIJIJIJJ)V+22 java.base@19
j  java.lang.invoke.LambdaForm$MH+0x0000000801031400.invokeExact_MT(Ljava/lang/Object;JIJIJIJJLjava/lang/Object;)V+33 java.base@19
j  jdk.internal.foreign.abi.DowncallStub+0x000000080102e000.invoke(Ljava/lang/foreign/SegmentAllocator;Ljava/lang/foreign/Addressable;ILjava/lang/foreign/Addressable;ILjava/lang/foreign/Addressable;IJJ)V+165 java.base@19
j  java.lang.invoke.LambdaForm$DMH+0x000000080102e400.invokeStatic(Ljava/lang/Object;Ljava/lang/Object;Ljava/lang/Object;ILjava/lang/Object;ILjava/lang/Object;IJJ)V+26 java.base@19
j  java.lang.invoke.LambdaForm$MH+0x0000000801030400.invoke(Ljava/lang/Object;ILjava/lang/Object;ILjava/lang/Object;IJ)V+65 java.base@19
j  java.lang.invoke.LambdaForm$MH+0x0000000801030c00.invokeExact_MT(Ljava/lang/Object;ILjava/lang/Object;ILjava/lang/Object;IJLjava/lang/Object;)V+28 java.base@19
j  top.dreamlike.nativeLib.liburing.liburing_h.io_uring_prep_rw(ILjava/lang/foreign/Addressable;ILjava/lang/foreign/Addressable;IJ)V+15
j  top.dreamlike.nativeLib.liburing.liburing_h_1.io_uring_prep_provide_buffers(Ljava/lang/foreign/Addressable;Ljava/lang/foreign/Addressable;IIII)V+10
j  top.dreamlike.async.uring.IOUring.provideBuffer(Ljava/lang/foreign/MemorySegment;IZ)Z+29
j  top.dreamlike.async.uring.IOUring.<init>(II)V+171
j  top.dreamlike.async.uring.IOUring.<init>(I)V+4
j  iouring.FileOp.main([Ljava/lang/String;)V+5
v  ~StubRoutines::call_stub 0x00007fa1e052fcc6

siginfo: si_signo: 11 (SIGSEGV), si_code: 1 (SEGV_MAPERR), si_addr: 0x0000000000000000

Registers:
RAX=0x0000000000000000, RBX=0x000000000000001f, RCX=0x00007fa1f029cc60, RDX=0x0000000000000001
RSP=0x00007fa1f648f118, RBP=0x00007fa1f648f120, RSI=0x0000000000000000, RDI=0x000000000000001f
R8 =0x0000000000000400, R9 =0x0000000000000001, R10=0x00007fa1d003da00, R11=0x00007fa1e0af3c00
R12=0x0000000000000000, R13=0x00000007460222b0, R14=0x00007fa1f648f290, R15=0x00007fa1f0028320
RIP=0x00007fa1d003da06, EFLAGS=0x0000000000010246, CSGSFS=0x002b000000000033, ERR=0x0000000000000006
  TRAPNO=0x000000000000000e


Register to memory mapping:

RAX=0x0 is NULL
RBX=0x000000000000001f is an unknown value
RCX=0x00007fa1f029cc60 points into unknown readable memory: 0x0000000000000000 | 00 00 00 00 00 00 00 00
RDX=0x0000000000000001 is an unknown value
RSP=0x00007fa1f648f118 is pointing into the stack for thread: 0x00007fa1f0028320
RBP=0x00007fa1f648f120 is pointing into the stack for thread: 0x00007fa1f0028320
RSI=0x0 is NULL
RDI=0x000000000000001f is an unknown value
R8 =0x0000000000000400 is an unknown value
R9 =0x0000000000000001 is an unknown value
R10=0x00007fa1d003da00: io_uring_prep_rw+0x0000000000000000 in /tmp/liburing2305282037512479648.so at 0x00007fa1d003b000
R11=0x00007fa1e0af3c00 is at entry_point+0 in (nmethod*)0x00007fa1e0af3a90
Compiled method (n/a)   59490  563     n 0       java.lang.invoke.MethodHandle::linkToNative(JIJIJIJJL)V (native)
 total in heap  [0x00007fa1e0af3a90,0x00007fa1e0af3c10] = 384
 main code      [0x00007fa1e0af3c00,0x00007fa1e0af3c0c] = 12
 stub code      [0x00007fa1e0af3c0c,0x00007fa1e0af3c10] = 4
R12=0x0 is NULL
R13=0x00000007460222b0 is an oop: jdk.internal.foreign.abi.NativeEntryPoint 
{0x00000007460222b0} - klass: 'jdk/internal/foreign/abi/NativeEntryPoint'
 - ---- fields (total size 3 words):
 - private final 'methodType' 'Ljava/lang/invoke/MethodType;' @12  a 'java/lang/invoke/MethodType'{0x0000000746021760} = (JIJIJIJJ)V (e8c042ec)
 - private final 'downcallStubAddress' 'J' @16  140333231446656 (e0691a80 7fa1)
R14=0x00007fa1f648f290 is pointing into the stack for thread: 0x00007fa1f0028320
R15=0x00007fa1f0028320 is a thread


Top of Stack: (sp=0x00007fa1f648f118)
0x00007fa1f648f118:   00007fa1e0691ad5 00007fa1f648f210
0x00007fa1f648f128:   00007fa1e054a6d2 0000000000000001
0x00007fa1f648f138:   0000000000000000 00000007460222b0
0x00007fa1f648f148:   00007fa1e055e8c1 00007fa1e054a6d2 

Instructions: (pc=0x00007fa1d003da06)
0x00007fa1d003d906:   48 33 04 25 28 00 00 00 75 0e 48 81 c4 e8 00 00
0x00007fa1d003d916:   00 4c 89 e0 5d 41 5c c3 e8 ed f8 ff ff 66 66 2e
0x00007fa1d003d926:   0f 1f 84 00 00 00 00 00 66 90 f3 0f 1e fa e9 77
0x00007fa1d003d936:   f8 ff ff 0f 1f 80 00 00 00 00 f3 0f 1e fa 41 54
0x00007fa1d003d946:   53 48 63 de 48 83 ec 08 e8 7d f9 ff ff 44 0f b7
0x00007fa1d003d956:   64 d8 12 48 89 c7 e8 bf f8 ff ff 48 83 c4 08 41
0x00007fa1d003d966:   83 e4 01 5b 44 89 e0 41 5c c3 8b 8f c0 00 00 00
0x00007fa1d003d976:   83 e1 02 75 3d 85 d2 75 31 89 c8 83 c8 01 f6 87
0x00007fa1d003d986:   c0 00 00 00 01 0f 45 c8 48 83 ec 08 8b bf c4 00
0x00007fa1d003d996:   00 00 45 31 c0 e8 d0 06 00 00 85 c0 78 2c 48 83
0x00007fa1d003d9a6:   c4 08 c3 0f 1f 80 00 00 00 00 83 c9 01 eb d9 0f
0x00007fa1d003d9b6:   1f 00 48 8b 47 20 8b 00 a8 01 75 2e 85 d2 75 1a
0x00007fa1d003d9c6:   89 f0 c3 0f 1f 80 00 00 00 00 e8 eb f7 ff ff 8b
0x00007fa1d003d9d6:   00 48 83 c4 08 f7 d8 c3 66 90 b9 01 00 00 00 eb
0x00007fa1d003d9e6:   a7 66 0f 1f 84 00 00 00 00 00 b9 02 00 00 00 eb
0x00007fa1d003d9f6:   84 66 0f 1f 84 00 00 00 00 00 f3 0f 1e fa 31 c0
0x00007fa1d003da06:   40 88 3e c6 46 01 00 66 89 46 02 89 56 04 4c 89
0x00007fa1d003da16:   4e 08 48 89 4e 10 44 89 46 18 c7 46 1c 00 00 00
0x00007fa1d003da26:   00 48 c7 46 20 00 00 00 00 48 c7 46 38 00 00 00
0x00007fa1d003da36:   00 48 c7 46 30 00 00 00 00 48 c7 46 28 00 00 00
0x00007fa1d003da46:   00 c3 0f 1f 84 00 00 00 00 00 f3 0f 1e fa 85 f6
0x00007fa1d003da56:   75 08 c3 0f 1f 80 00 00 00 00 48 8b 47 68 03 30
0x00007fa1d003da66:   89 30 c3 0f 1f 80 00 00 00 00 41 57 41 56 41 55
0x00007fa1d003da76:   49 89 d5 41 54 49 89 f4 55 48 89 fd 53 48 83 ec
0x00007fa1d003da86:   08 66 0f 1f 84 00 00 00 00 00 48 8b 45 78 44 8b
0x00007fa1d003da96:   38 48 8b 45 70 8b 00 48 8b 55 68 8b 1a 29 d8 74
0x00007fa1d003daa6:   59 44 21 fb 48 c1 e3 04 48 03 9d 98 00 00 00 f6
0x00007fa1d003dab6:   85 c9 00 00 00 01 0f 85 c6 00 00 00 48 83 3b ff
0x00007fa1d003dac6:   0f 85 c5 00 00 00 44 8b 73 08 be 01 00 00 00 48
0x00007fa1d003dad6:   89 ef 45 85 f6 0f 88 cf 00 00 00 e8 ea f6 ff ff
0x00007fa1d003dae6:   48 8b 45 70 8b 00 48 8b 55 68 8b 1a 29 d8 75 b1
0x00007fa1d003daf6:   66 2e 0f 1f 84 00 00 00 00 00 49 83 7d 00 00 0f 


Stack slot to memory mapping:
stack at sp + 0 slots: 0x00007fa1e0691ad5 is at code_begin+85 in 
[CodeBlob (0x00007fa1e0691a10)]
Framesize: 2
Runtime Stub (0x00007fa1e0691a10): nep_invoker_blob
--------------------------------------------------------------------------------
Decoding CodeBlob, name: nep_invoker_blob, at  [0x00007fa1e0691a80, 0x00007fa1e0691b88]  264 bytes
[MachCode]
  0x00007fa1e0691a80: 5548 8bec | 4883 ec00 | c5f8 7749 | 89af d002 | 0000 49ba | 881a 69e0 | a17f 0000 | 4d89 97c8 
  0x00007fa1e0691aa0: 0200 0049 | 89a7 c002 | 0000 41c7 | 8774 0300 | 0004 0000 | 0048 8b45 | 184c 8bd6 | 488b f149 
  0x00007fa1e0691ac0: 8bc9 4c8b | 4d10 488b | da49 8bd0 | 4c8b c748 | 8bfb 41ff | d2c5 f877 | 41c7 8774 | 0300 0005 
  0x00007fa1e0691ae0: 0000 00f0 | 8344 24c0 | 0049 3baf | 7803 0000 | 0f87 5300 | 0000 4181 | bf70 0300 | 0000 0000 
  0x00007fa1e0691b00: 000f 8542 | 0000 0041 | c787 7403 | 0000 0800 | 0000 4181 | bfe8 0300 | 0002 0000 | 000f 8444 
  0x00007fa1e0691b20: 0000 0049 | c787 c002 | 0000 0000 | 0000 49c7 | 87d0 0200 | 0000 0000 | 0049 c787 | c802 0000 
  0x00007fa1e0691b40: 0000 0000 | c5f8 77c9 | c3c5 f877 | 498b ff4c | 8be4 4883 | ec00 4883 | e4f0 e871 | 82d9 1649 
  0x00007fa1e0691b60: 8be4 4d33 | e4eb a0c5 | f877 4c8b | e448 83ec | 0048 83e4 | f0e8 f610 | ca16 498b | e44d 33e4 
  0x00007fa1e0691b80: eba1 f4f4 | f4f4 f4f4 
[/MachCode]
--------------------------------------------------------------------------------
stack at sp + 1 slots: 0x00007fa1f648f210 is pointing into the stack for thread: 0x00007fa1f0028320
stack at sp + 2 slots: 0x00007fa1e054a6d2 is at code_begin+2802 in an Interpreter codelet
return entry points  [0x00007fa1e0549be0, 0x00007fa1e054b748]  7016 bytes
stack at sp + 3 slots: 0x0000000000000001 is an unknown value
stack at sp + 4 slots: 0x0 is NULL
stack at sp + 5 slots: 0x00000007460222b0 is an oop: jdk.internal.foreign.abi.NativeEntryPoint 
{0x00000007460222b0} - klass: 'jdk/internal/foreign/abi/NativeEntryPoint'
 - ---- fields (total size 3 words):
 - private final 'methodType' 'Ljava/lang/invoke/MethodType;' @12  a 'java/lang/invoke/MethodType'{0x0000000746021760} = (JIJIJIJJ)V (e8c042ec)
 - private final 'downcallStubAddress' 'J' @16  140333231446656 (e0691a80 7fa1)
stack at sp + 6 slots: 0x00007fa1e055e8c1 is at code_begin+1313 in an Interpreter codelet
areturn  176 areturn  [0x00007fa1e055e3a0, 0x00007fa1e055eb60]  1984 bytes
stack at sp + 7 slots: 0x00007fa1e054a6d2 is at code_begin+2802 in an Interpreter codelet
return entry points  [0x00007fa1e0549be0, 0x00007fa1e054b748]  7016 bytes

--------------------------------------------------------------------------------
Decoding CodeBlob, name: nep_invoker_blob, at  [0x00007fa1e0691a80, 0x00007fa1e0691b88]  264 bytes
[MachCode]
  0x00007fa1e0691a80: 5548 8bec | 4883 ec00 | c5f8 7749 | 89af d002 | 0000 49ba | 881a 69e0 | a17f 0000 | 4d89 97c8 
  0x00007fa1e0691aa0: 0200 0049 | 89a7 c002 | 0000 41c7 | 8774 0300 | 0004 0000 | 0048 8b45 | 184c 8bd6 | 488b f149 
  0x00007fa1e0691ac0: 8bc9 4c8b | 4d10 488b | da49 8bd0 | 4c8b c748 | 8bfb 41ff | d2c5 f877 | 41c7 8774 | 0300 0005 
  0x00007fa1e0691ae0: 0000 00f0 | 8344 24c0 | 0049 3baf | 7803 0000 | 0f87 5300 | 0000 4181 | bf70 0300 | 0000 0000 
  0x00007fa1e0691b00: 000f 8542 | 0000 0041 | c787 7403 | 0000 0800 | 0000 4181 | bfe8 0300 | 0002 0000 | 000f 8444 
  0x00007fa1e0691b20: 0000 0049 | c787 c002 | 0000 0000 | 0000 49c7 | 87d0 0200 | 0000 0000 | 0049 c787 | c802 0000 
  0x00007fa1e0691b40: 0000 0000 | c5f8 77c9 | c3c5 f877 | 498b ff4c | 8be4 4883 | ec00 4883 | e4f0 e871 | 82d9 1649 
  0x00007fa1e0691b60: 8be4 4d33 | e4eb a0c5 | f877 4c8b | e448 83ec | 0048 83e4 | f0e8 f610 | ca16 498b | e44d 33e4 
  0x00007fa1e0691b80: eba1 f4f4 | f4f4 f4f4 
[/MachCode]
--------------------------------------------------------------------------------


---------------  P R O C E S S  ---------------

Threads class SMR info:
_java_thread_list=0x00007fa188013fc0, length=13, elements={
0x00007fa1f0028320, 0x00007fa1f014d300, 0x00007fa1f014e6c0, 0x00007fa1f014fe20,
0x00007fa1f01512a0, 0x00007fa1f0152710, 0x00007fa1f0154120, 0x00007fa1f01556b0,
0x00007fa1f015eb70, 0x00007fa1f017ac80, 0x00007fa1f017be00, 0x00007fa1f0180010,
0x00007fa188000ff0
}

Java Threads: ( => current thread )
=>0x00007fa1f0028320 JavaThread "main" [_thread_in_native, id=16879, stack(0x00007fa1f6390000,0x00007fa1f6491000)]
  0x00007fa1f014d300 JavaThread "Reference Handler" daemon [_thread_blocked, id=16890, stack(0x00007fa1b78d4000,0x00007fa1b79d5000)]
  0x00007fa1f014e6c0 JavaThread "Finalizer" daemon [_thread_blocked, id=16891, stack(0x00007fa1b77d3000,0x00007fa1b78d4000)]
  0x00007fa1f014fe20 JavaThread "Signal Dispatcher" daemon [_thread_blocked, id=16892, stack(0x00007fa1b76d2000,0x00007fa1b77d3000)]
  0x00007fa1f01512a0 JavaThread "Service Thread" daemon [_thread_blocked, id=16893, stack(0x00007fa1b75d1000,0x00007fa1b76d2000)]
  0x00007fa1f0152710 JavaThread "Monitor Deflation Thread" daemon [_thread_blocked, id=16894, stack(0x00007fa1b74d0000,0x00007fa1b75d1000)]
  0x00007fa1f0154120 JavaThread "C2 CompilerThread0" daemon [_thread_blocked, id=16895, stack(0x00007fa1b73cf000,0x00007fa1b74d0000)]
  0x00007fa1f01556b0 JavaThread "C1 CompilerThread0" daemon [_thread_blocked, id=16896, stack(0x00007fa1b72ce000,0x00007fa1b73cf000)]
  0x00007fa1f015eb70 JavaThread "Sweeper thread" daemon [_thread_blocked, id=16897, stack(0x00007fa1b71cd000,0x00007fa1b72ce000)]
  0x00007fa1f017ac80 JavaThread "JDWP Event Helper Thread" daemon [_thread_blocked, id=16901, stack(0x00007fa1b6fcb000,0x00007fa1b70cc000)]
  0x00007fa1f017be00 JavaThread "Notification Thread" daemon [_thread_blocked, id=16929, stack(0x00007fa1b6dc9000,0x00007fa1b6eca000)]
  0x00007fa1f0180010 JavaThread "Common-Cleaner" daemon [_thread_blocked, id=16932, stack(0x00007fa1b6bc6000,0x00007fa1b6cc7000)]
  0x00007fa188000ff0 JavaThread "JDWP Transport Listener: dt_socket" daemon [_thread_in_native, id=17084, stack(0x00007fa1b6eca000,0x00007fa1b6fcb000)]

Other Threads:
  0x00007fa1f0142bb0 VMThread "VM Thread" [stack: 0x00007fa1b7e30000,0x00007fa1b7f30000] [id=16886]
  0x00007fa1f017d6b0 WatcherThread "VM Periodic Task Thread" [stack: 0x00007fa1b6cc9000,0x00007fa1b6dc9000] [id=16930]
  0x00007fa1f0087900 WorkerThread "GC Thread#0" [stack: 0x00007fa1f4308000,0x00007fa1f4408000] [id=16881]
  0x00007fa1f0095510 ConcurrentGCThread "G1 Main Marker" [stack: 0x00007fa1f4206000,0x00007fa1f4306000] [id=16882]
  0x00007fa1f0096430 WorkerThread "G1 Conc#0" [stack: 0x00007fa1f4104000,0x00007fa1f4204000] [id=16883]
  0x00007fa1f0027310 ConcurrentGCThread "G1 Refine#0" [stack: 0x00007fa1d02ff000,0x00007fa1d03ff000] [id=16884]
  0x00007fa1f0116560 ConcurrentGCThread "G1 Service" [stack: 0x00007fa1d01fd000,0x00007fa1d02fd000] [id=16885]

Threads with active compile tasks:

VM state: not at safepoint (normal execution)

VM Mutex/Monitor currently owned by a thread: None

Heap address: 0x000000073a200000, size: 3166 MB, Compressed Oops mode: Zero based, Oop shift amount: 3

CDS archive(s) mapped at: [0x0000000800000000-0x0000000800c4e000-0x0000000800c4e000), size 12902400, SharedBaseAddress: 0x0000000800000000, ArchiveRelocationMode: 0.
Compressed class space mapped at: 0x0000000801000000-0x0000000841000000, reserved size: 1073741824
Narrow klass base: 0x0000000800000000, Narrow klass shift: 0, Narrow klass range: 0x100000000

GC Precious Log:
 CardTable entry size: 512
 Card Set container configuration: InlinePtr #cards 4 size 8 Array Of Cards #cards 8 size 32 Howl #buckets 8 coarsen threshold 3686 Howl Bitmap #cards 512 size 80 coarsen threshold 460 Card regions per heap region 1 cards per card region 4096
 CPUs: 12 total, 12 available
 Memory: 12658M
 Large Page Support: Disabled
 NUMA Support: Disabled
 Compressed Oops: Enabled (Zero based)
 Heap Region Size: 2M
 Heap Min Capacity: 8M
 Heap Initial Capacity: 198M
 Heap Max Capacity: 3166M
 Pre-touch: Disabled
 Parallel Workers: 10
 Concurrent Workers: 3
 Concurrent Refinement Workers: 10
 Periodic GC: Disabled

Heap:
 garbage-first heap   total 206848K, used 8160K [0x000000073a200000, 0x0000000800000000)
  region size 2048K, 4 young (8192K), 0 survivors (0K)
 Metaspace       used 3018K, committed 3392K, reserved 1114112K
  class space    used 303K, committed 512K, reserved 1048576K

Heap Regions: E=young(eden), S=young(survivor), O=old, HS=humongous(starts), HC=humongous(continues), CS=collection set, F=free, OA=open archive, CA=closed archive, TAMS=top-at-mark-start (previous, next)
|   0|0x000000073a200000, 0x000000073a200000, 0x000000073a400000|  0%| F|  |TAMS 0x000000073a200000, 0x000000073a200000| Untracked 
|   1|0x000000073a400000, 0x000000073a400000, 0x000000073a600000|  0%| F|  |TAMS 0x000000073a400000, 0x000000073a400000| Untracked 
|   2|0x000000073a600000, 0x000000073a600000, 0x000000073a800000|  0%| F|  |TAMS 0x000000073a600000, 0x000000073a600000| Untracked 
|   3|0x000000073a800000, 0x000000073a800000, 0x000000073aa00000|  0%| F|  |TAMS 0x000000073a800000, 0x000000073a800000| Untracked 
|   4|0x000000073aa00000, 0x000000073aa00000, 0x000000073ac00000|  0%| F|  |TAMS 0x000000073aa00000, 0x000000073aa00000| Untracked 
|   5|0x000000073ac00000, 0x000000073ac00000, 0x000000073ae00000|  0%| F|  |TAMS 0x000000073ac00000, 0x000000073ac00000| Untracked 
|   6|0x000000073ae00000, 0x000000073ae00000, 0x000000073b000000|  0%| F|  |TAMS 0x000000073ae00000, 0x000000073ae00000| Untracked 
|   7|0x000000073b000000, 0x000000073b000000, 0x000000073b200000|  0%| F|  |TAMS 0x000000073b000000, 0x000000073b000000| Untracked 
|   8|0x000000073b200000, 0x000000073b200000, 0x000000073b400000|  0%| F|  |TAMS 0x000000073b200000, 0x000000073b200000| Untracked 
|   9|0x000000073b400000, 0x000000073b400000, 0x000000073b600000|  0%| F|  |TAMS 0x000000073b400000, 0x000000073b400000| Untracked 
|  10|0x000000073b600000, 0x000000073b600000, 0x000000073b800000|  0%| F|  |TAMS 0x000000073b600000, 0x000000073b600000| Untracked 
|  11|0x000000073b800000, 0x000000073b800000, 0x000000073ba00000|  0%| F|  |TAMS 0x000000073b800000, 0x000000073b800000| Untracked 
|  12|0x000000073ba00000, 0x000000073ba00000, 0x000000073bc00000|  0%| F|  |TAMS 0x000000073ba00000, 0x000000073ba00000| Untracked 
|  13|0x000000073bc00000, 0x000000073bc00000, 0x000000073be00000|  0%| F|  |TAMS 0x000000073bc00000, 0x000000073bc00000| Untracked 
|  14|0x000000073be00000, 0x000000073be00000, 0x000000073c000000|  0%| F|  |TAMS 0x000000073be00000, 0x000000073be00000| Untracked 
|  15|0x000000073c000000, 0x000000073c000000, 0x000000073c200000|  0%| F|  |TAMS 0x000000073c000000, 0x000000073c000000| Untracked 
|  16|0x000000073c200000, 0x000000073c200000, 0x000000073c400000|  0%| F|  |TAMS 0x000000073c200000, 0x000000073c200000| Untracked 
|  17|0x000000073c400000, 0x000000073c400000, 0x000000073c600000|  0%| F|  |TAMS 0x000000073c400000, 0x000000073c400000| Untracked 
|  18|0x000000073c600000, 0x000000073c600000, 0x000000073c800000|  0%| F|  |TAMS 0x000000073c600000, 0x000000073c600000| Untracked 
|  19|0x000000073c800000, 0x000000073c800000, 0x000000073ca00000|  0%| F|  |TAMS 0x000000073c800000, 0x000000073c800000| Untracked 
|  20|0x000000073ca00000, 0x000000073ca00000, 0x000000073cc00000|  0%| F|  |TAMS 0x000000073ca00000, 0x000000073ca00000| Untracked 
|  21|0x000000073cc00000, 0x000000073cc00000, 0x000000073ce00000|  0%| F|  |TAMS 0x000000073cc00000, 0x000000073cc00000| Untracked 
|  22|0x000000073ce00000, 0x000000073ce00000, 0x000000073d000000|  0%| F|  |TAMS 0x000000073ce00000, 0x000000073ce00000| Untracked 
|  23|0x000000073d000000, 0x000000073d000000, 0x000000073d200000|  0%| F|  |TAMS 0x000000073d000000, 0x000000073d000000| Untracked 
|  24|0x000000073d200000, 0x000000073d200000, 0x000000073d400000|  0%| F|  |TAMS 0x000000073d200000, 0x000000073d200000| Untracked 
|  25|0x000000073d400000, 0x000000073d400000, 0x000000073d600000|  0%| F|  |TAMS 0x000000073d400000, 0x000000073d400000| Untracked 
|  26|0x000000073d600000, 0x000000073d600000, 0x000000073d800000|  0%| F|  |TAMS 0x000000073d600000, 0x000000073d600000| Untracked 
|  27|0x000000073d800000, 0x000000073d800000, 0x000000073da00000|  0%| F|  |TAMS 0x000000073d800000, 0x000000073d800000| Untracked 
|  28|0x000000073da00000, 0x000000073da00000, 0x000000073dc00000|  0%| F|  |TAMS 0x000000073da00000, 0x000000073da00000| Untracked 
|  29|0x000000073dc00000, 0x000000073dc00000, 0x000000073de00000|  0%| F|  |TAMS 0x000000073dc00000, 0x000000073dc00000| Untracked 
|  30|0x000000073de00000, 0x000000073de00000, 0x000000073e000000|  0%| F|  |TAMS 0x000000073de00000, 0x000000073de00000| Untracked 
|  31|0x000000073e000000, 0x000000073e000000, 0x000000073e200000|  0%| F|  |TAMS 0x000000073e000000, 0x000000073e000000| Untracked 
|  32|0x000000073e200000, 0x000000073e200000, 0x000000073e400000|  0%| F|  |TAMS 0x000000073e200000, 0x000000073e200000| Untracked 
|  33|0x000000073e400000, 0x000000073e400000, 0x000000073e600000|  0%| F|  |TAMS 0x000000073e400000, 0x000000073e400000| Untracked 
|  34|0x000000073e600000, 0x000000073e600000, 0x000000073e800000|  0%| F|  |TAMS 0x000000073e600000, 0x000000073e600000| Untracked 
|  35|0x000000073e800000, 0x000000073e800000, 0x000000073ea00000|  0%| F|  |TAMS 0x000000073e800000, 0x000000073e800000| Untracked 
|  36|0x000000073ea00000, 0x000000073ea00000, 0x000000073ec00000|  0%| F|  |TAMS 0x000000073ea00000, 0x000000073ea00000| Untracked 
|  37|0x000000073ec00000, 0x000000073ec00000, 0x000000073ee00000|  0%| F|  |TAMS 0x000000073ec00000, 0x000000073ec00000| Untracked 
|  38|0x000000073ee00000, 0x000000073ee00000, 0x000000073f000000|  0%| F|  |TAMS 0x000000073ee00000, 0x000000073ee00000| Untracked 
|  39|0x000000073f000000, 0x000000073f000000, 0x000000073f200000|  0%| F|  |TAMS 0x000000073f000000, 0x000000073f000000| Untracked 
|  40|0x000000073f200000, 0x000000073f200000, 0x000000073f400000|  0%| F|  |TAMS 0x000000073f200000, 0x000000073f200000| Untracked 
|  41|0x000000073f400000, 0x000000073f400000, 0x000000073f600000|  0%| F|  |TAMS 0x000000073f400000, 0x000000073f400000| Untracked 
|  42|0x000000073f600000, 0x000000073f600000, 0x000000073f800000|  0%| F|  |TAMS 0x000000073f600000, 0x000000073f600000| Untracked 
|  43|0x000000073f800000, 0x000000073f800000, 0x000000073fa00000|  0%| F|  |TAMS 0x000000073f800000, 0x000000073f800000| Untracked 
|  44|0x000000073fa00000, 0x000000073fa00000, 0x000000073fc00000|  0%| F|  |TAMS 0x000000073fa00000, 0x000000073fa00000| Untracked 
|  45|0x000000073fc00000, 0x000000073fc00000, 0x000000073fe00000|  0%| F|  |TAMS 0x000000073fc00000, 0x000000073fc00000| Untracked 
|  46|0x000000073fe00000, 0x000000073fe00000, 0x0000000740000000|  0%| F|  |TAMS 0x000000073fe00000, 0x000000073fe00000| Untracked 
|  47|0x0000000740000000, 0x0000000740000000, 0x0000000740200000|  0%| F|  |TAMS 0x0000000740000000, 0x0000000740000000| Untracked 
|  48|0x0000000740200000, 0x0000000740200000, 0x0000000740400000|  0%| F|  |TAMS 0x0000000740200000, 0x0000000740200000| Untracked 
|  49|0x0000000740400000, 0x0000000740400000, 0x0000000740600000|  0%| F|  |TAMS 0x0000000740400000, 0x0000000740400000| Untracked 
|  50|0x0000000740600000, 0x0000000740600000, 0x0000000740800000|  0%| F|  |TAMS 0x0000000740600000, 0x0000000740600000| Untracked 
|  51|0x0000000740800000, 0x0000000740800000, 0x0000000740a00000|  0%| F|  |TAMS 0x0000000740800000, 0x0000000740800000| Untracked 
|  52|0x0000000740a00000, 0x0000000740a00000, 0x0000000740c00000|  0%| F|  |TAMS 0x0000000740a00000, 0x0000000740a00000| Untracked 
|  53|0x0000000740c00000, 0x0000000740c00000, 0x0000000740e00000|  0%| F|  |TAMS 0x0000000740c00000, 0x0000000740c00000| Untracked 
|  54|0x0000000740e00000, 0x0000000740e00000, 0x0000000741000000|  0%| F|  |TAMS 0x0000000740e00000, 0x0000000740e00000| Untracked 
|  55|0x0000000741000000, 0x0000000741000000, 0x0000000741200000|  0%| F|  |TAMS 0x0000000741000000, 0x0000000741000000| Untracked 
|  56|0x0000000741200000, 0x0000000741200000, 0x0000000741400000|  0%| F|  |TAMS 0x0000000741200000, 0x0000000741200000| Untracked 
|  57|0x0000000741400000, 0x0000000741400000, 0x0000000741600000|  0%| F|  |TAMS 0x0000000741400000, 0x0000000741400000| Untracked 
|  58|0x0000000741600000, 0x0000000741600000, 0x0000000741800000|  0%| F|  |TAMS 0x0000000741600000, 0x0000000741600000| Untracked 
|  59|0x0000000741800000, 0x0000000741800000, 0x0000000741a00000|  0%| F|  |TAMS 0x0000000741800000, 0x0000000741800000| Untracked 
|  60|0x0000000741a00000, 0x0000000741a00000, 0x0000000741c00000|  0%| F|  |TAMS 0x0000000741a00000, 0x0000000741a00000| Untracked 
|  61|0x0000000741c00000, 0x0000000741c00000, 0x0000000741e00000|  0%| F|  |TAMS 0x0000000741c00000, 0x0000000741c00000| Untracked 
|  62|0x0000000741e00000, 0x0000000741e00000, 0x0000000742000000|  0%| F|  |TAMS 0x0000000741e00000, 0x0000000741e00000| Untracked 
|  63|0x0000000742000000, 0x0000000742000000, 0x0000000742200000|  0%| F|  |TAMS 0x0000000742000000, 0x0000000742000000| Untracked 
|  64|0x0000000742200000, 0x0000000742200000, 0x0000000742400000|  0%| F|  |TAMS 0x0000000742200000, 0x0000000742200000| Untracked 
|  65|0x0000000742400000, 0x0000000742400000, 0x0000000742600000|  0%| F|  |TAMS 0x0000000742400000, 0x0000000742400000| Untracked 
|  66|0x0000000742600000, 0x0000000742600000, 0x0000000742800000|  0%| F|  |TAMS 0x0000000742600000, 0x0000000742600000| Untracked 
|  67|0x0000000742800000, 0x0000000742800000, 0x0000000742a00000|  0%| F|  |TAMS 0x0000000742800000, 0x0000000742800000| Untracked 
|  68|0x0000000742a00000, 0x0000000742a00000, 0x0000000742c00000|  0%| F|  |TAMS 0x0000000742a00000, 0x0000000742a00000| Untracked 
|  69|0x0000000742c00000, 0x0000000742c00000, 0x0000000742e00000|  0%| F|  |TAMS 0x0000000742c00000, 0x0000000742c00000| Untracked 
|  70|0x0000000742e00000, 0x0000000742e00000, 0x0000000743000000|  0%| F|  |TAMS 0x0000000742e00000, 0x0000000742e00000| Untracked 
|  71|0x0000000743000000, 0x0000000743000000, 0x0000000743200000|  0%| F|  |TAMS 0x0000000743000000, 0x0000000743000000| Untracked 
|  72|0x0000000743200000, 0x0000000743200000, 0x0000000743400000|  0%| F|  |TAMS 0x0000000743200000, 0x0000000743200000| Untracked 
|  73|0x0000000743400000, 0x0000000743400000, 0x0000000743600000|  0%| F|  |TAMS 0x0000000743400000, 0x0000000743400000| Untracked 
|  74|0x0000000743600000, 0x0000000743600000, 0x0000000743800000|  0%| F|  |TAMS 0x0000000743600000, 0x0000000743600000| Untracked 
|  75|0x0000000743800000, 0x0000000743800000, 0x0000000743a00000|  0%| F|  |TAMS 0x0000000743800000, 0x0000000743800000| Untracked 
|  76|0x0000000743a00000, 0x0000000743a00000, 0x0000000743c00000|  0%| F|  |TAMS 0x0000000743a00000, 0x0000000743a00000| Untracked 
|  77|0x0000000743c00000, 0x0000000743c00000, 0x0000000743e00000|  0%| F|  |TAMS 0x0000000743c00000, 0x0000000743c00000| Untracked 
|  78|0x0000000743e00000, 0x0000000743e00000, 0x0000000744000000|  0%| F|  |TAMS 0x0000000743e00000, 0x0000000743e00000| Untracked 
|  79|0x0000000744000000, 0x0000000744000000, 0x0000000744200000|  0%| F|  |TAMS 0x0000000744000000, 0x0000000744000000| Untracked 
|  80|0x0000000744200000, 0x0000000744200000, 0x0000000744400000|  0%| F|  |TAMS 0x0000000744200000, 0x0000000744200000| Untracked 
|  81|0x0000000744400000, 0x0000000744400000, 0x0000000744600000|  0%| F|  |TAMS 0x0000000744400000, 0x0000000744400000| Untracked 
|  82|0x0000000744600000, 0x0000000744600000, 0x0000000744800000|  0%| F|  |TAMS 0x0000000744600000, 0x0000000744600000| Untracked 
|  83|0x0000000744800000, 0x0000000744800000, 0x0000000744a00000|  0%| F|  |TAMS 0x0000000744800000, 0x0000000744800000| Untracked 
|  84|0x0000000744a00000, 0x0000000744a00000, 0x0000000744c00000|  0%| F|  |TAMS 0x0000000744a00000, 0x0000000744a00000| Untracked 
|  85|0x0000000744c00000, 0x0000000744c00000, 0x0000000744e00000|  0%| F|  |TAMS 0x0000000744c00000, 0x0000000744c00000| Untracked 
|  86|0x0000000744e00000, 0x0000000744e00000, 0x0000000745000000|  0%| F|  |TAMS 0x0000000744e00000, 0x0000000744e00000| Untracked 
|  87|0x0000000745000000, 0x0000000745000000, 0x0000000745200000|  0%| F|  |TAMS 0x0000000745000000, 0x0000000745000000| Untracked 
|  88|0x0000000745200000, 0x0000000745200000, 0x0000000745400000|  0%| F|  |TAMS 0x0000000745200000, 0x0000000745200000| Untracked 
|  89|0x0000000745400000, 0x0000000745400000, 0x0000000745600000|  0%| F|  |TAMS 0x0000000745400000, 0x0000000745400000| Untracked 
|  90|0x0000000745600000, 0x0000000745600000, 0x0000000745800000|  0%| F|  |TAMS 0x0000000745600000, 0x0000000745600000| Untracked 
|  91|0x0000000745800000, 0x0000000745800000, 0x0000000745a00000|  0%| F|  |TAMS 0x0000000745800000, 0x0000000745800000| Untracked 
|  92|0x0000000745a00000, 0x0000000745a00000, 0x0000000745c00000|  0%| F|  |TAMS 0x0000000745a00000, 0x0000000745a00000| Untracked 
|  93|0x0000000745c00000, 0x0000000745c00000, 0x0000000745e00000|  0%| F|  |TAMS 0x0000000745c00000, 0x0000000745c00000| Untracked 
|  94|0x0000000745e00000, 0x0000000745e00000, 0x0000000746000000|  0%| F|  |TAMS 0x0000000745e00000, 0x0000000745e00000| Untracked 
|  95|0x0000000746000000, 0x00000007460e1dd0, 0x0000000746200000| 44%| E|  |TAMS 0x0000000746000000, 0x0000000746000000| Complete 
|  96|0x0000000746200000, 0x0000000746400000, 0x0000000746400000|100%| E|CS|TAMS 0x0000000746200000, 0x0000000746200000| Complete 
|  97|0x0000000746400000, 0x0000000746600000, 0x0000000746600000|100%| E|CS|TAMS 0x0000000746400000, 0x0000000746400000| Complete 
|  98|0x0000000746600000, 0x0000000746800000, 0x0000000746800000|100%| E|CS|TAMS 0x0000000746600000, 0x0000000746600000| Complete 
|1581|0x00000007ffc00000, 0x00000007ffd77000, 0x00000007ffe00000| 73%|OA|  |TAMS 0x00000007ffc00000, 0x00000007ffc00000| Untracked 
|1582|0x00000007ffe00000, 0x00000007ffe81000, 0x0000000800000000| 25%|CA|  |TAMS 0x00000007ffe00000, 0x00000007ffe00000| Untracked 

Card table byte_map: [0x00007fa1f4a9e000,0x00007fa1f50cd000] _byte_map_base: 0x00007fa1f10cd000

Marking Bits (Prev, Next): (CMBitMap*) 0x00007fa1f0088390, (CMBitMap*) 0x00007fa1f00883d0
 Prev Bits: [0x00007fa1d5e80000, 0x00007fa1d8ff8000)
 Next Bits: [0x00007fa1d2d08000, 0x00007fa1d5e80000)

Polling page: 0x00007fa1f7ba1000

Metaspace:

Usage:
  Non-class:      2.65 MB used.
      Class:    303.23 KB used.
       Both:      2.95 MB used.

Virtual space:
  Non-class space:       64.00 MB reserved,       2.81 MB (  4%) committed,  1 nodes.
      Class space:        1.00 GB reserved,     512.00 KB ( <1%) committed,  1 nodes.
             Both:        1.06 GB reserved,       3.31 MB ( <1%) committed. 

Chunk freelists:
   Non-Class:  3.19 MB
       Class:  3.55 MB
        Both:  6.74 MB

MaxMetaspaceSize: unlimited
CompressedClassSpaceSize: 1.00 GB
Initial GC threshold: 21.00 MB
Current GC threshold: 21.00 MB
CDS: on
MetaspaceReclaimPolicy: balanced
 - commit_granule_bytes: 65536.
 - commit_granule_words: 8192.
 - virtual_space_node_default_size: 8388608.
 - enlarge_chunks_in_place: 1.
 - new_chunks_are_fully_committed: 0.
 - uncommit_free_chunks: 1.
 - use_allocation_guard: 0.


Internal statistics:

num_allocs_failed_limit: 0.
num_arena_births: 366.
num_arena_deaths: 0.
num_vsnodes_births: 2.
num_vsnodes_deaths: 0.
num_space_committed: 53.
num_space_uncommitted: 0.
num_chunks_returned_to_freelist: 0.
num_chunks_taken_from_freelist: 392.
num_chunk_merges: 0.
num_chunk_splits: 286.
num_chunks_enlarged: 194.
num_inconsistent_stats: 0.

CodeHeap 'non-profiled nmethods': size=120028Kb used=214Kb max_used=214Kb free=119813Kb
 bounds [0x00007fa1e0ac1000, 0x00007fa1e0d31000, 0x00007fa1e7ff8000]
CodeHeap 'profiled nmethods': size=120028Kb used=818Kb max_used=818Kb free=119209Kb
 bounds [0x00007fa1d8ff8000, 0x00007fa1d9268000, 0x00007fa1e052f000]
CodeHeap 'non-nmethods': size=5704Kb used=1506Kb max_used=1506Kb free=4197Kb
 bounds [0x00007fa1e052f000, 0x00007fa1e079f000, 0x00007fa1e0ac1000]
 total_blobs=1080 nmethods=578 adapters=405
 compilation: enabled
              stopped_count=0, restarted_count=0
 full_count=0

Compilation events (20 events):
Event: 1.060 Thread 0x00007fa1f01556b0  552       3       java.util.zip.ZipUtils::SH (21 bytes)
Event: 1.060 Thread 0x00007fa1f01556b0 nmethod 552 0x00007fa1d90c1590 code [0x00007fa1d90c1740, 0x00007fa1d90c1890]
Event: 1.060 Thread 0x00007fa1f01556b0  553       3       java.util.zip.ZipCoder$UTF8ZipCoder::checkedHash (91 bytes)
Event: 1.061 Thread 0x00007fa1f0154120  556       4       java.util.zip.ZipUtils::SH (21 bytes)
Event: 1.061 Thread 0x00007fa1f01556b0 nmethod 553 0x00007fa1d90c1990 code [0x00007fa1d90c1b80, 0x00007fa1d90c1ff0]
Event: 1.061 Thread 0x00007fa1f01556b0  555       3       java.util.zip.ZipUtils::CENCOM (9 bytes)
Event: 1.061 Thread 0x00007fa1f01556b0 nmethod 555 0x00007fa1d90c2210 code [0x00007fa1d90c23c0, 0x00007fa1d90c2570]
Event: 1.061 Thread 0x00007fa1f01556b0  554       1       java.util.zip.ZipCoder$UTF8ZipCoder::isUTF8 (2 bytes)
Event: 1.061 Thread 0x00007fa1f01556b0 nmethod 554 0x00007fa1e0af2e10 code [0x00007fa1e0af2fa0, 0x00007fa1e0af3070]
Event: 1.061 Thread 0x00007fa1f01556b0  557       3       java.util.zip.ZipUtils::LG (22 bytes)
Event: 1.061 Thread 0x00007fa1f01556b0 nmethod 557 0x00007fa1d90c2690 code [0x00007fa1d90c2840, 0x00007fa1d90c2ad0]
Event: 1.062 Thread 0x00007fa1f0154120 nmethod 556 0x00007fa1e0af3110 code [0x00007fa1e0af32a0, 0x00007fa1e0af3398]
Event: 1.063 Thread 0x00007fa1f01556b0  558       3       jdk.internal.misc.VM::isBooted (13 bytes)
Event: 1.063 Thread 0x00007fa1f01556b0 nmethod 558 0x00007fa1d90c2c10 code [0x00007fa1d90c2da0, 0x00007fa1d90c2f10]
Event: 1.066 Thread 0x00007fa1f01556b0  559       3       sun.nio.fs.UnixPath::checkNotNul (16 bytes)
Event: 1.066 Thread 0x00007fa1f01556b0 nmethod 559 0x00007fa1d90c2f90 code [0x00007fa1d90c3140, 0x00007fa1d90c3320]
Event: 1.070 Thread 0x00007fa1f01556b0  560   !   3       jdk.internal.misc.Blocker::begin (95 bytes)
Event: 1.071 Thread 0x00007fa1f01556b0 nmethod 560 0x00007fa1d90c3410 code [0x00007fa1d90c3660, 0x00007fa1d90c3fa0]
Event: 1.071 Thread 0x00007fa1f01556b0  561       3       jdk.internal.misc.Blocker::end (71 bytes)
Event: 1.071 Thread 0x00007fa1f01556b0 nmethod 561 0x00007fa1d90c4210 code [0x00007fa1d90c4400, 0x00007fa1d90c48e0]

GC Heap History (0 events):
No events

Dll operation events (7 events):
Event: 0.002 Loaded shared library /home/dreamlike/jdk-19/lib/libjava.so
Event: 0.022 Loaded shared library /home/dreamlike/jdk-19/lib/libjsvml.so
Event: 0.474 Loaded shared library /home/dreamlike/jdk-19/lib/libnio.so
Event: 0.477 Loaded shared library /home/dreamlike/jdk-19/lib/libjimage.so
Event: 0.584 Loaded shared library /tmp/liburing2305282037512479648.so
Event: 0.783 Loaded shared library /home/dreamlike/jdk-19/lib/libsyslookup.so
Event: 1.063 Loaded shared library /home/dreamlike/jdk-19/lib/libzip.so

Deoptimization events (2 events):
Event: 0.787 Thread 0x00007fa1f0028320 DEOPT PACKING pc=0x00007fa1d9016282 sp=0x00007fa1f648e3c0
Event: 0.787 Thread 0x00007fa1f0028320 DEOPT UNPACKING pc=0x00007fa1e059662f sp=0x00007fa1f648d800 mode 0

Classes loaded (20 events):
Event: 0.780 Loading class jdk/internal/loader/RawNativeLibraries
Event: 0.780 Loading class jdk/internal/loader/RawNativeLibraries done
Event: 0.781 Loading class jdk/internal/loader/RawNativeLibraries$1
Event: 0.781 Loading class jdk/internal/loader/RawNativeLibraries$1 done
Event: 0.783 Loading class jdk/internal/loader/RawNativeLibraries$RawNativeLibraryImpl
Event: 0.783 Loading class jdk/internal/loader/RawNativeLibraries$RawNativeLibraryImpl done
Event: 0.815 Loading class jdk/internal/foreign/abi/Binding$Context$3
Event: 0.816 Loading class jdk/internal/foreign/abi/Binding$Context$3 done
Event: 0.816 Loading class java/lang/invoke/ConstantBootstraps
Event: 0.816 Loading class java/lang/invoke/ConstantBootstraps done
Event: 0.821 Loading class jdk/internal/foreign/abi/Binding$BoxAddress
Event: 0.821 Loading class jdk/internal/foreign/abi/Binding$BoxAddress done
Event: 1.188 Loading class java/io/DataOutputStream
Event: 1.188 Loading class java/io/DataOutputStream done
Event: 20.727 Loading class java/lang/invoke/VarHandleSegmentAsBytes
Event: 20.727 Loading class java/lang/invoke/VarHandleSegmentAsBytes done
Event: 20.732 Loading class java/lang/invoke/VarHandleSegmentAsShorts
Event: 20.733 Loading class java/lang/invoke/VarHandleSegmentAsShorts done
Event: 20.738 Loading class java/lang/invoke/VarHandleSegmentAsLongs
Event: 20.738 Loading class java/lang/invoke/VarHandleSegmentAsLongs done

Classes unloaded (0 events):
No events

Classes redefined (0 events):
No events

Internal exceptions (20 events):
Event: 0.791 Thread 0x00007fa1f0028320 Exception <a 'java/lang/NoSuchMethodError'{0x00000007462e9bf8}: 'int java.lang.invoke.DelegatingMethodHandle$Holder.reinvoke_L(java.lang.Object, java.lang.Object, java.lang.Object, int, java.lang.Object, java.lang.Object, long)'> (0x00000007462e9bf8) 
thrown [open/src/hotspot/share/interpreter/linkResolver.cpp, line 773]
Event: 0.799 Thread 0x00007fa1f0028320 Exception <a 'java/lang/NoSuchMethodError'{0x0000000746311e18}: 'int java.lang.invoke.DirectMethodHandle$Holder.invokeStaticInit(java.lang.Object, java.lang.Object, java.lang.Object, int, java.lang.Object, int, long)'> (0x0000000746311e18) 
thrown [open/src/hotspot/share/interpreter/linkResolver.cpp, line 773]
Event: 0.801 Thread 0x00007fa1f0028320 Exception <a 'java/lang/NoSuchMethodError'{0x0000000746319678}: 'int java.lang.invoke.DelegatingMethodHandle$Holder.reinvoke_L(java.lang.Object, java.lang.Object, java.lang.Object, int, java.lang.Object, int, long)'> (0x0000000746319678) 
thrown [open/src/hotspot/share/interpreter/linkResolver.cpp, line 773]
Event: 0.809 Thread 0x00007fa1f0028320 Exception <a 'java/lang/NoSuchMethodError'{0x0000000746340590}: 'int java.lang.invoke.DirectMethodHandle$Holder.invokeStaticInit(java.lang.Object, java.lang.Object, java.lang.Object, java.lang.Object, long)'> (0x0000000746340590) 
thrown [open/src/hotspot/share/interpreter/linkResolver.cpp, line 773]
Event: 0.811 Thread 0x00007fa1f0028320 Exception <a 'java/lang/NoSuchMethodError'{0x000000074634ad10}: 'int java.lang.invoke.DelegatingMethodHandle$Holder.reinvoke_L(java.lang.Object, java.lang.Object, java.lang.Object, java.lang.Object, long)'> (0x000000074634ad10) 
thrown [open/src/hotspot/share/interpreter/linkResolver.cpp, line 773]
Event: 0.814 Thread 0x00007fa1f0028320 Exception <a 'java/lang/NoSuchMethodError'{0x0000000746360238}: 'int java.lang.invoke.DirectMethodHandle$Holder.invokeSpecial(java.lang.Object, java.lang.Object, int, java.lang.Object, int)'> (0x0000000746360238) 
thrown [open/src/hotspot/share/interpreter/linkResolver.cpp, line 773]
Event: 0.817 Thread 0x00007fa1f0028320 Exception <a 'java/lang/NoSuchMethodError'{0x0000000746368248}: 'java.lang.Object java.lang.invoke.Invokers$Holder.invoke_MT(java.lang.Object, java.lang.Object, java.lang.Object, java.lang.Object, java.lang.Object)'> (0x0000000746368248) 
thrown [open/src/hotspot/share/interpreter/linkResolver.cpp, line 773]
Event: 0.824 Thread 0x00007fa1f0028320 Exception <a 'java/lang/NoSuchMethodError'{0x0000000746383140}: 'java.lang.Object java.lang.invoke.DirectMethodHandle$Holder.invokeStaticInit(java.lang.Object, java.lang.Object, java.lang.Object, java.lang.Object, long)'> (0x0000000746383140) 
thrown [open/src/hotspot/share/interpreter/linkResolver.cpp, line 773]
Event: 0.825 Thread 0x00007fa1f0028320 Exception <a 'java/lang/NoSuchMethodError'{0x0000000746387318}: 'java.lang.Object java.lang.invoke.DirectMethodHandle$Holder.invokeSpecial(java.lang.Object, java.lang.Object, java.lang.Object, java.lang.Object, java.lang.Object, long)'> (0x0000000746387318) 
thrown [open/src/hotspot/share/interpreter/linkResolver.cpp, line 773]
Event: 0.831 Thread 0x00007fa1f0028320 Exception <a 'java/lang/NoSuchMethodError'{0x00000007463ad638}: 'int java.lang.invoke.DirectMethodHandle$Holder.invokeStatic(java.lang.Object, java.lang.Object, java.lang.Object, java.lang.Object, java.lang.Object, int, long)'> (0x00000007463ad638) 
thrown [open/src/hotspot/share/interpreter/linkResolver.cpp, line 773]
Event: 0.831 Thread 0x00007fa1f0028320 Exception <a 'java/lang/NoSuchMethodError'{0x00000007463b1030}: 'int java.lang.invoke.DirectMethodHandle$Holder.invokeStaticInit(java.lang.Object, java.lang.Object, java.lang.Object, java.lang.Object, java.lang.Object, int, long)'> (0x00000007463b1030) 
thrown [open/src/hotspot/share/interpreter/linkResolver.cpp, line 773]
Event: 0.833 Thread 0x00007fa1f0028320 Exception <a 'java/lang/NoSuchMethodError'{0x00000007463b89e0}: 'int java.lang.invoke.DelegatingMethodHandle$Holder.reinvoke_L(java.lang.Object, java.lang.Object, java.lang.Object, java.lang.Object, java.lang.Object, int, long)'> (0x00000007463b89e0) 
thrown [open/src/hotspot/share/interpreter/linkResolver.cpp, line 773]
Event: 0.839 Thread 0x00007fa1f0028320 Exception <a 'java/lang/NoSuchMethodError'{0x00000007463e00d8}: 'int java.lang.invoke.DirectMethodHandle$Holder.invokeStatic(java.lang.Object, java.lang.Object, java.lang.Object, java.lang.Object, int, java.lang.Object, int, long)'> (0x00000007463e00d8) 
thrown [open/src/hotspot/share/interpreter/linkResolver.cpp, line 773]
Event: 0.840 Thread 0x00007fa1f0028320 Exception <a 'java/lang/NoSuchMethodError'{0x00000007463e3b20}: 'int java.lang.invoke.DirectMethodHandle$Holder.invokeStaticInit(java.lang.Object, java.lang.Object, java.lang.Object, java.lang.Object, int, java.lang.Object, int, long)'> (0x00000007463e3b20) 
thrown [open/src/hotspot/share/interpreter/linkResolver.cpp, line 773]
Event: 0.841 Thread 0x00007fa1f0028320 Exception <a 'java/lang/NoSuchMethodError'{0x00000007463eb610}: 'int java.lang.invoke.DelegatingMethodHandle$Holder.reinvoke_L(java.lang.Object, java.lang.Object, java.lang.Object, java.lang.Object, int, java.lang.Object, int, long)'> (0x00000007463eb610) 
thrown [open/src/hotspot/share/interpreter/linkResolver.cpp, line 773]
Event: 20.439 Thread 0x00007fa1f0028320 Exception <a 'java/lang/NoSuchMethodError'{0x0000000746034dd0}: 'void java.lang.invoke.DirectMethodHandle$Holder.invokeStaticInit(java.lang.Object, java.lang.Object, java.lang.Object, int, java.lang.Object, int, java.lang.Object, int, long, long)'> (0x0000000746034dd0) 
thrown [open/src/hotspot/share/interpreter/linkResolver.cpp, line 773]
Event: 20.496 Thread 0x00007fa1f0028320 Exception <a 'java/lang/NoSuchMethodError'{0x000000074603cbb8}: 'void java.lang.invoke.DelegatingMethodHandle$Holder.reinvoke_L(java.lang.Object, java.lang.Object, java.lang.Object, int, java.lang.Object, int, java.lang.Object, int, long, long)'> (0x000000074603cbb8) 
thrown [open/src/hotspot/share/interpreter/linkResolver.cpp, line 773]
Event: 20.631 Thread 0x00007fa1f0028320 Exception <a 'java/lang/NoSuchMethodError'{0x0000000746055880}: 'void java.lang.invoke.DirectMethodHandle$Holder.invokeSpecial(java.lang.Object, java.lang.Object, int, java.lang.Object, int, java.lang.Object, int, long)'> (0x0000000746055880) 
thrown [open/src/hotspot/share/interpreter/linkResolver.cpp, line 773]
Event: 20.847 Thread 0x00007fa1f0028320 Exception <a 'java/lang/NoSuchMethodError'{0x000000074608d5c0}: 'void java.lang.invoke.DelegatingMethodHandle$Holder.reinvoke_L(java.lang.Object, java.lang.Object, java.lang.Object, long, int)'> (0x000000074608d5c0) 
thrown [open/src/hotspot/share/interpreter/linkResolver.cpp, line 773]
Event: 24.043 Thread 0x00007fa1f0028320 Exception <a 'java/lang/NoSuchMethodError'{0x000000074609e068}: 'void java.lang.invoke.DelegatingMethodHandle$Holder.reinvoke_L(java.lang.Object, java.lang.Object, java.lang.Object, long, long)'> (0x000000074609e068) 
thrown [open/src/hotspot/share/interpreter/linkResolver.cpp, line 773]

VM Operations (20 events):
Event: 55.857 Executing VM operation: get/set locals
Event: 55.857 Executing VM operation: get/set locals done
Event: 57.458 Executing VM operation: ChangeSingleStep
Event: 57.459 Executing VM operation: ChangeSingleStep done
Event: 57.459 Executing VM operation: ChangeSingleStep
Event: 57.459 Executing VM operation: ChangeSingleStep done
Event: 57.468 Executing VM operation: get/set locals
Event: 57.468 Executing VM operation: get/set locals done
Event: 57.468 Executing VM operation: get/set locals
Event: 57.468 Executing VM operation: get/set locals done
Event: 57.468 Executing VM operation: get/set locals
Event: 57.469 Executing VM operation: get/set locals done
Event: 57.469 Executing VM operation: get/set locals
Event: 57.469 Executing VM operation: get/set locals done
Event: 57.470 Executing VM operation: get/set locals
Event: 57.470 Executing VM operation: get/set locals done
Event: 59.485 Executing VM operation: ChangeBreakpoints
Event: 59.485 Executing VM operation: ChangeBreakpoints done
Event: 59.485 Executing VM operation: ChangeBreakpoints
Event: 59.485 Executing VM operation: ChangeBreakpoints done

Events (20 events):
Event: 0.036 Thread 0x00007fa1f0154120 Thread added: 0x00007fa1f0154120
Event: 0.036 Protecting memory [0x00007fa1b73cf000,0x00007fa1b73d3000] with protection modes 0
Event: 0.036 Thread 0x00007fa1f01556b0 Thread added: 0x00007fa1f01556b0
Event: 0.036 Protecting memory [0x00007fa1b72ce000,0x00007fa1b72d2000] with protection modes 0
Event: 0.037 Thread 0x00007fa1f015eb70 Thread added: 0x00007fa1f015eb70
Event: 0.037 Protecting memory [0x00007fa1b71cd000,0x00007fa1b71d1000] with protection modes 0
Event: 0.055 Thread 0x00007fa1f0176ac0 Thread added: 0x00007fa1f0176ac0
Event: 0.055 Protecting memory [0x00007fa1b70cc000,0x00007fa1b70d0000] with protection modes 0
Event: 0.055 Thread 0x00007fa1f017ac80 Thread added: 0x00007fa1f017ac80
Event: 0.055 Protecting memory [0x00007fa1b6fcb000,0x00007fa1b6fcf000] with protection modes 0
Event: 0.419 Thread 0x00007fa188000ff0 Thread added: 0x00007fa188000ff0
Event: 0.419 Protecting memory [0x00007fa1b6eca000,0x00007fa1b6ece000] with protection modes 0
Event: 0.434 Thread 0x00007fa1f017be00 Thread added: 0x00007fa1f017be00
Event: 0.434 Protecting memory [0x00007fa1b6dc9000,0x00007fa1b6dcd000] with protection modes 0
Event: 0.441 Thread 0x00007fa1f0180010 Thread added: 0x00007fa1f0180010
Event: 0.441 Protecting memory [0x00007fa1b6bc6000,0x00007fa1b6bca000] with protection modes 0
Event: 0.842 Thread 0x00007fa1901b2c00 Thread added: 0x00007fa1901b2c00
Event: 0.842 Protecting memory [0x00007fa1b6ac5000,0x00007fa1b6ac9000] with protection modes 0
Event: 1.056 Thread 0x00007fa1901b2c00 Thread exited: 0x00007fa1901b2c00
Event: 59.484 Thread 0x00007fa188000ff0 Thread exited: 0x00007fa188000ff0


Dynamic libraries:
73a200000-746800000 rw-p 00000000 00:00 0 
746800000-7ffc00000 ---p 00000000 00:00 0 
7ffc00000-7ffd00000 rw-p 00000000 00:00 0 
7ffd00000-7ffd77000 rw-p 00d09000 08:10 54487                            /home/dreamlike/jdk-19/lib/server/classes.jsa
7ffd77000-7ffe00000 rw-p 00000000 00:00 0 
7ffe00000-7ffe81000 rw-p 00c88000 08:10 54487                            /home/dreamlike/jdk-19/lib/server/classes.jsa
7ffe81000-800000000 rw-p 00000000 00:00 0 
800000000-800c4e000 rw-p 00001000 08:10 54487                            /home/dreamlike/jdk-19/lib/server/classes.jsa
800c4e000-801000000 ---p 00000000 00:00 0 
801000000-801040000 rw-p 00000000 00:00 0 
801040000-801080000 rw-p 00000000 00:00 0 
801080000-841000000 ---p 00000000 00:00 0 
56514ec33000-56514ec34000 r-xp 00000000 08:10 3305                       /home/dreamlike/jdk-19/bin/java
56514ec35000-56514ec36000 r--p 00001000 08:10 3305                       /home/dreamlike/jdk-19/bin/java
56514ec36000-56514ec37000 rw-p 00002000 08:10 3305                       /home/dreamlike/jdk-19/bin/java
56514f46a000-56514f4b1000 rw-p 00000000 00:00 0                          [heap]
7fa170000000-7fa170021000 rw-p 00000000 00:00 0 
7fa170021000-7fa174000000 ---p 00000000 00:00 0 
7fa178000000-7fa178021000 rw-p 00000000 00:00 0 
7fa178021000-7fa17c000000 ---p 00000000 00:00 0 
7fa17c000000-7fa17c021000 rw-p 00000000 00:00 0 
7fa17c021000-7fa180000000 ---p 00000000 00:00 0 
7fa180000000-7fa180021000 rw-p 00000000 00:00 0 
7fa180021000-7fa184000000 ---p 00000000 00:00 0 
7fa184000000-7fa184021000 rw-p 00000000 00:00 0 
7fa184021000-7fa188000000 ---p 00000000 00:00 0 
7fa188000000-7fa188041000 rw-p 00000000 00:00 0 
7fa188041000-7fa18c000000 ---p 00000000 00:00 0 
7fa18c000000-7fa18c022000 rw-p 00000000 00:00 0 
7fa18c022000-7fa190000000 ---p 00000000 00:00 0 
7fa190000000-7fa1901b6000 rw-p 00000000 00:00 0 
7fa1901b6000-7fa194000000 ---p 00000000 00:00 0 
7fa194000000-7fa194021000 rw-p 00000000 00:00 0 
7fa194021000-7fa198000000 ---p 00000000 00:00 0 
7fa198000000-7fa198021000 rw-p 00000000 00:00 0 
7fa198021000-7fa19c000000 ---p 00000000 00:00 0 
7fa19c000000-7fa19c19c000 rw-p 00000000 00:00 0 
7fa19c19c000-7fa1a0000000 ---p 00000000 00:00 0 
7fa1a0000000-7fa1a0021000 rw-p 00000000 00:00 0 
7fa1a0021000-7fa1a4000000 ---p 00000000 00:00 0 
7fa1a4000000-7fa1a4021000 rw-p 00000000 00:00 0 
7fa1a4021000-7fa1a8000000 ---p 00000000 00:00 0 
7fa1a8000000-7fa1a8021000 rw-p 00000000 00:00 0 
7fa1a8021000-7fa1ac000000 ---p 00000000 00:00 0 
7fa1ac000000-7fa1ac021000 rw-p 00000000 00:00 0 
7fa1ac021000-7fa1b0000000 ---p 00000000 00:00 0 
7fa1b0000000-7fa1b0021000 rw-p 00000000 00:00 0 
7fa1b0021000-7fa1b4000000 ---p 00000000 00:00 0 
7fa1b66c8000-7fa1b6ac5000 rw-p 00000000 00:00 0 
7fa1b6ac5000-7fa1b6ac9000 ---p 00000000 00:00 0 
7fa1b6ac9000-7fa1b6bc6000 rw-p 00000000 00:00 0 
7fa1b6bc6000-7fa1b6bca000 ---p 00000000 00:00 0 
7fa1b6bca000-7fa1b6cc7000 rw-p 00000000 00:00 0 
7fa1b6cc7000-7fa1b6cc8000 ---p 00000000 00:00 0 
7fa1b6cc8000-7fa1b6dc9000 rw-p 00000000 00:00 0 
7fa1b6dc9000-7fa1b6dcd000 ---p 00000000 00:00 0 
7fa1b6dcd000-7fa1b6eca000 rw-p 00000000 00:00 0 
7fa1b6eca000-7fa1b6ece000 ---p 00000000 00:00 0 
7fa1b6ece000-7fa1b6fcb000 rw-p 00000000 00:00 0 
7fa1b6fcb000-7fa1b6fcf000 ---p 00000000 00:00 0 
7fa1b6fcf000-7fa1b70cc000 rw-p 00000000 00:00 0 
7fa1b70cc000-7fa1b70d0000 ---p 00000000 00:00 0 
7fa1b70d0000-7fa1b71cd000 rw-p 00000000 00:00 0 
7fa1b71cd000-7fa1b71d1000 ---p 00000000 00:00 0 
7fa1b71d1000-7fa1b72ce000 rw-p 00000000 00:00 0 
7fa1b72ce000-7fa1b72d2000 ---p 00000000 00:00 0 
7fa1b72d2000-7fa1b73cf000 rw-p 00000000 00:00 0 
7fa1b73cf000-7fa1b73d3000 ---p 00000000 00:00 0 
7fa1b73d3000-7fa1b74d0000 rw-p 00000000 00:00 0 
7fa1b74d0000-7fa1b74d4000 ---p 00000000 00:00 0 
7fa1b74d4000-7fa1b75d1000 rw-p 00000000 00:00 0 
7fa1b75d1000-7fa1b75d5000 ---p 00000000 00:00 0 
7fa1b75d5000-7fa1b76d2000 rw-p 00000000 00:00 0 
7fa1b76d2000-7fa1b76d6000 ---p 00000000 00:00 0 
7fa1b76d6000-7fa1b77d3000 rw-p 00000000 00:00 0 
7fa1b77d3000-7fa1b77d7000 ---p 00000000 00:00 0 
7fa1b77d7000-7fa1b78d4000 rw-p 00000000 00:00 0 
7fa1b78d4000-7fa1b78d8000 ---p 00000000 00:00 0 
7fa1b78d8000-7fa1b79d5000 rw-p 00000000 00:00 0 
7fa1b79d5000-7fa1b7b48000 r--p 00000000 08:10 37752                      /usr/lib/locale/C.UTF-8/LC_COLLATE
7fa1b7b48000-7fa1b7e2e000 r--p 00000000 08:10 37750                      /usr/lib/locale/locale-archive
7fa1b7e2e000-7fa1b7e2f000 ---p 00000000 00:00 0 
7fa1b7e2f000-7fa1b7f30000 rw-p 00000000 00:00 0 
7fa1b7f30000-7fa1b7ffe000 r-xp 00000000 08:10 47079                      /home/dreamlike/jdk-19/lib/libjsvml.so
7fa1b7ffe000-7fa1b7fff000 r--p 000cd000 08:10 47079                      /home/dreamlike/jdk-19/lib/libjsvml.so
7fa1b7fff000-7fa1b8000000 rw-p 000ce000 08:10 47079                      /home/dreamlike/jdk-19/lib/libjsvml.so
7fa1b8000000-7fa1b8200000 rw-p 00000000 00:00 0 
7fa1b8200000-7fa1b8400000 ---p 00000000 00:00 0 
7fa1b8400000-7fa1b84d0000 rw-p 00000000 00:00 0 
7fa1b84d0000-7fa1bc000000 ---p 00000000 00:00 0 
7fa1bc000000-7fa1bc021000 rw-p 00000000 00:00 0 
7fa1bc021000-7fa1c0000000 ---p 00000000 00:00 0 
7fa1c0000000-7fa1c0021000 rw-p 00000000 00:00 0 
7fa1c0021000-7fa1c4000000 ---p 00000000 00:00 0 
7fa1c4000000-7fa1c4021000 rw-p 00000000 00:00 0 
7fa1c4021000-7fa1c8000000 ---p 00000000 00:00 0 
7fa1c8000000-7fa1c8021000 rw-p 00000000 00:00 0 
7fa1c8021000-7fa1cc000000 ---p 00000000 00:00 0 
7fa1cc000000-7fa1cc021000 rw-p 00000000 00:00 0 
7fa1cc021000-7fa1d0000000 ---p 00000000 00:00 0 
7fa1d0031000-7fa1d0038000 r-xp 00000000 08:10 54152                      /home/dreamlike/jdk-19/lib/libzip.so
7fa1d0038000-7fa1d0039000 ---p 00007000 08:10 54152                      /home/dreamlike/jdk-19/lib/libzip.so
7fa1d0039000-7fa1d003a000 r--p 00007000 08:10 54152                      /home/dreamlike/jdk-19/lib/libzip.so
7fa1d003a000-7fa1d003b000 rw-p 00008000 08:10 54152                      /home/dreamlike/jdk-19/lib/libzip.so
7fa1d003b000-7fa1d003d000 r--p 00000000 08:10 63641                      /tmp/liburing2305282037512479648.so
7fa1d003d000-7fa1d003f000 r-xp 00002000 08:10 63641                      /tmp/liburing2305282037512479648.so
7fa1d003f000-7fa1d0040000 r--p 00004000 08:10 63641                      /tmp/liburing2305282037512479648.so
7fa1d0040000-7fa1d0041000 r--p 00004000 08:10 63641                      /tmp/liburing2305282037512479648.so
7fa1d0041000-7fa1d0042000 rw-p 00005000 08:10 63641                      /tmp/liburing2305282037512479648.so
7fa1d0042000-7fa1d0073000 rw-p 00000000 00:00 0 
7fa1d0073000-7fa1d00a5000 r--p 00000000 08:10 37753                      /usr/lib/locale/C.UTF-8/LC_CTYPE
7fa1d00a5000-7fa1d01c2000 rw-p 00000000 00:00 0 
7fa1d01c2000-7fa1d01c3000 rw-s 10000000 00:0c 18571                      anon_inode:[io_uring]
7fa1d01c3000-7fa1d01c4000 rw-s 00000000 00:0c 18571                      anon_inode:[io_uring]
7fa1d01c4000-7fa1d01c5000 r-xp 00000000 08:10 54139                      /home/dreamlike/jdk-19/lib/libsyslookup.so
7fa1d01c5000-7fa1d01c6000 r--p 00000000 08:10 54139                      /home/dreamlike/jdk-19/lib/libsyslookup.so
7fa1d01c6000-7fa1d01c7000 rw-p 00001000 08:10 54139                      /home/dreamlike/jdk-19/lib/libsyslookup.so
7fa1d01c7000-7fa1d01d5000 r-xp 00000000 08:10 47087                      /home/dreamlike/jdk-19/lib/libnet.so
7fa1d01d5000-7fa1d01d6000 r--p 0000d000 08:10 47087                      /home/dreamlike/jdk-19/lib/libnet.so
7fa1d01d6000-7fa1d01d7000 rw-p 0000e000 08:10 47087                      /home/dreamlike/jdk-19/lib/libnet.so
7fa1d01d7000-7fa1d01ea000 r-xp 00000000 08:10 47088                      /home/dreamlike/jdk-19/lib/libnio.so
7fa1d01ea000-7fa1d01eb000 r--p 00012000 08:10 47088                      /home/dreamlike/jdk-19/lib/libnio.so
7fa1d01eb000-7fa1d01ec000 rw-p 00013000 08:10 47088                      /home/dreamlike/jdk-19/lib/libnio.so
7fa1d01ec000-7fa1d01f1000 r-xp 00000000 08:10 47054                      /home/dreamlike/jdk-19/lib/libdt_socket.so
7fa1d01f1000-7fa1d01f2000 r--p 00004000 08:10 47054                      /home/dreamlike/jdk-19/lib/libdt_socket.so
7fa1d01f2000-7fa1d01f3000 rw-p 00005000 08:10 47054                      /home/dreamlike/jdk-19/lib/libdt_socket.so
7fa1d01f3000-7fa1d01f4000 r--p 00000000 08:10 37759                      /usr/lib/locale/C.UTF-8/LC_NUMERIC
7fa1d01f4000-7fa1d01fb000 r--s 00000000 08:10 41114                      /usr/lib/x86_64-linux-gnu/gconv/gconv-modules.cache
7fa1d01fb000-7fa1d01fc000 ---p 00000000 00:00 0 
7fa1d01fc000-7fa1d02fd000 rw-p 00000000 00:00 0 
7fa1d02fd000-7fa1d02fe000 ---p 00000000 00:00 0 
7fa1d02fe000-7fa1d3020000 rw-p 00000000 00:00 0 
7fa1d3020000-7fa1d5e70000 ---p 00000000 00:00 0 
7fa1d5e70000-7fa1d6198000 rw-p 00000000 00:00 0 
7fa1d6198000-7fa1d8fe8000 ---p 00000000 00:00 0 
7fa1d8fe8000-7fa1d8ff8000 rw-p 00000000 00:00 0 
7fa1d8ff8000-7fa1d9268000 rwxp 00000000 00:00 0 
7fa1d9268000-7fa1e052f000 ---p 00000000 00:00 0 
7fa1e052f000-7fa1e079f000 rwxp 00000000 00:00 0 
7fa1e079f000-7fa1e0ac1000 ---p 00000000 00:00 0 
7fa1e0ac1000-7fa1e0d31000 rwxp 00000000 00:00 0 
7fa1e0d31000-7fa1e7ff8000 ---p 00000000 00:00 0 
7fa1e7ff8000-7fa1f0000000 r--s 00000000 08:10 54238                      /home/dreamlike/jdk-19/lib/modules
7fa1f0000000-7fa1f02d3000 rw-p 00000000 00:00 0 
7fa1f02d3000-7fa1f4000000 ---p 00000000 00:00 0 
7fa1f4000000-7fa1f4001000 r--p 00000000 08:10 37762                      /usr/lib/locale/C.UTF-8/LC_TIME
7fa1f4001000-7fa1f4102000 rw-p 00000000 00:00 0 
7fa1f4102000-7fa1f4103000 ---p 00000000 00:00 0 
7fa1f4103000-7fa1f4204000 rw-p 00000000 00:00 0 
7fa1f4204000-7fa1f4205000 ---p 00000000 00:00 0 
7fa1f4205000-7fa1f4306000 rw-p 00000000 00:00 0 
7fa1f4306000-7fa1f4307000 ---p 00000000 00:00 0 
7fa1f4307000-7fa1f44d2000 rw-p 00000000 00:00 0 
7fa1f44d2000-7fa1f4a9c000 ---p 00000000 00:00 0 
7fa1f4a9c000-7fa1f4b01000 rw-p 00000000 00:00 0 
7fa1f4b01000-7fa1f50cb000 ---p 00000000 00:00 0 
7fa1f50cb000-7fa1f5130000 rw-p 00000000 00:00 0 
7fa1f5130000-7fa1f56fa000 ---p 00000000 00:00 0 
7fa1f56fa000-7fa1f610b000 rw-p 00000000 00:00 0 
7fa1f610b000-7fa1f61f1000 ---p 00000000 00:00 0 
7fa1f61f1000-7fa1f61f6000 rw-p 00000000 00:00 0 
7fa1f61f6000-7fa1f62dc000 ---p 00000000 00:00 0 
7fa1f62dc000-7fa1f62e1000 rw-p 00000000 00:00 0 
7fa1f62e1000-7fa1f62e8000 ---p 00000000 00:00 0 
7fa1f62e8000-7fa1f62eb000 r--p 00000000 08:10 40853                      /usr/lib/x86_64-linux-gnu/libnss_files-2.31.so
7fa1f62eb000-7fa1f62f2000 r-xp 00003000 08:10 40853                      /usr/lib/x86_64-linux-gnu/libnss_files-2.31.so
7fa1f62f2000-7fa1f62f4000 r--p 0000a000 08:10 40853                      /usr/lib/x86_64-linux-gnu/libnss_files-2.31.so
7fa1f62f4000-7fa1f62f5000 r--p 0000b000 08:10 40853                      /usr/lib/x86_64-linux-gnu/libnss_files-2.31.so
7fa1f62f5000-7fa1f62f6000 rw-p 0000c000 08:10 40853                      /usr/lib/x86_64-linux-gnu/libnss_files-2.31.so
7fa1f62f6000-7fa1f62fc000 rw-p 00000000 00:00 0 
7fa1f62fc000-7fa1f62fd000 r--p 00000000 08:10 37757                      /usr/lib/locale/C.UTF-8/LC_MONETARY
7fa1f62fd000-7fa1f6305000 rw-s 00000000 08:10 49831                      /tmp/hsperfdata_dreamlike/16878
7fa1f6305000-7fa1f632b000 r-xp 00000000 08:10 47065                      /home/dreamlike/jdk-19/lib/libjava.so
7fa1f632b000-7fa1f632c000 r--p 00025000 08:10 47065                      /home/dreamlike/jdk-19/lib/libjava.so
7fa1f632c000-7fa1f632d000 rw-p 00026000 08:10 47065                      /home/dreamlike/jdk-19/lib/libjava.so
7fa1f632d000-7fa1f632e000 rw-p 00000000 00:00 0 
7fa1f632e000-7fa1f636e000 r-xp 00000000 08:10 47071                      /home/dreamlike/jdk-19/lib/libjdwp.so
7fa1f636e000-7fa1f636f000 r--p 0003f000 08:10 47071                      /home/dreamlike/jdk-19/lib/libjdwp.so
7fa1f636f000-7fa1f6370000 rw-p 00040000 08:10 47071                      /home/dreamlike/jdk-19/lib/libjdwp.so
7fa1f6370000-7fa1f6371000 rw-p 00000000 00:00 0 
7fa1f6371000-7fa1f638c000 r-xp 00000000 08:10 47072                      /home/dreamlike/jdk-19/lib/libjimage.so
7fa1f638c000-7fa1f638d000 ---p 0001b000 08:10 47072                      /home/dreamlike/jdk-19/lib/libjimage.so
7fa1f638d000-7fa1f638f000 r--p 0001b000 08:10 47072                      /home/dreamlike/jdk-19/lib/libjimage.so
7fa1f638f000-7fa1f6390000 rw-p 0001d000 08:10 47072                      /home/dreamlike/jdk-19/lib/libjimage.so
7fa1f6390000-7fa1f6394000 ---p 00000000 00:00 0 
7fa1f6394000-7fa1f6491000 rw-p 00000000 00:00 0 
7fa1f6491000-7fa1f649e000 r--p 00000000 08:10 40847                      /usr/lib/x86_64-linux-gnu/libm-2.31.so
7fa1f649e000-7fa1f6545000 r-xp 0000d000 08:10 40847                      /usr/lib/x86_64-linux-gnu/libm-2.31.so
7fa1f6545000-7fa1f65de000 r--p 000b4000 08:10 40847                      /usr/lib/x86_64-linux-gnu/libm-2.31.so
7fa1f65de000-7fa1f65df000 r--p 0014c000 08:10 40847                      /usr/lib/x86_64-linux-gnu/libm-2.31.so
7fa1f65df000-7fa1f65e0000 rw-p 0014d000 08:10 40847                      /usr/lib/x86_64-linux-gnu/libm-2.31.so
7fa1f65e0000-7fa1f65e2000 r--p 00000000 08:10 40860                      /usr/lib/x86_64-linux-gnu/librt-2.31.so
7fa1f65e2000-7fa1f65e6000 r-xp 00002000 08:10 40860                      /usr/lib/x86_64-linux-gnu/librt-2.31.so
7fa1f65e6000-7fa1f65e8000 r--p 00006000 08:10 40860                      /usr/lib/x86_64-linux-gnu/librt-2.31.so
7fa1f65e8000-7fa1f65e9000 r--p 00007000 08:10 40860                      /usr/lib/x86_64-linux-gnu/librt-2.31.so
7fa1f65e9000-7fa1f65ea000 rw-p 00008000 08:10 40860                      /usr/lib/x86_64-linux-gnu/librt-2.31.so
7fa1f65ea000-7fa1f77f3000 r-xp 00000000 08:10 54490                      /home/dreamlike/jdk-19/lib/server/libjvm.so
7fa1f77f3000-7fa1f78bd000 r--p 01208000 08:10 54490                      /home/dreamlike/jdk-19/lib/server/libjvm.so
7fa1f78bd000-7fa1f78f2000 rw-p 012d2000 08:10 54490                      /home/dreamlike/jdk-19/lib/server/libjvm.so
7fa1f78f2000-7fa1f7950000 rw-p 00000000 00:00 0 
7fa1f7950000-7fa1f7972000 r--p 00000000 08:10 40844                      /usr/lib/x86_64-linux-gnu/libc-2.31.so
7fa1f7972000-7fa1f7aea000 r-xp 00022000 08:10 40844                      /usr/lib/x86_64-linux-gnu/libc-2.31.so
7fa1f7aea000-7fa1f7b38000 r--p 0019a000 08:10 40844                      /usr/lib/x86_64-linux-gnu/libc-2.31.so
7fa1f7b38000-7fa1f7b3c000 r--p 001e7000 08:10 40844                      /usr/lib/x86_64-linux-gnu/libc-2.31.so
7fa1f7b3c000-7fa1f7b3e000 rw-p 001eb000 08:10 40844                      /usr/lib/x86_64-linux-gnu/libc-2.31.so
7fa1f7b3e000-7fa1f7b42000 rw-p 00000000 00:00 0 
7fa1f7b42000-7fa1f7b43000 r--p 00000000 08:10 40846                      /usr/lib/x86_64-linux-gnu/libdl-2.31.so
7fa1f7b43000-7fa1f7b45000 r-xp 00001000 08:10 40846                      /usr/lib/x86_64-linux-gnu/libdl-2.31.so
7fa1f7b45000-7fa1f7b46000 r--p 00003000 08:10 40846                      /usr/lib/x86_64-linux-gnu/libdl-2.31.so
7fa1f7b46000-7fa1f7b47000 r--p 00003000 08:10 40846                      /usr/lib/x86_64-linux-gnu/libdl-2.31.so
7fa1f7b47000-7fa1f7b48000 rw-p 00004000 08:10 40846                      /usr/lib/x86_64-linux-gnu/libdl-2.31.so
7fa1f7b48000-7fa1f7b4e000 r--p 00000000 08:10 40858                      /usr/lib/x86_64-linux-gnu/libpthread-2.31.so
7fa1f7b4e000-7fa1f7b5f000 r-xp 00006000 08:10 40858                      /usr/lib/x86_64-linux-gnu/libpthread-2.31.so
7fa1f7b5f000-7fa1f7b65000 r--p 00017000 08:10 40858                      /usr/lib/x86_64-linux-gnu/libpthread-2.31.so
7fa1f7b65000-7fa1f7b66000 r--p 0001c000 08:10 40858                      /usr/lib/x86_64-linux-gnu/libpthread-2.31.so
7fa1f7b66000-7fa1f7b67000 rw-p 0001d000 08:10 40858                      /usr/lib/x86_64-linux-gnu/libpthread-2.31.so
7fa1f7b67000-7fa1f7b6b000 rw-p 00000000 00:00 0 
7fa1f7b6b000-7fa1f7b79000 r-xp 00000000 08:10 47073                      /home/dreamlike/jdk-19/lib/libjli.so
7fa1f7b79000-7fa1f7b7a000 ---p 0000e000 08:10 47073                      /home/dreamlike/jdk-19/lib/libjli.so
7fa1f7b7a000-7fa1f7b7b000 r--p 0000e000 08:10 47073                      /home/dreamlike/jdk-19/lib/libjli.so
7fa1f7b7b000-7fa1f7b7c000 rw-p 0000f000 08:10 47073                      /home/dreamlike/jdk-19/lib/libjli.so
7fa1f7b7c000-7fa1f7b7e000 r--p 00000000 08:10 27415                      /usr/lib/x86_64-linux-gnu/libz.so.1.2.11
7fa1f7b7e000-7fa1f7b8f000 r-xp 00002000 08:10 27415                      /usr/lib/x86_64-linux-gnu/libz.so.1.2.11
7fa1f7b8f000-7fa1f7b95000 r--p 00013000 08:10 27415                      /usr/lib/x86_64-linux-gnu/libz.so.1.2.11
7fa1f7b95000-7fa1f7b96000 ---p 00019000 08:10 27415                      /usr/lib/x86_64-linux-gnu/libz.so.1.2.11
7fa1f7b96000-7fa1f7b97000 r--p 00019000 08:10 27415                      /usr/lib/x86_64-linux-gnu/libz.so.1.2.11
7fa1f7b97000-7fa1f7b98000 rw-p 0001a000 08:10 27415                      /usr/lib/x86_64-linux-gnu/libz.so.1.2.11
7fa1f7b98000-7fa1f7b9a000 rw-p 00000000 00:00 0 
7fa1f7b9a000-7fa1f7b9b000 r--p 00000000 08:10 37763                      /usr/lib/locale/C.UTF-8/LC_MESSAGES/SYS_LC_MESSAGES
7fa1f7b9b000-7fa1f7b9c000 r--p 00000000 08:10 37760                      /usr/lib/locale/C.UTF-8/LC_PAPER
7fa1f7b9c000-7fa1f7b9d000 r--p 00000000 08:10 37758                      /usr/lib/locale/C.UTF-8/LC_NAME
7fa1f7b9d000-7fa1f7b9e000 r--p 00000000 08:10 37751                      /usr/lib/locale/C.UTF-8/LC_ADDRESS
7fa1f7b9e000-7fa1f7b9f000 r--p 00000000 08:10 37761                      /usr/lib/locale/C.UTF-8/LC_TELEPHONE
7fa1f7b9f000-7fa1f7ba0000 r--p 00000000 08:10 37755                      /usr/lib/locale/C.UTF-8/LC_MEASUREMENT
7fa1f7ba0000-7fa1f7ba1000 r--p 00000000 08:10 37754                      /usr/lib/locale/C.UTF-8/LC_IDENTIFICATION
7fa1f7ba1000-7fa1f7ba2000 ---p 00000000 00:00 0 
7fa1f7ba2000-7fa1f7ba3000 r--p 00000000 00:00 0 
7fa1f7ba3000-7fa1f7ba4000 r--p 00000000 08:10 40835                      /usr/lib/x86_64-linux-gnu/ld-2.31.so
7fa1f7ba4000-7fa1f7bc7000 r-xp 00001000 08:10 40835                      /usr/lib/x86_64-linux-gnu/ld-2.31.so
7fa1f7bc7000-7fa1f7bcf000 r--p 00024000 08:10 40835                      /usr/lib/x86_64-linux-gnu/ld-2.31.so
7fa1f7bcf000-7fa1f7bd0000 ---p 00000000 00:00 0 
7fa1f7bd0000-7fa1f7bd1000 r--p 0002c000 08:10 40835                      /usr/lib/x86_64-linux-gnu/ld-2.31.so
7fa1f7bd1000-7fa1f7bd2000 rw-p 0002d000 08:10 40835                      /usr/lib/x86_64-linux-gnu/ld-2.31.so
7fa1f7bd2000-7fa1f7bd3000 rw-p 00000000 00:00 0 
7fffaa659000-7fffaa67a000 rw-p 00000000 00:00 0                          [stack]
7fffaa76c000-7fffaa770000 r--p 00000000 00:00 0                          [vvar]
7fffaa770000-7fffaa771000 r-xp 00000000 00:00 0                          [vdso]


VM Arguments:
jvm_args: -agentlib:jdwp=transport=dt_socket,address=0.0.0.0:12345,suspend=y,server=y --enable-preview -Dfile.encoding=UTF-8 -Dsun.stdout.encoding=UTF-8 -Dsun.stderr.encoding=UTF-8 
java_command: iouring.FileOp
java_class_path (initial): /home/dreamlike/uringDemo/example/target/classes:/home/dreamlike/uringDemo/panama-uring/target/classes:/home/dreamlike/.m2/repository/org/jctools/jctools-core/4.0.1/jctools-core-4.0.1.jar:/mnt/c/Users/asus/AppData/Local/JetBrains/Toolbox/apps/IDEA-U/ch-0/222.3739.54/lib/idea_rt.jar
Launcher Type: SUN_STANDARD

[Global flags]
     intx CICompilerCount                          = 4                                         {product} {ergonomic}
     uint ConcGCThreads                            = 3                                         {product} {ergonomic}
     uint G1ConcRefinementThreads                  = 10                                        {product} {ergonomic}
   size_t G1HeapRegionSize                         = 2097152                                   {product} {ergonomic}
    uintx GCDrainStackTargetSize                   = 64                                        {product} {ergonomic}
   size_t InitialHeapSize                          = 207618048                                 {product} {ergonomic}
   size_t MarkStackSize                            = 4194304                                   {product} {ergonomic}
   size_t MaxHeapSize                              = 3319791616                                {product} {ergonomic}
   size_t MaxNewSize                               = 1990197248                                {product} {ergonomic}
   size_t MinHeapDeltaBytes                        = 2097152                                   {product} {ergonomic}
   size_t MinHeapSize                              = 8388608                                   {product} {ergonomic}
    uintx NonNMethodCodeHeapSize                   = 5839372                                {pd product} {ergonomic}
    uintx NonProfiledCodeHeapSize                  = 122909434                              {pd product} {ergonomic}
    uintx ProfiledCodeHeapSize                     = 122909434                              {pd product} {ergonomic}
    uintx ReservedCodeCacheSize                    = 251658240                              {pd product} {ergonomic}
     bool SegmentedCodeCache                       = true                                      {product} {ergonomic}
   size_t SoftMaxHeapSize                          = 3319791616                             {manageable} {ergonomic}
     bool UseCompressedClassPointers               = true                           {product lp64_product} {ergonomic}
     bool UseCompressedOops                        = true                           {product lp64_product} {ergonomic}
     bool UseG1GC                                  = true                                      {product} {ergonomic}

Logging:
Log output configuration:
 #0: stdout all=warning uptime,level,tags foldmultilines=false
 #1: stderr all=off uptime,level,tags foldmultilines=false

Environment Variables:
PATH=/usr/local/sbin:/usr/local/bin:/usr/sbin:/usr/bin:/sbin:/bin:/usr/games:/usr/local/games:/usr/lib/wsl/lib:/mnt/c/Program Files (x86)/Intel/Intel(R) Management Engine Components/iCLS/:/mnt/c/Program Files/Intel/Intel(R) Management Engine Components/iCLS/:/mnt/c/Windows/system32:/mnt/c/Windows:/mnt/c/Windows/System32/Wbem:/mnt/c/Windows/System32/WindowsPowerShell/v1.0/:/mnt/c/Windows/System32/OpenSSH/:/mnt/c/Program Files (x86)/Intel/Intel(R) Management Engine Components/DAL:/mnt/c/Program Files/Intel/Intel(R) Management Engine Components/DAL:/mnt/c/Program Files (x86)/NVIDIA Corporation/PhysX/Common:/mnt/d/mysql-5.7.32-winx64/mysql-5.7.32-winx64:/mnt/c/WINDOWS/system32:/mnt/c/WINDOWS:/mnt/c/WINDOWS/System32/Wbem:/mnt/c/WINDOWS/System32/WindowsPowerShell/v1.0/:/mnt/c/WINDOWS/System32/OpenSSH/:/mnt/c/Program Files/NVIDIA Corporation/NVIDIA NvDLISR:/mnt/d/apache-maven-3.8.4/bin:/mnt/c/Users/asus/Downloads/jdk-19/bin:/mnt/c/Program Files/Bandizip/:/mnt/c/Program Files/dotnet/:/mnt/c/Program Files/Git/cmd:/mnt/d/mysql-5.7.32-winx64/mysql-5.7.32-winx64/bin:/mnt/c/Users/asus/.cargo/bin:/mnt/c/Users/asus/AppData/Local/Microsoft/WindowsApps:/mnt/c/Users/asus/AppData/Local/JetBrains/Toolbox/scripts
SHELL=/bin/sh
HOSTTYPE=x86_64
LANG=C.UTF-8
TERM=xterm-256color

Active Locale:
LC_ALL=C.UTF-8
LC_COLLATE=C.UTF-8
LC_CTYPE=C.UTF-8
LC_MESSAGES=C.UTF-8
LC_MONETARY=C.UTF-8
LC_NUMERIC=C.UTF-8
LC_TIME=C.UTF-8

Signal Handlers:
   SIGSEGV: crash_handler in libjvm.so, mask=11100100010111111101111111111110, flags=SA_RESTART|SA_SIGINFO
    SIGBUS: crash_handler in libjvm.so, mask=11100100010111111101111111111110, flags=SA_RESTART|SA_SIGINFO
    SIGFPE: crash_handler in libjvm.so, mask=11100100010111111101111111111110, flags=SA_RESTART|SA_SIGINFO
   SIGPIPE: javaSignalHandler in libjvm.so, mask=11100100010111111101111111111110, flags=SA_RESTART|SA_SIGINFO
   SIGXFSZ: javaSignalHandler in libjvm.so, mask=11100100010111111101111111111110, flags=SA_RESTART|SA_SIGINFO
    SIGILL: crash_handler in libjvm.so, mask=11100100010111111101111111111110, flags=SA_RESTART|SA_SIGINFO
   SIGUSR2: SR_handler in libjvm.so, mask=00000000000000000000000000000000, flags=SA_RESTART|SA_SIGINFO
    SIGHUP: UserHandler in libjvm.so, mask=11100100010111111101111111111110, flags=SA_RESTART|SA_SIGINFO
    SIGINT: UserHandler in libjvm.so, mask=11100100010111111101111111111110, flags=SA_RESTART|SA_SIGINFO
   SIGTERM: UserHandler in libjvm.so, mask=11100100010111111101111111111110, flags=SA_RESTART|SA_SIGINFO
   SIGQUIT: UserHandler in libjvm.so, mask=11100100010111111101111111111110, flags=SA_RESTART|SA_SIGINFO
   SIGTRAP: crash_handler in libjvm.so, mask=11100100010111111101111111111110, flags=SA_RESTART|SA_SIGINFO


---------------  S Y S T E M  ---------------

OS:
DISTRIB_ID=Ubuntu
DISTRIB_RELEASE=20.04
DISTRIB_CODENAME=focal
DISTRIB_DESCRIPTION="Ubuntu 20.04.3 LTS"
uname: Linux 5.10.102.1-microsoft-standard-WSL2 #1 SMP Wed Mar 2 00:30:59 UTC 2022 x86_64
OS uptime: 0 days 1:00 hours
libc: glibc 2.31 NPTL 2.31 
rlimit (soft/hard): STACK 8192k/infinity , CORE 0k/infinity , NPROC 50613/50613 , NOFILE 4096/4096 , AS infinity/infinity , CPU infinity/infinity , DATA infinity/infinity , FSIZE infinity/infinity , MEMLOCK 64k/64k
load average: 0.16 0.20 0.17

/proc/meminfo:
MemTotal:       12961960 kB
MemFree:        12332104 kB
MemAvailable:   12306524 kB
Buffers:           19220 kB
Cached:           178196 kB
SwapCached:            0 kB
Active:           136360 kB
Inactive:         340652 kB
Active(anon):         96 kB
Inactive(anon):   279568 kB
Active(file):     136264 kB
Inactive(file):    61084 kB
Unevictable:           0 kB
Mlocked:               0 kB
SwapTotal:       4194304 kB
SwapFree:        4194304 kB
Dirty:                48 kB
Writeback:             0 kB
AnonPages:        278964 kB
Mapped:            35576 kB
Shmem:                64 kB
KReclaimable:      25660 kB
Slab:              57908 kB
SReclaimable:      25660 kB
SUnreclaim:        32248 kB
KernelStack:        4336 kB
PageTables:         2356 kB
NFS_Unstable:          0 kB
Bounce:                0 kB
WritebackTmp:          0 kB
CommitLimit:    10675284 kB
Committed_AS:    1057304 kB
VmallocTotal:   34359738367 kB
VmallocUsed:       25112 kB
VmallocChunk:          0 kB
Percpu:             5376 kB
AnonHugePages:    163840 kB
ShmemHugePages:        0 kB
ShmemPmdMapped:        0 kB
FileHugePages:         0 kB
FilePmdMapped:         0 kB
HugePages_Total:       0
HugePages_Free:        0
HugePages_Rsvd:        0
HugePages_Surp:        0
Hugepagesize:       2048 kB
Hugetlb:               0 kB
DirectMap4k:       17408 kB
DirectMap2M:     3846144 kB
DirectMap1G:     9437184 kB

/sys/kernel/mm/transparent_hugepage/enabled: [always] madvise never
/sys/kernel/mm/transparent_hugepage/defrag (defrag/compaction efforts parameter): always defer defer+madvise [madvise] never

Process Memory:
Virtual Size: 6425896K (peak: 6487308K)
Resident Set Size: 59768K (peak: 59768K) (anon: 32716K, file: 27052K, shmem: 0K)
Swapped out: 0K
C-Heap outstanding allocations: 29377K, retained: 5354K
glibc malloc tunables: (default)

/proc/sys/kernel/threads-max (system-wide limit on the number of threads): 101226
/proc/sys/vm/max_map_count (maximum number of memory map areas a process may have): 65530
/proc/sys/kernel/pid_max (system-wide limit on number of process identifiers): 32768

container (cgroup) information:
container_type: cgroupv1
cpu_cpuset_cpus: 0-11
cpu_memory_nodes: 0
active_processor_count: 12
cpu_quota: no quota
cpu_period: 100000
cpu_shares: no shares
memory_limit_in_bytes: unlimited
memory_and_swap_limit_in_bytes: unlimited
memory_soft_limit_in_bytes: unlimited
memory_usage_in_bytes: 475652 k
memory_max_usage_in_bytes: 740068 k
maximum number of tasks: not supported
current number of tasks: not supported

Hyper-V virtualization detected
Steal ticks since vm start: 0
Steal ticks percentage since vm start:  0.000

CPU: total 12 (initial active 12) (8 cores per cpu, 2 threads per core) family 6 model 158 stepping 10 microcode 0xffffffff, cx8, cmov, fxsr, ht, mmx, 3dnowpref, sse, sse2, sse3, ssse3, sse4.1, sse4.2, popcnt, lzcnt, tsc, avx, avx2, aes, erms, clmul, bmi1, bmi2, adx, fma, vzeroupper, clflush, clflushopt, hv, rdtscp
CPU Model and flags from /proc/cpuinfo:
model name	: Intel(R) Core(TM) i7-8750H CPU @ 2.20GHz
flags		: fpu vme de pse tsc msr pae mce cx8 apic sep mtrr pge mca cmov pat pse36 clflush mmx fxsr sse sse2 ss ht syscall nx pdpe1gb rdtscp lm constant_tsc rep_good nopl xtopology cpuid pni pclmulqdq ssse3 fma cx16 pcid sse4_1 sse4_2 movbe popcnt aes xsave avx f16c rdrand hypervisor lahf_lm abm 3dnowprefetch invpcid_single pti ssbd ibrs ibpb stibp fsgsbase bmi1 avx2 smep bmi2 erms invpcid rdseed adx smap clflushopt xsaveopt xsavec xgetbv1 xsaves flush_l1d arch_capabilities

Online cpus: 0-11
Offline cpus: 
BIOS frequency limitation: <Not Available>
Frequency switch latency (ns): <Not Available>
Available cpu frequencies: <Not Available>
Current governor: <Not Available>
Core performance/turbo boost: <Not Available>

Memory: 4k page, physical 12961960k(12332104k free), swap 4194304k(4194304k free)
Page Sizes: 4k

vm_info: OpenJDK 64-Bit Server VM (19+36-2238) for linux-amd64 JRE (19+36-2238), built on 2022-08-12T20:29:01Z by "mach5one" with gcc 11.2.0

END.
